<?xml version="1.0" encoding="UTF-8"?>
<!-- Generated by org.testng.reporters.JUnitReportReporter -->
<testsuite hostname="A3864L" failures="0" tests="287" name="com.iselect.tests.GlobalHomePageTest" time="4625.187" errors="8" timestamp="2021-12-20T17:43:08 IST" skipped="0">
  <testcase classname="com.iselect.tests.GlobalHomePageTest" name="testHomeLoansBtnInPopular" time="15.544"/>
  <system-out/>
  <testcase classname="com.iselect.tests.GlobalHomePageTest" name="testTypesOfLifeInsuranceInLifeSection" time="15.643"/>
  <system-out/>
  <testcase classname="com.iselect.tests.GlobalHomePageTest" name="testCompareLifeInsuranceBtnInLifeSection" time="15.286"/>
  <system-out/>
  <testcase classname="com.iselect.tests.GlobalHomePageTest" name="testTipsForFirstTimeDrivers" time="14.559"/>
  <system-out/>
  <testcase classname="com.iselect.tests.GlobalHomePageTest" name="testclickOnWhatIsDogInsurance" time="13.888"/>
  <system-out/>
  <testcase classname="com.iselect.tests.GlobalHomePageTest" name="testCarInsuranceSA" time="13.834"/>
  <system-out/>
  <testcase classname="com.iselect.tests.GlobalHomePageTest" name="testMakingAClaimAfterAccident" time="14.366"/>
  <system-out/>
  <testcase classname="com.iselect.tests.GlobalHomePageTest" name="testCarInsuranceNSW" time="17.804"/>
  <system-out/>
  <testcase classname="com.iselect.tests.GlobalHomePageTest" name="testLifeInsCalcInLifeSection" time="14.419"/>
  <system-out/>
  <testcase classname="com.iselect.tests.GlobalHomePageTest" name="testclickOnMovingHouseInBottomMenu" time="12.691"/>
  <system-out/>
  <testcase classname="com.iselect.tests.GlobalHomePageTest" name="testHospitalWaitingPeriodsBtnInHealth" time="14.932"/>
  <system-out/>
  <testcase classname="com.iselect.tests.GlobalHomePageTest" name="testUtilitiesBtnThenInternetBtnInit" time="13.983"/>
  <system-out/>
  <testcase classname="com.iselect.tests.GlobalHomePageTest" name="testHealthInsurancePartnerOfYearImg" time="12.189"/>
  <system-out/>
  <testcase classname="com.iselect.tests.GlobalHomePageTest" name="testClickOnHowToHandleHighElecBill" time="15.739"/>
  <system-out/>
  <testcase classname="com.iselect.tests.GlobalHomePageTest" name="testclickOnBusinessInBottomMenu" time="12.989"/>
  <system-out/>
  <testcase classname="com.iselect.tests.GlobalHomePageTest" name="testclickOnElecAndGasInBottomMenu" time="13.224"/>
  <system-out/>
  <testcase classname="com.iselect.tests.GlobalHomePageTest" name="testclickOnEasyWaysToReduceElecBill" time="14.639"/>
  <system-out/>
  <testcase classname="com.iselect.tests.GlobalHomePageTest" name="testCarInsuranceGlossary" time="14.649"/>
  <system-out/>
  <testcase classname="com.iselect.tests.GlobalHomePageTest" name="testSwitchingCarInsurancebtn" time="14.759"/>
  <system-out/>
  <testcase classname="com.iselect.tests.GlobalHomePageTest" name="testPregnancyAndNewBornCoverBtnInHealth" time="14.974"/>
  <system-out/>
  <testcase classname="com.iselect.tests.GlobalHomePageTest" name="testFamilyCoverBtnInHealth" time="15.115"/>
  <system-out/>
  <testcase classname="com.iselect.tests.GlobalHomePageTest" name="testReadMoreButtonOnLHCLoadingTile" time="18.762"/>
  <system-out/>
  <testcase classname="com.iselect.tests.GlobalHomePageTest" name="testSinglesCoverBtnInHealth" time="15.845"/>
  <system-out/>
  <testcase classname="com.iselect.tests.GlobalHomePageTest" name="testclickOnBroadBandPlansBtn" time="16.320"/>
  <system-out/>
  <testcase classname="com.iselect.tests.GlobalHomePageTest" name="testclickOnMobilePhoneTipsBtn" time="13.822"/>
  <system-out/>
  <testcase classname="com.iselect.tests.GlobalHomePageTest" name="testMovingHouseBtnInHomeAndContents" time="14.124"/>
  <system-out/>
  <testcase classname="com.iselect.tests.GlobalHomePageTest" name="testLifeInsuranceGlossary" time="14.500"/>
  <system-out/>
  <testcase classname="com.iselect.tests.GlobalHomePageTest" name="testMLCIncomeProtection" time="15.228"/>
  <system-out/>
  <testcase classname="com.iselect.tests.GlobalHomePageTest" name="testReadMoreButtonOnFindingSuitableInsCoverTile" time="15.421"/>
  <system-out/>
  <testcase classname="com.iselect.tests.GlobalHomePageTest" name="testInsuranceBtnThenLifeInsuranceBtnInit" time="12.848"/>
  <system-out/>
  <testcase classname="com.iselect.tests.GlobalHomePageTest" name="testRefinancehomeloans" time="17.389"/>
  <system-out/>
  <testcase classname="com.iselect.tests.GlobalHomePageTest" name="testclickOnwhatIsCatInsurance" time="14.350"/>
  <system-out/>
  <testcase classname="com.iselect.tests.GlobalHomePageTest" name="testAmbulanceCoverBtnInHealth" time="15.076"/>
  <system-out/>
  <testcase classname="com.iselect.tests.GlobalHomePageTest" name="testLifeInsuranceBtnInPopular" time="10.944"/>
  <system-out/>
  <testcase classname="com.iselect.tests.GlobalHomePageTest" name="testclickOnNBNPlansBtn" time="17.806"/>
  <system-out/>
  <testcase classname="com.iselect.tests.GlobalHomePageTest" name="testclickOnMovingWithYourPartner" time="13.846"/>
  <system-out/>
  <testcase classname="com.iselect.tests.GlobalHomePageTest" name="testUtilitiesBtnThenMobilePlansBtnInit" time="13.739"/>
  <system-out/>
  <testcase classname="com.iselect.tests.GlobalHomePageTest" name="testclickOnFindTheBestEnergyPlan" time="14.926"/>
  <system-out/>
  <testcase classname="com.iselect.tests.GlobalHomePageTest" name="testclickOnHomeLoanAppCheckListbtn" time="16.260"/>
  <system-out/>
  <testcase classname="com.iselect.tests.GlobalHomePageTest" name="testclickOnBenefitsOfHavingOVC" time="13.677"/>
  <system-out/>
  <testcase classname="com.iselect.tests.GlobalHomePageTest" name="testclickOnPrivacyPolicy" time="11.397"/>
  <system-out/>
  <testcase classname="com.iselect.tests.GlobalHomePageTest" name="testIncomeProtectionCalcInLifeSection" time="14.647"/>
  <system-out/>
  <testcase classname="com.iselect.tests.GlobalHomePageTest" name="testclickOnCheapInternetBtn" time="16.749"/>
  <system-out/>
  <testcase classname="com.iselect.tests.GlobalHomePageTest" name="testIncomeProtectionInsurancevsMortgageProtection" time="14.204"/>
  <system-out/>
  <testcase classname="com.iselect.tests.GlobalHomePageTest" name="testHeadersInMainPage" time="22.133"/>
  <system-out/>
  <testcase classname="com.iselect.tests.GlobalHomePageTest" name="testHomeLoansFinanceButton" time="16.186"/>
  <system-out/>
  <testcase classname="com.iselect.tests.GlobalHomePageTest" name="testClickOnHowDoEnergyDiscountsWork" time="15.382"/>
  <system-out/>
  <testcase classname="com.iselect.tests.GlobalHomePageTest" name="testclickOnAHomeOwnersGuideToHomeAndContentsInsurance" time="15.350"/>
  <system-out/>
  <testcase classname="com.iselect.tests.GlobalHomePageTest" name="testclickOnInternetProvidersBtn" time="17.058"/>
  <system-out/>
  <testcase classname="com.iselect.tests.GlobalHomePageTest" name="testclickOnHomeAndContentsInBottomMenu" time="16.713"/>
  <system-out/>
  <testcase classname="com.iselect.tests.GlobalHomePageTest" name="testclickOnGetRightVetForYourPet" time="14.418"/>
  <system-out/>
  <testcase classname="com.iselect.tests.GlobalHomePageTest" name="testclickOnReviewingPetInsurance" time="14.350"/>
  <system-out/>
  <testcase classname="com.iselect.tests.GlobalHomePageTest" name="testCreditCardsBtnInFinanceButtonHover" time="44.057">
    <error message="no such element: Unable to locate element: {&quot;method&quot;:&quot;xpath&quot;,&quot;selector&quot;:&quot;//h1[text()=&#039;Compare Credit Cards*&#039;]&quot;}
  (Session info: headless chrome=96.0.4664.110)
For documentation on this error, please visit: https://selenium.dev/exceptions/#no_such_element
Build info: version: &#039;4.1.0&#039;, revision: &#039;87802e897b&#039;
System info: host: &#039;A3864L&#039;, ip: &#039;10.5.5.87&#039;, os.name: &#039;Windows 10&#039;, os.arch: &#039;amd64&#039;, os.version: &#039;10.0&#039;, java.version: &#039;17.0.1&#039;
Driver info: org.openqa.selenium.chrome.ChromeDriver
Command: [4840d748e87a826e49232b2c5f4ee37c, findElement {using=xpath, value=//h1[text()=&#039;Compare Credit Cards*&#039;]}]
Capabilities {acceptInsecureCerts: false, browserName: chrome, browserVersion: 96.0.4664.110, chrome: {chromedriverVersion: 96.0.4664.45 (76e4c1bb2ab46..., userDataDir: C:\Users\KARTHI~1.KAL\AppDa...}, goog:chromeOptions: {debuggerAddress: localhost:55600}, javascriptEnabled: true, networkConnectionEnabled: false, pageLoadStrategy: normal, platform: WINDOWS, platformName: WINDOWS, proxy: Proxy(), se:cdp: ws://localhost:55600/devtoo..., se:cdpVersion: 96.0.4664.110, setWindowRect: true, strictFileInteractability: false, timeouts: {implicit: 0, pageLoad: 300000, script: 30000}, unhandledPromptBehavior: dismiss and notify, webauthn:extension:credBlob: true, webauthn:extension:largeBlob: true, webauthn:virtualAuthenticators: true}
Session ID: 4840d748e87a826e49232b2c5f4ee37c" type="org.openqa.selenium.NoSuchElementException">
      <![CDATA[org.openqa.selenium.NoSuchElementException: no such element: Unable to locate element: {"method":"xpath","selector":"//h1[text()='Compare Credit Cards*']"}
  (Session info: headless chrome=96.0.4664.110)
For documentation on this error, please visit: https://selenium.dev/exceptions/#no_such_element
Build info: version: '4.1.0', revision: '87802e897b'
System info: host: 'A3864L', ip: '10.5.5.87', os.name: 'Windows 10', os.arch: 'amd64', os.version: '10.0', java.version: '17.0.1'
Driver info: org.openqa.selenium.chrome.ChromeDriver
Command: [4840d748e87a826e49232b2c5f4ee37c, findElement {using=xpath, value=//h1[text()='Compare Credit Cards*']}]
Capabilities {acceptInsecureCerts: false, browserName: chrome, browserVersion: 96.0.4664.110, chrome: {chromedriverVersion: 96.0.4664.45 (76e4c1bb2ab46..., userDataDir: C:\Users\KARTHI~1.KAL\AppDa...}, goog:chromeOptions: {debuggerAddress: localhost:55600}, javascriptEnabled: true, networkConnectionEnabled: false, pageLoadStrategy: normal, platform: WINDOWS, platformName: WINDOWS, proxy: Proxy(), se:cdp: ws://localhost:55600/devtoo..., se:cdpVersion: 96.0.4664.110, setWindowRect: true, strictFileInteractability: false, timeouts: {implicit: 0, pageLoad: 300000, script: 30000}, unhandledPromptBehavior: dismiss and notify, webauthn:extension:credBlob: true, webauthn:extension:largeBlob: true, webauthn:virtualAuthenticators: true}
Session ID: 4840d748e87a826e49232b2c5f4ee37c
at java.base/jdk.internal.reflect.NativeConstructorAccessorImpl.newInstance0(Native Method)
at java.base/jdk.internal.reflect.NativeConstructorAccessorImpl.newInstance(NativeConstructorAccessorImpl.java:77)
at java.base/jdk.internal.reflect.DelegatingConstructorAccessorImpl.newInstance(DelegatingConstructorAccessorImpl.java:45)
at java.base/java.lang.reflect.Constructor.newInstanceWithCaller(Constructor.java:499)
at java.base/java.lang.reflect.Constructor.newInstance(Constructor.java:480)
at org.openqa.selenium.remote.codec.w3c.W3CHttpResponseCodec.createException(W3CHttpResponseCodec.java:200)
at org.openqa.selenium.remote.codec.w3c.W3CHttpResponseCodec.decode(W3CHttpResponseCodec.java:133)
at org.openqa.selenium.remote.codec.w3c.W3CHttpResponseCodec.decode(W3CHttpResponseCodec.java:53)
at org.openqa.selenium.remote.HttpCommandExecutor.execute(HttpCommandExecutor.java:184)
at org.openqa.selenium.remote.service.DriverCommandExecutor.invokeExecute(DriverCommandExecutor.java:164)
at org.openqa.selenium.remote.service.DriverCommandExecutor.execute(DriverCommandExecutor.java:139)
at org.openqa.selenium.remote.RemoteWebDriver.execute(RemoteWebDriver.java:559)
at org.openqa.selenium.remote.ElementLocation$ElementFinder$2.findElement(ElementLocation.java:162)
at org.openqa.selenium.remote.ElementLocation.findElement(ElementLocation.java:60)
at org.openqa.selenium.remote.RemoteWebDriver.findElement(RemoteWebDriver.java:383)
at org.openqa.selenium.remote.RemoteWebDriver.findElement(RemoteWebDriver.java:375)
at jdk.internal.reflect.GeneratedMethodAccessor2.invoke(Unknown Source)
at java.base/jdk.internal.reflect.DelegatingMethodAccessorImpl.invoke(DelegatingMethodAccessorImpl.java:43)
at java.base/java.lang.reflect.Method.invoke(Method.java:568)
at org.openqa.selenium.support.decorators.WebDriverDecorator.call(WebDriverDecorator.java:232)
at org.openqa.selenium.support.decorators.DefaultDecorated.call(DefaultDecorated.java:48)
at org.openqa.selenium.support.decorators.WebDriverDecorator.lambda$createProxy$0(WebDriverDecorator.java:294)
at jdk.proxy2/jdk.proxy2.$Proxy15.findElement(Unknown Source)
at org.openqa.selenium.support.pagefactory.DefaultElementLocator.findElement(DefaultElementLocator.java:70)
at org.openqa.selenium.support.pagefactory.internal.LocatingElementHandler.invoke(LocatingElementHandler.java:39)
at jdk.proxy2/jdk.proxy2.$Proxy21.isDisplayed(Unknown Source)
at com.iselect.pages.GlobalHomePage.verifyCreditCardsInFinanceButton(GlobalHomePage.java:1185)
at com.iselect.tests.GlobalHomePageTest.testCreditCardsBtnInFinanceButtonHover(GlobalHomePageTest.java:103)
at java.base/jdk.internal.reflect.NativeMethodAccessorImpl.invoke0(Native Method)
at java.base/jdk.internal.reflect.NativeMethodAccessorImpl.invoke(NativeMethodAccessorImpl.java:77)
at java.base/jdk.internal.reflect.DelegatingMethodAccessorImpl.invoke(DelegatingMethodAccessorImpl.java:43)
at java.base/java.lang.reflect.Method.invoke(Method.java:568)
at org.testng.internal.MethodInvocationHelper.invokeMethod(MethodInvocationHelper.java:133)
at org.testng.internal.TestInvoker.invokeMethod(TestInvoker.java:598)
at org.testng.internal.TestInvoker.invokeTestMethod(TestInvoker.java:173)
at org.testng.internal.MethodRunner.runInSequence(MethodRunner.java:46)
at org.testng.internal.TestInvoker$MethodInvocationAgent.invoke(TestInvoker.java:824)
at org.testng.internal.TestInvoker.invokeTestMethods(TestInvoker.java:146)
at org.testng.internal.TestMethodWorker.invokeTestMethods(TestMethodWorker.java:146)
at org.testng.internal.TestMethodWorker.run(TestMethodWorker.java:128)
at java.base/java.util.ArrayList.forEach(ArrayList.java:1511)
at org.testng.TestRunner.privateRun(TestRunner.java:794)
at org.testng.TestRunner.run(TestRunner.java:596)
at org.testng.SuiteRunner.runTest(SuiteRunner.java:377)
at org.testng.SuiteRunner.access$000(SuiteRunner.java:28)
at org.testng.SuiteRunner$SuiteWorker.run(SuiteRunner.java:418)
at org.testng.internal.thread.ThreadUtil.lambda$execute$0(ThreadUtil.java:64)
at java.base/java.util.concurrent.FutureTask.run(FutureTask.java:264)
at java.base/java.util.concurrent.ThreadPoolExecutor.runWorker(ThreadPoolExecutor.java:1136)
at java.base/java.util.concurrent.ThreadPoolExecutor$Worker.run(ThreadPoolExecutor.java:635)
at java.base/java.lang.Thread.run(Thread.java:833)
]]>
    </error>
  </testcase> <!-- testCreditCardsBtnInFinanceButtonHover -->
  <system-out/>
  <testcase classname="com.iselect.tests.GlobalHomePageTest" name="testclickShouldIUseMortagageBrokerbtn" time="14.427"/>
  <system-out/>
  <testcase classname="com.iselect.tests.GlobalHomePageTest" name="testFindingBestTravelInsurance" time="14.731"/>
  <system-out/>
  <testcase classname="com.iselect.tests.GlobalHomePageTest" name="clickOnSwitchingElecProviders" time="15.044"/>
  <system-out/>
  <testcase classname="com.iselect.tests.GlobalHomePageTest" name="testclickOnWirelessInternetPlansBtn" time="16.378"/>
  <system-out/>
  <testcase classname="com.iselect.tests.GlobalHomePageTest" name="testComprehensiveExplainedbtnInCarHover" time="15.587"/>
  <system-out/>
  <testcase classname="com.iselect.tests.GlobalHomePageTest" name="testclickFirstHomeBuyersbtn" time="14.258"/>
  <system-out/>
  <testcase classname="com.iselect.tests.GlobalHomePageTest" name="testCommInsureIncomeProtection" time="14.912"/>
  <system-out/>
  <testcase classname="com.iselect.tests.GlobalHomePageTest" name="testTrustPilotReviewsInMainPage" time="60.163"/>
  <system-out/>
  <testcase classname="com.iselect.tests.GlobalHomePageTest" name="testCarInsuranceQLD" time="19.266"/>
  <system-out/>
  <testcase classname="com.iselect.tests.GlobalHomePageTest" name="testclickOnInternetPlansBtn" time="17.692"/>
  <system-out/>
  <testcase classname="com.iselect.tests.GlobalHomePageTest" name="testclickOnEnergyComparison" time="15.355"/>
  <system-out/>
  <testcase classname="com.iselect.tests.GlobalHomePageTest" name="testclickFixedVsVariableInterestbtn" time="13.826"/>
  <system-out/>
  <testcase classname="com.iselect.tests.GlobalHomePageTest" name="testclickOnAusisEnergyQuotes" time="14.595"/>
  <system-out/>
  <testcase classname="com.iselect.tests.GlobalHomePageTest" name="testclickOnViewBasicPlanInfo" time="21.084"/>
  <system-out/>
  <testcase classname="com.iselect.tests.GlobalHomePageTest" name="test411ExchangeVisa" time="13.659"/>
  <system-out/>
  <testcase classname="com.iselect.tests.GlobalHomePageTest" name="testclickOnFindACheaperEnergyPlan" time="17.305"/>
  <system-out/>
  <testcase classname="com.iselect.tests.GlobalHomePageTest" name="testIncomeProtectionThroughSuperannuation" time="14.495"/>
  <system-out/>
  <testcase classname="com.iselect.tests.GlobalHomePageTest" name="test405InvestorRetirementVisa" time="15.211"/>
  <system-out/>
  <testcase classname="com.iselect.tests.GlobalHomePageTest" name="testPublicLiabilityInsuranceBtn" time="14.597"/>
  <system-out/>
  <testcase classname="com.iselect.tests.GlobalHomePageTest" name="testclickOnInternetSpeedBtn" time="16.806"/>
  <system-out/>
  <testcase classname="com.iselect.tests.GlobalHomePageTest" name="testClickOnCompareIncomeProtectionButton" time="17.863"/>
  <system-out/>
  <testcase classname="com.iselect.tests.GlobalHomePageTest" name="testProfessionalIndemnityinsurance" time="15.366"/>
  <system-out/>
  <testcase classname="com.iselect.tests.GlobalHomePageTest" name="testInsuranceBtnThenHealthInsuranceBtnInit" time="13.058"/>
  <system-out/>
  <testcase classname="com.iselect.tests.GlobalHomePageTest" name="testclickOnChooseRightNBNPlan" time="15.795"/>
  <system-out/>
  <testcase classname="com.iselect.tests.GlobalHomePageTest" name="testOverseasCoverInsuranceButton" time="13.439"/>
  <system-out/>
  <testcase classname="com.iselect.tests.GlobalHomePageTest" name="testclickOnCarInBottomMenu" time="18.765"/>
  <system-out/>
  <testcase classname="com.iselect.tests.GlobalHomePageTest" name="testclickOnLifeInBottomMenu" time="12.098"/>
  <system-out/>
  <testcase classname="com.iselect.tests.GlobalHomePageTest" name="testScheduleACallBtnInHealth" time="14.486"/>
  <system-out/>
  <testcase classname="com.iselect.tests.GlobalHomePageTest" name="testWhyLifeInsuranceBtnInLifeSection" time="14.891"/>
  <system-out/>
  <testcase classname="com.iselect.tests.GlobalHomePageTest" name="testCompulsoryThirdPartyCTPInCarHover" time="16.237"/>
  <system-out/>
  <testcase classname="com.iselect.tests.GlobalHomePageTest" name="testclickOnWirelessInternetBtn" time="17.164"/>
  <system-out/>
  <testcase classname="com.iselect.tests.GlobalHomePageTest" name="testExtraRepaymentBtn" time="17.798"/>
  <system-out/>
  <testcase classname="com.iselect.tests.GlobalHomePageTest" name="testclickOnIamMovingBtn" time="21.115"/>
  <system-out/>
  <testcase classname="com.iselect.tests.GlobalHomePageTest" name="testCompareTravelInsuranceBtn" time="15.529"/>
  <system-out/>
  <testcase classname="com.iselect.tests.GlobalHomePageTest" name="testclickOnOverseasVisitorCoverInBottomMenu" time="12.370"/>
  <system-out/>
  <testcase classname="com.iselect.tests.GlobalHomePageTest" name="testclickOnRenewableEnergy" time="14.113"/>
  <system-out/>
  <testcase classname="com.iselect.tests.GlobalHomePageTest" name="testIncomeProtectionBtnInPopular" time="12.057"/>
  <system-out/>
  <testcase classname="com.iselect.tests.GlobalHomePageTest" name="testTaxImplicationsBtnInHealth" time="27.582"/>
  <system-out/>
  <testcase classname="com.iselect.tests.GlobalHomePageTest" name="testclickOnEnergyComparisonVIC" time="15.421"/>
  <system-out/>
  <testcase classname="com.iselect.tests.GlobalHomePageTest" name="testclickOnWhatIsADSLAndADSLTwoPlus" time="16.807"/>
  <system-out/>
  <testcase classname="com.iselect.tests.GlobalHomePageTest" name="testclickOnADSLTwoPlusBtn" time="15.976"/>
  <system-out/>
  <testcase classname="com.iselect.tests.GlobalHomePageTest" name="testHowIselectWork" time="12.399"/>
  <system-out/>
  <testcase classname="com.iselect.tests.GlobalHomePageTest" name="testclickOnNakedDSLBtn" time="16.238"/>
  <system-out/>
  <testcase classname="com.iselect.tests.GlobalHomePageTest" name="testCouplesCoverBtnInHealth" time="15.860"/>
  <system-out/>
  <testcase classname="com.iselect.tests.GlobalHomePageTest" name="testclickInterestOnlyHomeLoansbtn" time="15.875"/>
  <system-out/>
  <testcase classname="com.iselect.tests.GlobalHomePageTest" name="testclickOnHydroElec" time="14.493"/>
  <system-out/>
  <testcase classname="com.iselect.tests.GlobalHomePageTest" name="testPublicLiabilityInsuranceBtnInWA" time="14.734"/>
  <system-out/>
  <testcase classname="com.iselect.tests.GlobalHomePageTest" name="testiSelectPartnerOfYearText" time="11.742"/>
  <system-out/>
  <testcase classname="com.iselect.tests.GlobalHomePageTest" name="testUtilitiesBtnThenMovingHouseBtnInit" time="14.379"/>
  <system-out/>
  <testcase classname="com.iselect.tests.GlobalHomePageTest" name="testclickOnInsuranceForRenters" time="15.045"/>
  <system-out/>
  <testcase classname="com.iselect.tests.GlobalHomePageTest" name="testclickOnProvidersBtn" time="14.096"/>
  <system-out/>
  <testcase classname="com.iselect.tests.GlobalHomePageTest" name="testHealthInsuranceClaimsProcessBtnInHealth" time="13.891"/>
  <system-out/>
  <testcase classname="com.iselect.tests.GlobalHomePageTest" name="testclickOnPhoneAndInternetBundlesBtn" time="14.430"/>
  <system-out/>
  <testcase classname="com.iselect.tests.GlobalHomePageTest" name="testclickOnOperatingSystemsBtn" time="13.803"/>
  <system-out/>
  <testcase classname="com.iselect.tests.GlobalHomePageTest" name="testElecAndGasBtnInPopular" time="13.073"/>
  <system-out/>
  <testcase classname="com.iselect.tests.GlobalHomePageTest" name="testclickOnInternetGlossaryBtn" time="16.332"/>
  <system-out/>
  <testcase classname="com.iselect.tests.GlobalHomePageTest" name="testclickOnElectricityProviders" time="15.235"/>
  <system-out/>
  <testcase classname="com.iselect.tests.GlobalHomePageTest" name="testBenefitsofbeingaprivatepatientBtnInHealth" time="13.350"/>
  <system-out/>
  <testcase classname="com.iselect.tests.GlobalHomePageTest" name="testReadMoreButtonOnAmbulanceCoverTile" time="20.536"/>
  <system-out/>
  <testcase classname="com.iselect.tests.GlobalHomePageTest" name="testclickOnOverseasVisitorHealthInsurance" time="14.367"/>
  <system-out/>
  <testcase classname="com.iselect.tests.GlobalHomePageTest" name="testPregnancyAndHealthInsuranceBtnInHealth" time="13.650"/>
  <system-out/>
  <testcase classname="com.iselect.tests.GlobalHomePageTest" name="testTALIncomeProtection" time="14.468"/>
  <system-out/>
  <testcase classname="com.iselect.tests.GlobalHomePageTest" name="testclickTermsAndConditions" time="11.018"/>
  <system-out/>
  <testcase classname="com.iselect.tests.GlobalHomePageTest" name="testLifeInsuranceVsIncomeProtBtnInLifeSection" time="14.188"/>
  <system-out/>
  <testcase classname="com.iselect.tests.GlobalHomePageTest" name="testclickOnEnergyComparisonQLD" time="15.086"/>
  <system-out/>
  <testcase classname="com.iselect.tests.GlobalHomePageTest" name="testclickOnHomeAndContentsInsuranceFAQS" time="15.082"/>
  <system-out/>
  <testcase classname="com.iselect.tests.GlobalHomePageTest" name="testClickOnAgreedVsMarketValueCarInsurance" time="16.127"/>
  <system-out/>
  <testcase classname="com.iselect.tests.GlobalHomePageTest" name="testStampDutyBtn" time="18.150"/>
  <system-out/>
  <testcase classname="com.iselect.tests.GlobalHomePageTest" name="testDirectLifeInsurance" time="14.560"/>
  <system-out/>
  <testcase classname="com.iselect.tests.GlobalHomePageTest" name="testclickOnSolarEnergy" time="15.213"/>
  <system-out/>
  <testcase classname="com.iselect.tests.GlobalHomePageTest" name="testTipsForBuyingCarInsurance" time="14.905"/>
  <system-out/>
  <testcase classname="com.iselect.tests.GlobalHomePageTest" name="testclickOnEnergySavingTips" time="14.769"/>
  <system-out/>
  <testcase classname="com.iselect.tests.GlobalHomePageTest" name="testclickOnOVCInCompareOptions" time="15.708"/>
  <system-out/>
  <testcase classname="com.iselect.tests.GlobalHomePageTest" name="testclickStampDutyCalcBtn" time="17.489"/>
  <system-out/>
  <testcase classname="com.iselect.tests.GlobalHomePageTest" name="testInsuranceBtnThenCarInsuranceBtnInit" time="19.012"/>
  <system-out/>
  <testcase classname="com.iselect.tests.GlobalHomePageTest" name="testClickingSwitchingElectricityProvidersText" time="11.445"/>
  <system-out/>
  <testcase classname="com.iselect.tests.GlobalHomePageTest" name="testLifeInsFAQsBtnInLifeSection" time="14.805"/>
  <system-out/>
  <testcase classname="com.iselect.tests.GlobalHomePageTest" name="testReadMoreButtonOnPrivateHospitalCoverTile" time="19.981"/>
  <system-out/>
  <testcase classname="com.iselect.tests.GlobalHomePageTest" name="testfindASuitableLifeInsPolicyInLifeSection" time="14.619"/>
  <system-out/>
  <testcase classname="com.iselect.tests.GlobalHomePageTest" name="testclickOnPersonalAccidentInsurance" time="14.691"/>
  <system-out/>
  <testcase classname="com.iselect.tests.GlobalHomePageTest" name="testCarInsuranceTasmania" time="14.254"/>
  <system-out/>
  <testcase classname="com.iselect.tests.GlobalHomePageTest" name="testTraumaInsuranceBtnInLifeSection" time="16.860"/>
  <system-out/>
  <testcase classname="com.iselect.tests.GlobalHomePageTest" name="testclickOnInternationalTravelInsurance" time="15.972"/>
  <system-out/>
  <testcase classname="com.iselect.tests.GlobalHomePageTest" name="testPublicLiabilityInsuranceBtnInNSW" time="14.591"/>
  <system-out/>
  <testcase classname="com.iselect.tests.GlobalHomePageTest" name="testInsuranceBtnThenHomeAndContentsInsuranceBtnInit" time="18.035"/>
  <system-out/>
  <testcase classname="com.iselect.tests.GlobalHomePageTest" name="testclickOnmobileBroadbandBtn" time="16.945"/>
  <system-out/>
  <testcase classname="com.iselect.tests.GlobalHomePageTest" name="testclickOnCompareBroadbandBtn" time="13.752"/>
  <system-out/>
  <testcase classname="com.iselect.tests.GlobalHomePageTest" name="test417WorkingHolidayVisa" time="14.034"/>
  <system-out/>
  <testcase classname="com.iselect.tests.GlobalHomePageTest" name="testClickOnBestIncomeProtectionCover" time="13.749"/>
  <system-out/>
  <testcase classname="com.iselect.tests.GlobalHomePageTest" name="testTwitterLink" time="16.607"/>
  <system-out/>
  <testcase classname="com.iselect.tests.GlobalHomePageTest" name="testHospitalCoverBtnInHealth" time="16.173"/>
  <system-out/>
  <testcase classname="com.iselect.tests.GlobalHomePageTest" name="testLendersMortgageInsuranceAustralia" time="14.090"/>
  <system-out/>
  <testcase classname="com.iselect.tests.GlobalHomePageTest" name="testclickOnHighSpeedInternetPlans" time="17.482"/>
  <system-out/>
  <testcase classname="com.iselect.tests.GlobalHomePageTest" name="testclickOnWhatIsPetInsurance" time="13.961"/>
  <system-out/>
  <testcase classname="com.iselect.tests.GlobalHomePageTest" name="testKeyPersonInsuranceBtnInLifeSection" time="17.340"/>
  <system-out/>
  <testcase classname="com.iselect.tests.GlobalHomePageTest" name="testclickOnHowToPurchaseOvc" time="13.849"/>
  <system-out/>
  <testcase classname="com.iselect.tests.GlobalHomePageTest" name="testWhatIsLifeInsuranceBtnInLifeSection" time="14.816"/>
  <system-out/>
  <testcase classname="com.iselect.tests.GlobalHomePageTest" name="testclickOnContentsInsurance" time="15.036"/>
  <system-out/>
  <testcase classname="com.iselect.tests.GlobalHomePageTest" name="testHowInterestRatesAffectYourHomeLoanbtn" time="14.067"/>
  <system-out/>
  <testcase classname="com.iselect.tests.GlobalHomePageTest" name="testInsuranceBtnThenBusinessInsuranceBtnInit" time="14.028"/>
  <system-out/>
  <testcase classname="com.iselect.tests.GlobalHomePageTest" name="testclickOnPermanentResidencyExplained" time="13.906"/>
  <system-out/>
  <testcase classname="com.iselect.tests.GlobalHomePageTest" name="testMediaCenterLink" time="11.684"/>
  <system-out/>
  <testcase classname="com.iselect.tests.GlobalHomePageTest" name="testclickOnTenTipsForFinanciallySavyRenovatersbtn" time="13.498"/>
  <system-out/>
  <testcase classname="com.iselect.tests.GlobalHomePageTest" name="testBusinessLoansFinanceButtonHover" time="17.120"/>
  <system-out/>
  <testcase classname="com.iselect.tests.GlobalHomePageTest" name="testclickOnWindEnergy" time="14.529"/>
  <system-out/>
  <testcase classname="com.iselect.tests.GlobalHomePageTest" name="testPublicLiabilityInsuranceBtnInQLD" time="15.939"/>
  <system-out/>
  <testcase classname="com.iselect.tests.GlobalHomePageTest" name="testclickOnEnergyComparisonACT" time="13.815"/>
  <system-out/>
  <testcase classname="com.iselect.tests.GlobalHomePageTest" name="testComprehensiveCarInsurance" time="17.876"/>
  <system-out/>
  <testcase classname="com.iselect.tests.GlobalHomePageTest" name="testclickOnEnergyComparisonSA" time="15.138"/>
  <system-out/>
  <testcase classname="com.iselect.tests.GlobalHomePageTest" name="testTypesOfcarInsurancebtn" time="14.932"/>
  <system-out/>
  <testcase classname="com.iselect.tests.GlobalHomePageTest" name="testMedicalLevySurchargeBtnInHealth" time="14.891"/>
  <system-out/>
  <testcase classname="com.iselect.tests.GlobalHomePageTest" name="testclickOnCarLoansInBottomMenu" time="43.288">
    <error message="no such element: Unable to locate element: {&quot;method&quot;:&quot;xpath&quot;,&quot;selector&quot;:&quot;//h1&quot;}
  (Session info: headless chrome=96.0.4664.110)
For documentation on this error, please visit: https://selenium.dev/exceptions/#no_such_element
Build info: version: &#039;4.1.0&#039;, revision: &#039;87802e897b&#039;
System info: host: &#039;A3864L&#039;, ip: &#039;10.5.5.87&#039;, os.name: &#039;Windows 10&#039;, os.arch: &#039;amd64&#039;, os.version: &#039;10.0&#039;, java.version: &#039;17.0.1&#039;
Driver info: org.openqa.selenium.chrome.ChromeDriver
Command: [8336aa8f505d62a7823719acd1f5344c, findElement {using=xpath, value=//h1}]
Capabilities {acceptInsecureCerts: false, browserName: chrome, browserVersion: 96.0.4664.110, chrome: {chromedriverVersion: 96.0.4664.45 (76e4c1bb2ab46..., userDataDir: C:\Users\KARTHI~1.KAL\AppDa...}, goog:chromeOptions: {debuggerAddress: localhost:53195}, javascriptEnabled: true, networkConnectionEnabled: false, pageLoadStrategy: normal, platform: WINDOWS, platformName: WINDOWS, proxy: Proxy(), se:cdp: ws://localhost:53195/devtoo..., se:cdpVersion: 96.0.4664.110, setWindowRect: true, strictFileInteractability: false, timeouts: {implicit: 0, pageLoad: 300000, script: 30000}, unhandledPromptBehavior: dismiss and notify, webauthn:extension:credBlob: true, webauthn:extension:largeBlob: true, webauthn:virtualAuthenticators: true}
Session ID: 8336aa8f505d62a7823719acd1f5344c" type="org.openqa.selenium.NoSuchElementException">
      <![CDATA[org.openqa.selenium.NoSuchElementException: no such element: Unable to locate element: {"method":"xpath","selector":"//h1"}
  (Session info: headless chrome=96.0.4664.110)
For documentation on this error, please visit: https://selenium.dev/exceptions/#no_such_element
Build info: version: '4.1.0', revision: '87802e897b'
System info: host: 'A3864L', ip: '10.5.5.87', os.name: 'Windows 10', os.arch: 'amd64', os.version: '10.0', java.version: '17.0.1'
Driver info: org.openqa.selenium.chrome.ChromeDriver
Command: [8336aa8f505d62a7823719acd1f5344c, findElement {using=xpath, value=//h1}]
Capabilities {acceptInsecureCerts: false, browserName: chrome, browserVersion: 96.0.4664.110, chrome: {chromedriverVersion: 96.0.4664.45 (76e4c1bb2ab46..., userDataDir: C:\Users\KARTHI~1.KAL\AppDa...}, goog:chromeOptions: {debuggerAddress: localhost:53195}, javascriptEnabled: true, networkConnectionEnabled: false, pageLoadStrategy: normal, platform: WINDOWS, platformName: WINDOWS, proxy: Proxy(), se:cdp: ws://localhost:53195/devtoo..., se:cdpVersion: 96.0.4664.110, setWindowRect: true, strictFileInteractability: false, timeouts: {implicit: 0, pageLoad: 300000, script: 30000}, unhandledPromptBehavior: dismiss and notify, webauthn:extension:credBlob: true, webauthn:extension:largeBlob: true, webauthn:virtualAuthenticators: true}
Session ID: 8336aa8f505d62a7823719acd1f5344c
at java.base/jdk.internal.reflect.NativeConstructorAccessorImpl.newInstance0(Native Method)
at java.base/jdk.internal.reflect.NativeConstructorAccessorImpl.newInstance(NativeConstructorAccessorImpl.java:77)
at java.base/jdk.internal.reflect.DelegatingConstructorAccessorImpl.newInstance(DelegatingConstructorAccessorImpl.java:45)
at java.base/java.lang.reflect.Constructor.newInstanceWithCaller(Constructor.java:499)
at java.base/java.lang.reflect.Constructor.newInstance(Constructor.java:480)
at org.openqa.selenium.remote.codec.w3c.W3CHttpResponseCodec.createException(W3CHttpResponseCodec.java:200)
at org.openqa.selenium.remote.codec.w3c.W3CHttpResponseCodec.decode(W3CHttpResponseCodec.java:133)
at org.openqa.selenium.remote.codec.w3c.W3CHttpResponseCodec.decode(W3CHttpResponseCodec.java:53)
at org.openqa.selenium.remote.HttpCommandExecutor.execute(HttpCommandExecutor.java:184)
at org.openqa.selenium.remote.service.DriverCommandExecutor.invokeExecute(DriverCommandExecutor.java:164)
at org.openqa.selenium.remote.service.DriverCommandExecutor.execute(DriverCommandExecutor.java:139)
at org.openqa.selenium.remote.RemoteWebDriver.execute(RemoteWebDriver.java:559)
at org.openqa.selenium.remote.ElementLocation$ElementFinder$2.findElement(ElementLocation.java:162)
at org.openqa.selenium.remote.ElementLocation.findElement(ElementLocation.java:60)
at org.openqa.selenium.remote.RemoteWebDriver.findElement(RemoteWebDriver.java:383)
at org.openqa.selenium.remote.RemoteWebDriver.findElement(RemoteWebDriver.java:375)
at jdk.internal.reflect.GeneratedMethodAccessor2.invoke(Unknown Source)
at java.base/jdk.internal.reflect.DelegatingMethodAccessorImpl.invoke(DelegatingMethodAccessorImpl.java:43)
at java.base/java.lang.reflect.Method.invoke(Method.java:568)
at org.openqa.selenium.support.decorators.WebDriverDecorator.call(WebDriverDecorator.java:232)
at org.openqa.selenium.support.decorators.DefaultDecorated.call(DefaultDecorated.java:48)
at org.openqa.selenium.support.decorators.WebDriverDecorator.lambda$createProxy$0(WebDriverDecorator.java:294)
at jdk.proxy2/jdk.proxy2.$Proxy15.findElement(Unknown Source)
at org.openqa.selenium.support.pagefactory.DefaultElementLocator.findElement(DefaultElementLocator.java:70)
at org.openqa.selenium.support.pagefactory.internal.LocatingElementHandler.invoke(LocatingElementHandler.java:39)
at jdk.proxy2/jdk.proxy2.$Proxy21.getText(Unknown Source)
at com.iselect.pages.GlobalHomePage.clickOnCarLoansInBottomMenu(GlobalHomePage.java:3871)
at com.iselect.tests.GlobalHomePageTest.testclickOnCarLoansInBottomMenu(GlobalHomePageTest.java:1691)
at java.base/jdk.internal.reflect.NativeMethodAccessorImpl.invoke0(Native Method)
at java.base/jdk.internal.reflect.NativeMethodAccessorImpl.invoke(NativeMethodAccessorImpl.java:77)
at java.base/jdk.internal.reflect.DelegatingMethodAccessorImpl.invoke(DelegatingMethodAccessorImpl.java:43)
at java.base/java.lang.reflect.Method.invoke(Method.java:568)
at org.testng.internal.MethodInvocationHelper.invokeMethod(MethodInvocationHelper.java:133)
at org.testng.internal.TestInvoker.invokeMethod(TestInvoker.java:598)
at org.testng.internal.TestInvoker.invokeTestMethod(TestInvoker.java:173)
at org.testng.internal.MethodRunner.runInSequence(MethodRunner.java:46)
at org.testng.internal.TestInvoker$MethodInvocationAgent.invoke(TestInvoker.java:824)
at org.testng.internal.TestInvoker.invokeTestMethods(TestInvoker.java:146)
at org.testng.internal.TestMethodWorker.invokeTestMethods(TestMethodWorker.java:146)
at org.testng.internal.TestMethodWorker.run(TestMethodWorker.java:128)
at java.base/java.util.ArrayList.forEach(ArrayList.java:1511)
at org.testng.TestRunner.privateRun(TestRunner.java:794)
at org.testng.TestRunner.run(TestRunner.java:596)
at org.testng.SuiteRunner.runTest(SuiteRunner.java:377)
at org.testng.SuiteRunner.access$000(SuiteRunner.java:28)
at org.testng.SuiteRunner$SuiteWorker.run(SuiteRunner.java:418)
at org.testng.internal.thread.ThreadUtil.lambda$execute$0(ThreadUtil.java:64)
at java.base/java.util.concurrent.FutureTask.run(FutureTask.java:264)
at java.base/java.util.concurrent.ThreadPoolExecutor.runWorker(ThreadPoolExecutor.java:1136)
at java.base/java.util.concurrent.ThreadPoolExecutor$Worker.run(ThreadPoolExecutor.java:635)
at java.base/java.lang.Thread.run(Thread.java:833)
]]>
    </error>
  </testcase> <!-- testclickOnCarLoansInBottomMenu -->
  <system-out/>
  <testcase classname="com.iselect.tests.GlobalHomePageTest" name="testMobilePlansUtilityBtn" time="13.944"/>
  <system-out/>
  <testcase classname="com.iselect.tests.GlobalHomePageTest" name="testclickOnDebtConsolidationbtn" time="14.637"/>
  <system-out/>
  <testcase classname="com.iselect.tests.GlobalHomePageTest" name="testInsuranceForTradies" time="14.604"/>
  <system-out/>
  <testcase classname="com.iselect.tests.GlobalHomePageTest" name="testLifetimeHealthCoverLoadingBtnInHealth" time="14.242"/>
  <system-out/>
  <testcase classname="com.iselect.tests.GlobalHomePageTest" name="testclickOnHowMuchDataBtn" time="14.751"/>
  <system-out/>
  <testcase classname="com.iselect.tests.GlobalHomePageTest" name="testclickOnPersonalLoansInBottomMenu" time="42.941">
    <error message="no such element: Unable to locate element: {&quot;method&quot;:&quot;xpath&quot;,&quot;selector&quot;:&quot;//h1&quot;}
  (Session info: headless chrome=96.0.4664.110)
For documentation on this error, please visit: https://selenium.dev/exceptions/#no_such_element
Build info: version: &#039;4.1.0&#039;, revision: &#039;87802e897b&#039;
System info: host: &#039;A3864L&#039;, ip: &#039;10.5.5.87&#039;, os.name: &#039;Windows 10&#039;, os.arch: &#039;amd64&#039;, os.version: &#039;10.0&#039;, java.version: &#039;17.0.1&#039;
Driver info: org.openqa.selenium.chrome.ChromeDriver
Command: [4d1887d89730044e8052a43f459e909d, findElement {using=xpath, value=//h1}]
Capabilities {acceptInsecureCerts: false, browserName: chrome, browserVersion: 96.0.4664.110, chrome: {chromedriverVersion: 96.0.4664.45 (76e4c1bb2ab46..., userDataDir: C:\Users\KARTHI~1.KAL\AppDa...}, goog:chromeOptions: {debuggerAddress: localhost:60758}, javascriptEnabled: true, networkConnectionEnabled: false, pageLoadStrategy: normal, platform: WINDOWS, platformName: WINDOWS, proxy: Proxy(), se:cdp: ws://localhost:60758/devtoo..., se:cdpVersion: 96.0.4664.110, setWindowRect: true, strictFileInteractability: false, timeouts: {implicit: 0, pageLoad: 300000, script: 30000}, unhandledPromptBehavior: dismiss and notify, webauthn:extension:credBlob: true, webauthn:extension:largeBlob: true, webauthn:virtualAuthenticators: true}
Session ID: 4d1887d89730044e8052a43f459e909d" type="org.openqa.selenium.NoSuchElementException">
      <![CDATA[org.openqa.selenium.NoSuchElementException: no such element: Unable to locate element: {"method":"xpath","selector":"//h1"}
  (Session info: headless chrome=96.0.4664.110)
For documentation on this error, please visit: https://selenium.dev/exceptions/#no_such_element
Build info: version: '4.1.0', revision: '87802e897b'
System info: host: 'A3864L', ip: '10.5.5.87', os.name: 'Windows 10', os.arch: 'amd64', os.version: '10.0', java.version: '17.0.1'
Driver info: org.openqa.selenium.chrome.ChromeDriver
Command: [4d1887d89730044e8052a43f459e909d, findElement {using=xpath, value=//h1}]
Capabilities {acceptInsecureCerts: false, browserName: chrome, browserVersion: 96.0.4664.110, chrome: {chromedriverVersion: 96.0.4664.45 (76e4c1bb2ab46..., userDataDir: C:\Users\KARTHI~1.KAL\AppDa...}, goog:chromeOptions: {debuggerAddress: localhost:60758}, javascriptEnabled: true, networkConnectionEnabled: false, pageLoadStrategy: normal, platform: WINDOWS, platformName: WINDOWS, proxy: Proxy(), se:cdp: ws://localhost:60758/devtoo..., se:cdpVersion: 96.0.4664.110, setWindowRect: true, strictFileInteractability: false, timeouts: {implicit: 0, pageLoad: 300000, script: 30000}, unhandledPromptBehavior: dismiss and notify, webauthn:extension:credBlob: true, webauthn:extension:largeBlob: true, webauthn:virtualAuthenticators: true}
Session ID: 4d1887d89730044e8052a43f459e909d
at java.base/jdk.internal.reflect.NativeConstructorAccessorImpl.newInstance0(Native Method)
at java.base/jdk.internal.reflect.NativeConstructorAccessorImpl.newInstance(NativeConstructorAccessorImpl.java:77)
at java.base/jdk.internal.reflect.DelegatingConstructorAccessorImpl.newInstance(DelegatingConstructorAccessorImpl.java:45)
at java.base/java.lang.reflect.Constructor.newInstanceWithCaller(Constructor.java:499)
at java.base/java.lang.reflect.Constructor.newInstance(Constructor.java:480)
at org.openqa.selenium.remote.codec.w3c.W3CHttpResponseCodec.createException(W3CHttpResponseCodec.java:200)
at org.openqa.selenium.remote.codec.w3c.W3CHttpResponseCodec.decode(W3CHttpResponseCodec.java:133)
at org.openqa.selenium.remote.codec.w3c.W3CHttpResponseCodec.decode(W3CHttpResponseCodec.java:53)
at org.openqa.selenium.remote.HttpCommandExecutor.execute(HttpCommandExecutor.java:184)
at org.openqa.selenium.remote.service.DriverCommandExecutor.invokeExecute(DriverCommandExecutor.java:164)
at org.openqa.selenium.remote.service.DriverCommandExecutor.execute(DriverCommandExecutor.java:139)
at org.openqa.selenium.remote.RemoteWebDriver.execute(RemoteWebDriver.java:559)
at org.openqa.selenium.remote.ElementLocation$ElementFinder$2.findElement(ElementLocation.java:162)
at org.openqa.selenium.remote.ElementLocation.findElement(ElementLocation.java:60)
at org.openqa.selenium.remote.RemoteWebDriver.findElement(RemoteWebDriver.java:383)
at org.openqa.selenium.remote.RemoteWebDriver.findElement(RemoteWebDriver.java:375)
at jdk.internal.reflect.GeneratedMethodAccessor2.invoke(Unknown Source)
at java.base/jdk.internal.reflect.DelegatingMethodAccessorImpl.invoke(DelegatingMethodAccessorImpl.java:43)
at java.base/java.lang.reflect.Method.invoke(Method.java:568)
at org.openqa.selenium.support.decorators.WebDriverDecorator.call(WebDriverDecorator.java:232)
at org.openqa.selenium.support.decorators.DefaultDecorated.call(DefaultDecorated.java:48)
at org.openqa.selenium.support.decorators.WebDriverDecorator.lambda$createProxy$0(WebDriverDecorator.java:294)
at jdk.proxy2/jdk.proxy2.$Proxy15.findElement(Unknown Source)
at org.openqa.selenium.support.pagefactory.DefaultElementLocator.findElement(DefaultElementLocator.java:70)
at org.openqa.selenium.support.pagefactory.internal.LocatingElementHandler.invoke(LocatingElementHandler.java:39)
at jdk.proxy2/jdk.proxy2.$Proxy21.getText(Unknown Source)
at com.iselect.pages.GlobalHomePage.clickOnPersonalLoansInBottomMenu(GlobalHomePage.java:3877)
at com.iselect.tests.GlobalHomePageTest.testclickOnPersonalLoansInBottomMenu(GlobalHomePageTest.java:1685)
at java.base/jdk.internal.reflect.NativeMethodAccessorImpl.invoke0(Native Method)
at java.base/jdk.internal.reflect.NativeMethodAccessorImpl.invoke(NativeMethodAccessorImpl.java:77)
at java.base/jdk.internal.reflect.DelegatingMethodAccessorImpl.invoke(DelegatingMethodAccessorImpl.java:43)
at java.base/java.lang.reflect.Method.invoke(Method.java:568)
at org.testng.internal.MethodInvocationHelper.invokeMethod(MethodInvocationHelper.java:133)
at org.testng.internal.TestInvoker.invokeMethod(TestInvoker.java:598)
at org.testng.internal.TestInvoker.invokeTestMethod(TestInvoker.java:173)
at org.testng.internal.MethodRunner.runInSequence(MethodRunner.java:46)
at org.testng.internal.TestInvoker$MethodInvocationAgent.invoke(TestInvoker.java:824)
at org.testng.internal.TestInvoker.invokeTestMethods(TestInvoker.java:146)
at org.testng.internal.TestMethodWorker.invokeTestMethods(TestMethodWorker.java:146)
at org.testng.internal.TestMethodWorker.run(TestMethodWorker.java:128)
at java.base/java.util.ArrayList.forEach(ArrayList.java:1511)
at org.testng.TestRunner.privateRun(TestRunner.java:794)
at org.testng.TestRunner.run(TestRunner.java:596)
at org.testng.SuiteRunner.runTest(SuiteRunner.java:377)
at org.testng.SuiteRunner.access$000(SuiteRunner.java:28)
at org.testng.SuiteRunner$SuiteWorker.run(SuiteRunner.java:418)
at org.testng.internal.thread.ThreadUtil.lambda$execute$0(ThreadUtil.java:64)
at java.base/java.util.concurrent.FutureTask.run(FutureTask.java:264)
at java.base/java.util.concurrent.ThreadPoolExecutor.runWorker(ThreadPoolExecutor.java:1136)
at java.base/java.util.concurrent.ThreadPoolExecutor$Worker.run(ThreadPoolExecutor.java:635)
at java.base/java.lang.Thread.run(Thread.java:833)
]]>
    </error>
  </testcase> <!-- testclickOnPersonalLoansInBottomMenu -->
  <system-out/>
  <testcase classname="com.iselect.tests.GlobalHomePageTest" name="testPersonalLoansFinanceButtonHover" time="43.579">
    <error message="no such element: Unable to locate element: {&quot;method&quot;:&quot;xpath&quot;,&quot;selector&quot;:&quot;//h1[text()=&#039;Compare Personal Loans*&#039;]&quot;}
  (Session info: headless chrome=96.0.4664.110)
For documentation on this error, please visit: https://selenium.dev/exceptions/#no_such_element
Build info: version: &#039;4.1.0&#039;, revision: &#039;87802e897b&#039;
System info: host: &#039;A3864L&#039;, ip: &#039;10.5.5.87&#039;, os.name: &#039;Windows 10&#039;, os.arch: &#039;amd64&#039;, os.version: &#039;10.0&#039;, java.version: &#039;17.0.1&#039;
Driver info: org.openqa.selenium.chrome.ChromeDriver
Command: [e450c0c019ca1868d8eefd0aa6487d54, findElement {using=xpath, value=//h1[text()=&#039;Compare Personal Loans*&#039;]}]
Capabilities {acceptInsecureCerts: false, browserName: chrome, browserVersion: 96.0.4664.110, chrome: {chromedriverVersion: 96.0.4664.45 (76e4c1bb2ab46..., userDataDir: C:\Users\KARTHI~1.KAL\AppDa...}, goog:chromeOptions: {debuggerAddress: localhost:62866}, javascriptEnabled: true, networkConnectionEnabled: false, pageLoadStrategy: normal, platform: WINDOWS, platformName: WINDOWS, proxy: Proxy(), se:cdp: ws://localhost:62866/devtoo..., se:cdpVersion: 96.0.4664.110, setWindowRect: true, strictFileInteractability: false, timeouts: {implicit: 0, pageLoad: 300000, script: 30000}, unhandledPromptBehavior: dismiss and notify, webauthn:extension:credBlob: true, webauthn:extension:largeBlob: true, webauthn:virtualAuthenticators: true}
Session ID: e450c0c019ca1868d8eefd0aa6487d54" type="org.openqa.selenium.NoSuchElementException">
      <![CDATA[org.openqa.selenium.NoSuchElementException: no such element: Unable to locate element: {"method":"xpath","selector":"//h1[text()='Compare Personal Loans*']"}
  (Session info: headless chrome=96.0.4664.110)
For documentation on this error, please visit: https://selenium.dev/exceptions/#no_such_element
Build info: version: '4.1.0', revision: '87802e897b'
System info: host: 'A3864L', ip: '10.5.5.87', os.name: 'Windows 10', os.arch: 'amd64', os.version: '10.0', java.version: '17.0.1'
Driver info: org.openqa.selenium.chrome.ChromeDriver
Command: [e450c0c019ca1868d8eefd0aa6487d54, findElement {using=xpath, value=//h1[text()='Compare Personal Loans*']}]
Capabilities {acceptInsecureCerts: false, browserName: chrome, browserVersion: 96.0.4664.110, chrome: {chromedriverVersion: 96.0.4664.45 (76e4c1bb2ab46..., userDataDir: C:\Users\KARTHI~1.KAL\AppDa...}, goog:chromeOptions: {debuggerAddress: localhost:62866}, javascriptEnabled: true, networkConnectionEnabled: false, pageLoadStrategy: normal, platform: WINDOWS, platformName: WINDOWS, proxy: Proxy(), se:cdp: ws://localhost:62866/devtoo..., se:cdpVersion: 96.0.4664.110, setWindowRect: true, strictFileInteractability: false, timeouts: {implicit: 0, pageLoad: 300000, script: 30000}, unhandledPromptBehavior: dismiss and notify, webauthn:extension:credBlob: true, webauthn:extension:largeBlob: true, webauthn:virtualAuthenticators: true}
Session ID: e450c0c019ca1868d8eefd0aa6487d54
at java.base/jdk.internal.reflect.NativeConstructorAccessorImpl.newInstance0(Native Method)
at java.base/jdk.internal.reflect.NativeConstructorAccessorImpl.newInstance(NativeConstructorAccessorImpl.java:77)
at java.base/jdk.internal.reflect.DelegatingConstructorAccessorImpl.newInstance(DelegatingConstructorAccessorImpl.java:45)
at java.base/java.lang.reflect.Constructor.newInstanceWithCaller(Constructor.java:499)
at java.base/java.lang.reflect.Constructor.newInstance(Constructor.java:480)
at org.openqa.selenium.remote.codec.w3c.W3CHttpResponseCodec.createException(W3CHttpResponseCodec.java:200)
at org.openqa.selenium.remote.codec.w3c.W3CHttpResponseCodec.decode(W3CHttpResponseCodec.java:133)
at org.openqa.selenium.remote.codec.w3c.W3CHttpResponseCodec.decode(W3CHttpResponseCodec.java:53)
at org.openqa.selenium.remote.HttpCommandExecutor.execute(HttpCommandExecutor.java:184)
at org.openqa.selenium.remote.service.DriverCommandExecutor.invokeExecute(DriverCommandExecutor.java:164)
at org.openqa.selenium.remote.service.DriverCommandExecutor.execute(DriverCommandExecutor.java:139)
at org.openqa.selenium.remote.RemoteWebDriver.execute(RemoteWebDriver.java:559)
at org.openqa.selenium.remote.ElementLocation$ElementFinder$2.findElement(ElementLocation.java:162)
at org.openqa.selenium.remote.ElementLocation.findElement(ElementLocation.java:60)
at org.openqa.selenium.remote.RemoteWebDriver.findElement(RemoteWebDriver.java:383)
at org.openqa.selenium.remote.RemoteWebDriver.findElement(RemoteWebDriver.java:375)
at jdk.internal.reflect.GeneratedMethodAccessor2.invoke(Unknown Source)
at java.base/jdk.internal.reflect.DelegatingMethodAccessorImpl.invoke(DelegatingMethodAccessorImpl.java:43)
at java.base/java.lang.reflect.Method.invoke(Method.java:568)
at org.openqa.selenium.support.decorators.WebDriverDecorator.call(WebDriverDecorator.java:232)
at org.openqa.selenium.support.decorators.DefaultDecorated.call(DefaultDecorated.java:48)
at org.openqa.selenium.support.decorators.WebDriverDecorator.lambda$createProxy$0(WebDriverDecorator.java:294)
at jdk.proxy2/jdk.proxy2.$Proxy15.findElement(Unknown Source)
at org.openqa.selenium.support.pagefactory.DefaultElementLocator.findElement(DefaultElementLocator.java:70)
at org.openqa.selenium.support.pagefactory.internal.LocatingElementHandler.invoke(LocatingElementHandler.java:39)
at jdk.proxy2/jdk.proxy2.$Proxy21.isDisplayed(Unknown Source)
at com.iselect.pages.GlobalHomePage.verifyPersonalLoansFinanceButton(GlobalHomePage.java:1167)
at com.iselect.tests.GlobalHomePageTest.testPersonalLoansFinanceButtonHover(GlobalHomePageTest.java:91)
at java.base/jdk.internal.reflect.NativeMethodAccessorImpl.invoke0(Native Method)
at java.base/jdk.internal.reflect.NativeMethodAccessorImpl.invoke(NativeMethodAccessorImpl.java:77)
at java.base/jdk.internal.reflect.DelegatingMethodAccessorImpl.invoke(DelegatingMethodAccessorImpl.java:43)
at java.base/java.lang.reflect.Method.invoke(Method.java:568)
at org.testng.internal.MethodInvocationHelper.invokeMethod(MethodInvocationHelper.java:133)
at org.testng.internal.TestInvoker.invokeMethod(TestInvoker.java:598)
at org.testng.internal.TestInvoker.invokeTestMethod(TestInvoker.java:173)
at org.testng.internal.MethodRunner.runInSequence(MethodRunner.java:46)
at org.testng.internal.TestInvoker$MethodInvocationAgent.invoke(TestInvoker.java:824)
at org.testng.internal.TestInvoker.invokeTestMethods(TestInvoker.java:146)
at org.testng.internal.TestMethodWorker.invokeTestMethods(TestMethodWorker.java:146)
at org.testng.internal.TestMethodWorker.run(TestMethodWorker.java:128)
at java.base/java.util.ArrayList.forEach(ArrayList.java:1511)
at org.testng.TestRunner.privateRun(TestRunner.java:794)
at org.testng.TestRunner.run(TestRunner.java:596)
at org.testng.SuiteRunner.runTest(SuiteRunner.java:377)
at org.testng.SuiteRunner.access$000(SuiteRunner.java:28)
at org.testng.SuiteRunner$SuiteWorker.run(SuiteRunner.java:418)
at org.testng.internal.thread.ThreadUtil.lambda$execute$0(ThreadUtil.java:64)
at java.base/java.util.concurrent.FutureTask.run(FutureTask.java:264)
at java.base/java.util.concurrent.ThreadPoolExecutor.runWorker(ThreadPoolExecutor.java:1136)
at java.base/java.util.concurrent.ThreadPoolExecutor$Worker.run(ThreadPoolExecutor.java:635)
at java.base/java.lang.Thread.run(Thread.java:833)
]]>
    </error>
  </testcase> <!-- testPersonalLoansFinanceButtonHover -->
  <system-out/>
  <testcase classname="com.iselect.tests.GlobalHomePageTest" name="testclickOnAnnualTravelInsurance" time="15.035"/>
  <system-out/>
  <testcase classname="com.iselect.tests.GlobalHomePageTest" name="testHealthInsuranceButton" time="13.333"/>
  <system-out/>
  <testcase classname="com.iselect.tests.GlobalHomePageTest" name="testHowToPurchaseLifeInsBtnInLifeSection" time="13.940"/>
  <system-out/>
  <testcase classname="com.iselect.tests.GlobalHomePageTest" name="testclickOnFindEnergyFactsSheet" time="22.081"/>
  <system-out/>
  <testcase classname="com.iselect.tests.GlobalHomePageTest" name="testExtrasCoverBtnInHealth" time="19.350"/>
  <system-out/>
  <testcase classname="com.iselect.tests.GlobalHomePageTest" name="testclickVariableRateHomeLoansbtn" time="15.708"/>
  <system-out/>
  <testcase classname="com.iselect.tests.GlobalHomePageTest" name="testclickOnCreditCardsInBottomMenu" time="43.183">
    <error message="no such element: Unable to locate element: {&quot;method&quot;:&quot;xpath&quot;,&quot;selector&quot;:&quot;//h1&quot;}
  (Session info: headless chrome=96.0.4664.110)
For documentation on this error, please visit: https://selenium.dev/exceptions/#no_such_element
Build info: version: &#039;4.1.0&#039;, revision: &#039;87802e897b&#039;
System info: host: &#039;A3864L&#039;, ip: &#039;10.5.5.87&#039;, os.name: &#039;Windows 10&#039;, os.arch: &#039;amd64&#039;, os.version: &#039;10.0&#039;, java.version: &#039;17.0.1&#039;
Driver info: org.openqa.selenium.chrome.ChromeDriver
Command: [1a599e8c912e5e6076ba9a43e32c754b, findElement {using=xpath, value=//h1}]
Capabilities {acceptInsecureCerts: false, browserName: chrome, browserVersion: 96.0.4664.110, chrome: {chromedriverVersion: 96.0.4664.45 (76e4c1bb2ab46..., userDataDir: C:\Users\KARTHI~1.KAL\AppDa...}, goog:chromeOptions: {debuggerAddress: localhost:54622}, javascriptEnabled: true, networkConnectionEnabled: false, pageLoadStrategy: normal, platform: WINDOWS, platformName: WINDOWS, proxy: Proxy(), se:cdp: ws://localhost:54622/devtoo..., se:cdpVersion: 96.0.4664.110, setWindowRect: true, strictFileInteractability: false, timeouts: {implicit: 0, pageLoad: 300000, script: 30000}, unhandledPromptBehavior: dismiss and notify, webauthn:extension:credBlob: true, webauthn:extension:largeBlob: true, webauthn:virtualAuthenticators: true}
Session ID: 1a599e8c912e5e6076ba9a43e32c754b" type="org.openqa.selenium.NoSuchElementException">
      <![CDATA[org.openqa.selenium.NoSuchElementException: no such element: Unable to locate element: {"method":"xpath","selector":"//h1"}
  (Session info: headless chrome=96.0.4664.110)
For documentation on this error, please visit: https://selenium.dev/exceptions/#no_such_element
Build info: version: '4.1.0', revision: '87802e897b'
System info: host: 'A3864L', ip: '10.5.5.87', os.name: 'Windows 10', os.arch: 'amd64', os.version: '10.0', java.version: '17.0.1'
Driver info: org.openqa.selenium.chrome.ChromeDriver
Command: [1a599e8c912e5e6076ba9a43e32c754b, findElement {using=xpath, value=//h1}]
Capabilities {acceptInsecureCerts: false, browserName: chrome, browserVersion: 96.0.4664.110, chrome: {chromedriverVersion: 96.0.4664.45 (76e4c1bb2ab46..., userDataDir: C:\Users\KARTHI~1.KAL\AppDa...}, goog:chromeOptions: {debuggerAddress: localhost:54622}, javascriptEnabled: true, networkConnectionEnabled: false, pageLoadStrategy: normal, platform: WINDOWS, platformName: WINDOWS, proxy: Proxy(), se:cdp: ws://localhost:54622/devtoo..., se:cdpVersion: 96.0.4664.110, setWindowRect: true, strictFileInteractability: false, timeouts: {implicit: 0, pageLoad: 300000, script: 30000}, unhandledPromptBehavior: dismiss and notify, webauthn:extension:credBlob: true, webauthn:extension:largeBlob: true, webauthn:virtualAuthenticators: true}
Session ID: 1a599e8c912e5e6076ba9a43e32c754b
at java.base/jdk.internal.reflect.NativeConstructorAccessorImpl.newInstance0(Native Method)
at java.base/jdk.internal.reflect.NativeConstructorAccessorImpl.newInstance(NativeConstructorAccessorImpl.java:77)
at java.base/jdk.internal.reflect.DelegatingConstructorAccessorImpl.newInstance(DelegatingConstructorAccessorImpl.java:45)
at java.base/java.lang.reflect.Constructor.newInstanceWithCaller(Constructor.java:499)
at java.base/java.lang.reflect.Constructor.newInstance(Constructor.java:480)
at org.openqa.selenium.remote.codec.w3c.W3CHttpResponseCodec.createException(W3CHttpResponseCodec.java:200)
at org.openqa.selenium.remote.codec.w3c.W3CHttpResponseCodec.decode(W3CHttpResponseCodec.java:133)
at org.openqa.selenium.remote.codec.w3c.W3CHttpResponseCodec.decode(W3CHttpResponseCodec.java:53)
at org.openqa.selenium.remote.HttpCommandExecutor.execute(HttpCommandExecutor.java:184)
at org.openqa.selenium.remote.service.DriverCommandExecutor.invokeExecute(DriverCommandExecutor.java:164)
at org.openqa.selenium.remote.service.DriverCommandExecutor.execute(DriverCommandExecutor.java:139)
at org.openqa.selenium.remote.RemoteWebDriver.execute(RemoteWebDriver.java:559)
at org.openqa.selenium.remote.ElementLocation$ElementFinder$2.findElement(ElementLocation.java:162)
at org.openqa.selenium.remote.ElementLocation.findElement(ElementLocation.java:60)
at org.openqa.selenium.remote.RemoteWebDriver.findElement(RemoteWebDriver.java:383)
at org.openqa.selenium.remote.RemoteWebDriver.findElement(RemoteWebDriver.java:375)
at jdk.internal.reflect.GeneratedMethodAccessor2.invoke(Unknown Source)
at java.base/jdk.internal.reflect.DelegatingMethodAccessorImpl.invoke(DelegatingMethodAccessorImpl.java:43)
at java.base/java.lang.reflect.Method.invoke(Method.java:568)
at org.openqa.selenium.support.decorators.WebDriverDecorator.call(WebDriverDecorator.java:232)
at org.openqa.selenium.support.decorators.DefaultDecorated.call(DefaultDecorated.java:48)
at org.openqa.selenium.support.decorators.WebDriverDecorator.lambda$createProxy$0(WebDriverDecorator.java:294)
at jdk.proxy2/jdk.proxy2.$Proxy15.findElement(Unknown Source)
at org.openqa.selenium.support.pagefactory.DefaultElementLocator.findElement(DefaultElementLocator.java:70)
at org.openqa.selenium.support.pagefactory.internal.LocatingElementHandler.invoke(LocatingElementHandler.java:39)
at jdk.proxy2/jdk.proxy2.$Proxy21.getText(Unknown Source)
at com.iselect.pages.GlobalHomePage.clickOnCreditCardsInBottomMenu(GlobalHomePage.java:3889)
at com.iselect.tests.GlobalHomePageTest.testclickOnCreditCardsInBottomMenu(GlobalHomePageTest.java:1697)
at java.base/jdk.internal.reflect.NativeMethodAccessorImpl.invoke0(Native Method)
at java.base/jdk.internal.reflect.NativeMethodAccessorImpl.invoke(NativeMethodAccessorImpl.java:77)
at java.base/jdk.internal.reflect.DelegatingMethodAccessorImpl.invoke(DelegatingMethodAccessorImpl.java:43)
at java.base/java.lang.reflect.Method.invoke(Method.java:568)
at org.testng.internal.MethodInvocationHelper.invokeMethod(MethodInvocationHelper.java:133)
at org.testng.internal.TestInvoker.invokeMethod(TestInvoker.java:598)
at org.testng.internal.TestInvoker.invokeTestMethod(TestInvoker.java:173)
at org.testng.internal.MethodRunner.runInSequence(MethodRunner.java:46)
at org.testng.internal.TestInvoker$MethodInvocationAgent.invoke(TestInvoker.java:824)
at org.testng.internal.TestInvoker.invokeTestMethods(TestInvoker.java:146)
at org.testng.internal.TestMethodWorker.invokeTestMethods(TestMethodWorker.java:146)
at org.testng.internal.TestMethodWorker.run(TestMethodWorker.java:128)
at java.base/java.util.ArrayList.forEach(ArrayList.java:1511)
at org.testng.TestRunner.privateRun(TestRunner.java:794)
at org.testng.TestRunner.run(TestRunner.java:596)
at org.testng.SuiteRunner.runTest(SuiteRunner.java:377)
at org.testng.SuiteRunner.access$000(SuiteRunner.java:28)
at org.testng.SuiteRunner$SuiteWorker.run(SuiteRunner.java:418)
at org.testng.internal.thread.ThreadUtil.lambda$execute$0(ThreadUtil.java:64)
at java.base/java.util.concurrent.FutureTask.run(FutureTask.java:264)
at java.base/java.util.concurrent.ThreadPoolExecutor.runWorker(ThreadPoolExecutor.java:1136)
at java.base/java.util.concurrent.ThreadPoolExecutor$Worker.run(ThreadPoolExecutor.java:635)
at java.base/java.lang.Thread.run(Thread.java:833)
]]>
    </error>
  </testcase> <!-- testclickOnCreditCardsInBottomMenu -->
  <system-out/>
  <testcase classname="com.iselect.tests.GlobalHomePageTest" name="testclickOnTenMortagageRepaybtn" time="14.545"/>
  <system-out/>
  <testcase classname="com.iselect.tests.GlobalHomePageTest" name="testclickPropertyInvestmentbtn" time="13.865"/>
  <system-out/>
  <testcase classname="com.iselect.tests.GlobalHomePageTest" name="testAllHomeLoanCalculators" time="14.213"/>
  <system-out/>
  <testcase classname="com.iselect.tests.GlobalHomePageTest" name="testclickOnUnderstandingMobileGargonsBtn" time="17.341"/>
  <system-out/>
  <testcase classname="com.iselect.tests.GlobalHomePageTest" name="testLinkedInLink" time="42.376">
    <error message="no such element: Unable to locate element: {&quot;method&quot;:&quot;xpath&quot;,&quot;selector&quot;:&quot;//p[contains(text(),&#039;At iSelect&#039;)]&quot;}
  (Session info: headless chrome=96.0.4664.110)
For documentation on this error, please visit: https://selenium.dev/exceptions/#no_such_element
Build info: version: &#039;4.1.0&#039;, revision: &#039;87802e897b&#039;
System info: host: &#039;A3864L&#039;, ip: &#039;10.5.5.87&#039;, os.name: &#039;Windows 10&#039;, os.arch: &#039;amd64&#039;, os.version: &#039;10.0&#039;, java.version: &#039;17.0.1&#039;
Driver info: org.openqa.selenium.chrome.ChromeDriver
Command: [2b368ba3b3e7a667415ddf63165fcf5f, findElement {using=xpath, value=//p[contains(text(),&#039;At iSelect&#039;)]}]
Capabilities {acceptInsecureCerts: false, browserName: chrome, browserVersion: 96.0.4664.110, chrome: {chromedriverVersion: 96.0.4664.45 (76e4c1bb2ab46..., userDataDir: C:\Users\KARTHI~1.KAL\AppDa...}, goog:chromeOptions: {debuggerAddress: localhost:61631}, javascriptEnabled: true, networkConnectionEnabled: false, pageLoadStrategy: normal, platform: WINDOWS, platformName: WINDOWS, proxy: Proxy(), se:cdp: ws://localhost:61631/devtoo..., se:cdpVersion: 96.0.4664.110, setWindowRect: true, strictFileInteractability: false, timeouts: {implicit: 0, pageLoad: 300000, script: 30000}, unhandledPromptBehavior: dismiss and notify, webauthn:extension:credBlob: true, webauthn:extension:largeBlob: true, webauthn:virtualAuthenticators: true}
Session ID: 2b368ba3b3e7a667415ddf63165fcf5f" type="org.openqa.selenium.NoSuchElementException">
      <![CDATA[org.openqa.selenium.NoSuchElementException: no such element: Unable to locate element: {"method":"xpath","selector":"//p[contains(text(),'At iSelect')]"}
  (Session info: headless chrome=96.0.4664.110)
For documentation on this error, please visit: https://selenium.dev/exceptions/#no_such_element
Build info: version: '4.1.0', revision: '87802e897b'
System info: host: 'A3864L', ip: '10.5.5.87', os.name: 'Windows 10', os.arch: 'amd64', os.version: '10.0', java.version: '17.0.1'
Driver info: org.openqa.selenium.chrome.ChromeDriver
Command: [2b368ba3b3e7a667415ddf63165fcf5f, findElement {using=xpath, value=//p[contains(text(),'At iSelect')]}]
Capabilities {acceptInsecureCerts: false, browserName: chrome, browserVersion: 96.0.4664.110, chrome: {chromedriverVersion: 96.0.4664.45 (76e4c1bb2ab46..., userDataDir: C:\Users\KARTHI~1.KAL\AppDa...}, goog:chromeOptions: {debuggerAddress: localhost:61631}, javascriptEnabled: true, networkConnectionEnabled: false, pageLoadStrategy: normal, platform: WINDOWS, platformName: WINDOWS, proxy: Proxy(), se:cdp: ws://localhost:61631/devtoo..., se:cdpVersion: 96.0.4664.110, setWindowRect: true, strictFileInteractability: false, timeouts: {implicit: 0, pageLoad: 300000, script: 30000}, unhandledPromptBehavior: dismiss and notify, webauthn:extension:credBlob: true, webauthn:extension:largeBlob: true, webauthn:virtualAuthenticators: true}
Session ID: 2b368ba3b3e7a667415ddf63165fcf5f
at java.base/jdk.internal.reflect.NativeConstructorAccessorImpl.newInstance0(Native Method)
at java.base/jdk.internal.reflect.NativeConstructorAccessorImpl.newInstance(NativeConstructorAccessorImpl.java:77)
at java.base/jdk.internal.reflect.DelegatingConstructorAccessorImpl.newInstance(DelegatingConstructorAccessorImpl.java:45)
at java.base/java.lang.reflect.Constructor.newInstanceWithCaller(Constructor.java:499)
at java.base/java.lang.reflect.Constructor.newInstance(Constructor.java:480)
at org.openqa.selenium.remote.codec.w3c.W3CHttpResponseCodec.createException(W3CHttpResponseCodec.java:200)
at org.openqa.selenium.remote.codec.w3c.W3CHttpResponseCodec.decode(W3CHttpResponseCodec.java:133)
at org.openqa.selenium.remote.codec.w3c.W3CHttpResponseCodec.decode(W3CHttpResponseCodec.java:53)
at org.openqa.selenium.remote.HttpCommandExecutor.execute(HttpCommandExecutor.java:184)
at org.openqa.selenium.remote.service.DriverCommandExecutor.invokeExecute(DriverCommandExecutor.java:164)
at org.openqa.selenium.remote.service.DriverCommandExecutor.execute(DriverCommandExecutor.java:139)
at org.openqa.selenium.remote.RemoteWebDriver.execute(RemoteWebDriver.java:559)
at org.openqa.selenium.remote.ElementLocation$ElementFinder$2.findElement(ElementLocation.java:162)
at org.openqa.selenium.remote.ElementLocation.findElement(ElementLocation.java:60)
at org.openqa.selenium.remote.RemoteWebDriver.findElement(RemoteWebDriver.java:383)
at org.openqa.selenium.remote.RemoteWebDriver.findElement(RemoteWebDriver.java:375)
at jdk.internal.reflect.GeneratedMethodAccessor2.invoke(Unknown Source)
at java.base/jdk.internal.reflect.DelegatingMethodAccessorImpl.invoke(DelegatingMethodAccessorImpl.java:43)
at java.base/java.lang.reflect.Method.invoke(Method.java:568)
at org.openqa.selenium.support.decorators.WebDriverDecorator.call(WebDriverDecorator.java:232)
at org.openqa.selenium.support.decorators.DefaultDecorated.call(DefaultDecorated.java:48)
at org.openqa.selenium.support.decorators.WebDriverDecorator.lambda$createProxy$0(WebDriverDecorator.java:294)
at jdk.proxy2/jdk.proxy2.$Proxy15.findElement(Unknown Source)
at com.iselect.pages.GlobalHomePage.clickOnLinkedIn(GlobalHomePage.java:2340)
at com.iselect.tests.GlobalHomePageTest.testLinkedInLink(GlobalHomePageTest.java:747)
at java.base/jdk.internal.reflect.NativeMethodAccessorImpl.invoke0(Native Method)
at java.base/jdk.internal.reflect.NativeMethodAccessorImpl.invoke(NativeMethodAccessorImpl.java:77)
at java.base/jdk.internal.reflect.DelegatingMethodAccessorImpl.invoke(DelegatingMethodAccessorImpl.java:43)
at java.base/java.lang.reflect.Method.invoke(Method.java:568)
at org.testng.internal.MethodInvocationHelper.invokeMethod(MethodInvocationHelper.java:133)
at org.testng.internal.TestInvoker.invokeMethod(TestInvoker.java:598)
at org.testng.internal.TestInvoker.invokeTestMethod(TestInvoker.java:173)
at org.testng.internal.MethodRunner.runInSequence(MethodRunner.java:46)
at org.testng.internal.TestInvoker$MethodInvocationAgent.invoke(TestInvoker.java:824)
at org.testng.internal.TestInvoker.invokeTestMethods(TestInvoker.java:146)
at org.testng.internal.TestMethodWorker.invokeTestMethods(TestMethodWorker.java:146)
at org.testng.internal.TestMethodWorker.run(TestMethodWorker.java:128)
at java.base/java.util.ArrayList.forEach(ArrayList.java:1511)
at org.testng.TestRunner.privateRun(TestRunner.java:794)
at org.testng.TestRunner.run(TestRunner.java:596)
at org.testng.SuiteRunner.runTest(SuiteRunner.java:377)
at org.testng.SuiteRunner.access$000(SuiteRunner.java:28)
at org.testng.SuiteRunner$SuiteWorker.run(SuiteRunner.java:418)
at org.testng.internal.thread.ThreadUtil.lambda$execute$0(ThreadUtil.java:64)
at java.base/java.util.concurrent.FutureTask.run(FutureTask.java:264)
at java.base/java.util.concurrent.ThreadPoolExecutor.runWorker(ThreadPoolExecutor.java:1136)
at java.base/java.util.concurrent.ThreadPoolExecutor$Worker.run(ThreadPoolExecutor.java:635)
at java.base/java.lang.Thread.run(Thread.java:833)
]]>
    </error>
  </testcase> <!-- testLinkedInLink -->
  <system-out/>
  <testcase classname="com.iselect.tests.GlobalHomePageTest" name="testclickOnChoosingRightVisitorCover" time="13.701"/>
  <system-out/>
  <testcase classname="com.iselect.tests.GlobalHomePageTest" name="testWhyTimeSeemsToFlyAsWeGetOlder" time="16.831"/>
  <system-out/>
  <testcase classname="com.iselect.tests.GlobalHomePageTest" name="testPublicLiabilityInsuranceBtnInSA" time="14.861"/>
  <system-out/>
  <testcase classname="com.iselect.tests.GlobalHomePageTest" name="testclickOn3gVs4gBtn" time="14.375"/>
  <system-out/>
  <testcase classname="com.iselect.tests.GlobalHomePageTest" name="testclickOnAusisBridgingVisaExplained" time="15.453"/>
  <system-out/>
  <testcase classname="com.iselect.tests.GlobalHomePageTest" name="testTravelInsuranceButton" time="14.836"/>
  <system-out/>
  <testcase classname="com.iselect.tests.GlobalHomePageTest" name="testClickOnSecuredBusinessLoans" time="14.914"/>
  <system-out/>
  <testcase classname="com.iselect.tests.GlobalHomePageTest" name="testclickOnHowMuchCanIBorrowbtn" time="17.615"/>
  <system-out/>
  <testcase classname="com.iselect.tests.GlobalHomePageTest" name="testSwitchingHealthInsuranceBtnInHealth" time="14.736"/>
  <system-out/>
  <testcase classname="com.iselect.tests.GlobalHomePageTest" name="testclickOnNBNBtn" time="16.487"/>
  <system-out/>
  <testcase classname="com.iselect.tests.GlobalHomePageTest" name="testClickingWhatIsLifeInsuranceText" time="11.220"/>
  <system-out/>
  <testcase classname="com.iselect.tests.GlobalHomePageTest" name="testMakeTheMostOfFreedomYearsInsuranceBtnInLifeSection" time="14.821"/>
  <system-out/>
  <testcase classname="com.iselect.tests.GlobalHomePageTest" name="testClickOnWhatIsHomeAndContentsbutton" time="14.625"/>
  <system-out/>
  <testcase classname="com.iselect.tests.GlobalHomePageTest" name="testCarInsuranceBtnInPopular" time="17.178"/>
  <system-out/>
  <testcase classname="com.iselect.tests.GlobalHomePageTest" name="testclickOnPolicyDetails" time="13.853"/>
  <system-out/>
  <testcase classname="com.iselect.tests.GlobalHomePageTest" name="testInvestorCentreLink" time="12.225"/>
  <system-out/>
  <testcase classname="com.iselect.tests.GlobalHomePageTest" name="testClickingReadMoreLinkEnergy" time="12.396"/>
  <system-out/>
  <testcase classname="com.iselect.tests.GlobalHomePageTest" name="testYoutubeLink" time="17.677"/>
  <system-out/>
  <testcase classname="com.iselect.tests.GlobalHomePageTest" name="testclickOnClaimingHomeAndContents" time="14.265"/>
  <system-out/>
  <testcase classname="com.iselect.tests.GlobalHomePageTest" name="testLifeInsuranceButton" time="12.586"/>
  <system-out/>
  <testcase classname="com.iselect.tests.GlobalHomePageTest" name="testAusisGovtRebateBtnInHealth" time="32.471"/>
  <system-out/>
  <testcase classname="com.iselect.tests.GlobalHomePageTest" name="testclickOnCruiseTravelInsurance" time="14.671"/>
  <system-out/>
  <testcase classname="com.iselect.tests.GlobalHomePageTest" name="testCompareBusinessInsuranceBtn" time="14.423"/>
  <system-out/>
  <testcase classname="com.iselect.tests.GlobalHomePageTest" name="testclickOnComparePetInsurance" time="15.038"/>
  <system-out/>
  <testcase classname="com.iselect.tests.GlobalHomePageTest" name="testclickOnOverseasStudentHealthCover" time="13.859"/>
  <system-out/>
  <testcase classname="com.iselect.tests.GlobalHomePageTest" name="testclickOnPetInBottomMenu" time="12.067"/>
  <system-out/>
  <testcase classname="com.iselect.tests.GlobalHomePageTest" name="testclickOnConnectingToNBNPlan" time="16.358"/>
  <system-out/>
  <testcase classname="com.iselect.tests.GlobalHomePageTest" name="testOurCompanyLink" time="15.303"/>
  <system-out/>
  <testcase classname="com.iselect.tests.GlobalHomePageTest" name="testInternetUtilityBtn" time="13.589"/>
  <system-out/>
  <testcase classname="com.iselect.tests.GlobalHomePageTest" name="testclickOnDomesticTravelInsurance" time="16.859"/>
  <system-out/>
  <testcase classname="com.iselect.tests.GlobalHomePageTest" name="testUtilitiesBtnThenElecAndGasBtnInit" time="14.257"/>
  <system-out/>
  <testcase classname="com.iselect.tests.GlobalHomePageTest" name="testclickOnCostOfOwingAPetInsurance" time="13.768"/>
  <system-out/>
  <testcase classname="com.iselect.tests.GlobalHomePageTest" name="testclickOnTravelInBottomMenu" time="13.562"/>
  <system-out/>
  <testcase classname="com.iselect.tests.GlobalHomePageTest" name="testclickOnEnergyComparisonNSW" time="15.503"/>
  <system-out/>
  <testcase classname="com.iselect.tests.GlobalHomePageTest" name="testEquipmentLoansandFinancing" time="14.962"/>
  <system-out/>
  <testcase classname="com.iselect.tests.GlobalHomePageTest" name="testclickOnMobilePlansInBottomMenu" time="12.226"/>
  <system-out/>
  <testcase classname="com.iselect.tests.GlobalHomePageTest" name="testElecAndGasUtilityBtn" time="13.422"/>
  <system-out/>
  <testcase classname="com.iselect.tests.GlobalHomePageTest" name="testInsuranceBtnThenPetInsuranceBtnInit" time="13.294"/>
  <system-out/>
  <testcase classname="com.iselect.tests.GlobalHomePageTest" name="testclickOnHomeLoanCalc" time="16.984"/>
  <system-out/>
  <testcase classname="com.iselect.tests.GlobalHomePageTest" name="testHomeAndContentsInsuranceButton" time="18.179"/>
  <system-out/>
  <testcase classname="com.iselect.tests.GlobalHomePageTest" name="testMovingHouseBtnInFinanceButtonHover" time="12.673"/>
  <system-out/>
  <testcase classname="com.iselect.tests.GlobalHomePageTest" name="testclickOnMakeYourNextHouseMoveQuick" time="14.518"/>
  <system-out/>
  <testcase classname="com.iselect.tests.GlobalHomePageTest" name="testclickOnMovingHouseMakeItEasy" time="15.347"/>
  <system-out/>
  <testcase classname="com.iselect.tests.GlobalHomePageTest" name="testClickOnFindHomeAndContentsbutton" time="18.710"/>
  <system-out/>
  <testcase classname="com.iselect.tests.GlobalHomePageTest" name="testclickOnWaitingPeriods" time="14.057"/>
  <system-out/>
  <testcase classname="com.iselect.tests.GlobalHomePageTest" name="testTPDInsuranceBtnInLifeSection" time="17.557"/>
  <system-out/>
  <testcase classname="com.iselect.tests.GlobalHomePageTest" name="testDoINeedCarInsurance" time="14.044"/>
  <system-out/>
  <testcase classname="com.iselect.tests.GlobalHomePageTest" name="testInsuranceBtnThenOverseasVisitorCoverBtnInit" time="13.321"/>
  <system-out/>
  <testcase classname="com.iselect.tests.GlobalHomePageTest" name="testclickOnIncomeProtInBottomMenu" time="16.008"/>
  <system-out/>
  <testcase classname="com.iselect.tests.GlobalHomePageTest" name="testclickOnLandlordInsurance" time="18.692"/>
  <system-out/>
  <testcase classname="com.iselect.tests.GlobalHomePageTest" name="testCompareBusinessLoansBtn" time="19.843"/>
  <system-out/>
  <testcase classname="com.iselect.tests.GlobalHomePageTest" name="testPetInsuranceButton" time="13.735"/>
  <system-out/>
  <testcase classname="com.iselect.tests.GlobalHomePageTest" name="testclickOnVisaReq" time="13.924"/>
  <system-out/>
  <testcase classname="com.iselect.tests.GlobalHomePageTest" name="testClickOnFindingBestCarInsurance" time="14.932"/>
  <system-out/>
  <testcase classname="com.iselect.tests.GlobalHomePageTest" name="testclickOnBusinessLoansInBottomMenu" time="13.564"/>
  <system-out/>
  <testcase classname="com.iselect.tests.GlobalHomePageTest" name="testclickOnReciprocalHealthCareAgreements" time="15.019"/>
  <system-out/>
  <testcase classname="com.iselect.tests.GlobalHomePageTest" name="testClickCompareCarInsBtn" time="18.163"/>
  <system-out/>
  <testcase classname="com.iselect.tests.GlobalHomePageTest" name="testCareersLink" time="11.793"/>
  <system-out/>
  <testcase classname="com.iselect.tests.GlobalHomePageTest" name="testIsHealthInsuranceWorthHaving" time="13.079"/>
  <system-out/>
  <testcase classname="com.iselect.tests.GlobalHomePageTest" name="testCarInsuranceVictoria" time="15.015"/>
  <system-out/>
  <testcase classname="com.iselect.tests.GlobalHomePageTest" name="testclickFixedRateHomeLoansbtn" time="14.406"/>
  <system-out/>
  <testcase classname="com.iselect.tests.GlobalHomePageTest" name="testclickOnSaveElectricity" time="13.714"/>
  <system-out/>
  <testcase classname="com.iselect.tests.GlobalHomePageTest" name="testReadMoreButtonOnHealthFundsCoverTile" time="16.590"/>
  <system-out/>
  <testcase classname="com.iselect.tests.GlobalHomePageTest" name="testClickOnChattelMortgage" time="14.745"/>
  <system-out/>
  <testcase classname="com.iselect.tests.GlobalHomePageTest" name="testClickIsIncomeProtectionInsuranceTaxDeductibleBtn" time="14.086"/>
  <system-out/>
  <testcase classname="com.iselect.tests.GlobalHomePageTest" name="testContactUsLink" time="15.210"/>
  <system-out/>
  <testcase classname="com.iselect.tests.GlobalHomePageTest" name="testSavingOnCarInsurancebtn" time="14.812"/>
  <system-out/>
  <testcase classname="com.iselect.tests.GlobalHomePageTest" name="testclickOnInternetInBottomMenu" time="12.538"/>
  <system-out/>
  <testcase classname="com.iselect.tests.GlobalHomePageTest" name="testCyberLiabilityInsurance" time="13.893"/>
  <system-out/>
  <testcase classname="com.iselect.tests.GlobalHomePageTest" name="testclickOnHomeLoansInBottomMenu" time="15.606"/>
  <system-out/>
  <testcase classname="com.iselect.tests.GlobalHomePageTest" name="testclickOnInternetDealsBtn" time="16.064"/>
  <system-out/>
  <testcase classname="com.iselect.tests.GlobalHomePageTest" name="testClickOnUnSecuredBusinessLoans" time="14.181"/>
  <system-out/>
  <testcase classname="com.iselect.tests.GlobalHomePageTest" name="testInsuranceBtnThenIncomeProtectionBtnInit" time="15.011"/>
  <system-out/>
  <testcase classname="com.iselect.tests.GlobalHomePageTest" name="testGetConnectedAtYourNewHomeBtn" time="13.091"/>
  <system-out/>
  <testcase classname="com.iselect.tests.GlobalHomePageTest" name="testDentalCoverBtnInHealth" time="15.181"/>
  <system-out/>
  <testcase classname="com.iselect.tests.GlobalHomePageTest" name="testComprehensivevsThirdPartyInCarHover" time="14.413"/>
  <system-out/>
  <testcase classname="com.iselect.tests.GlobalHomePageTest" name="testclickOnCompareMobilePlansBtn" time="13.909"/>
  <system-out/>
  <testcase classname="com.iselect.tests.GlobalHomePageTest" name="testMovingHouseBtnInCar" time="14.343"/>
  <system-out/>
  <testcase classname="com.iselect.tests.GlobalHomePageTest" name="testInsuranceBtnThenTravelInsuranceBtnInit" time="40.302">
    <error message="element not interactable
  (Session info: headless chrome=96.0.4664.110)
Build info: version: &#039;4.1.0&#039;, revision: &#039;87802e897b&#039;
System info: host: &#039;A3864L&#039;, ip: &#039;10.5.5.87&#039;, os.name: &#039;Windows 10&#039;, os.arch: &#039;amd64&#039;, os.version: &#039;10.0&#039;, java.version: &#039;17.0.1&#039;
Driver info: org.openqa.selenium.chrome.ChromeDriver
Command: [82b6fbb38782750b6203a36a79e538c4, clickElement {id=c58aaa4c-e7dc-4db0-ace7-553db0005aa9}]
Capabilities {acceptInsecureCerts: false, browserName: chrome, browserVersion: 96.0.4664.110, chrome: {chromedriverVersion: 96.0.4664.45 (76e4c1bb2ab46..., userDataDir: C:\Users\KARTHI~1.KAL\AppDa...}, goog:chromeOptions: {debuggerAddress: localhost:60120}, javascriptEnabled: true, networkConnectionEnabled: false, pageLoadStrategy: normal, platform: WINDOWS, platformName: WINDOWS, proxy: Proxy(), se:cdp: ws://localhost:60120/devtoo..., se:cdpVersion: 96.0.4664.110, setWindowRect: true, strictFileInteractability: false, timeouts: {implicit: 0, pageLoad: 300000, script: 30000}, unhandledPromptBehavior: dismiss and notify, webauthn:extension:credBlob: true, webauthn:extension:largeBlob: true, webauthn:virtualAuthenticators: true}
Element: [[ChromeDriver: chrome on WINDOWS (82b6fbb38782750b6203a36a79e538c4)] -&gt; xpath: //a[normalize-space()=&#039;Travel&#039;]]
Session ID: 82b6fbb38782750b6203a36a79e538c4" type="org.openqa.selenium.ElementNotInteractableException">
      <![CDATA[org.openqa.selenium.ElementNotInteractableException: element not interactable
  (Session info: headless chrome=96.0.4664.110)
Build info: version: '4.1.0', revision: '87802e897b'
System info: host: 'A3864L', ip: '10.5.5.87', os.name: 'Windows 10', os.arch: 'amd64', os.version: '10.0', java.version: '17.0.1'
Driver info: org.openqa.selenium.chrome.ChromeDriver
Command: [82b6fbb38782750b6203a36a79e538c4, clickElement {id=c58aaa4c-e7dc-4db0-ace7-553db0005aa9}]
Capabilities {acceptInsecureCerts: false, browserName: chrome, browserVersion: 96.0.4664.110, chrome: {chromedriverVersion: 96.0.4664.45 (76e4c1bb2ab46..., userDataDir: C:\Users\KARTHI~1.KAL\AppDa...}, goog:chromeOptions: {debuggerAddress: localhost:60120}, javascriptEnabled: true, networkConnectionEnabled: false, pageLoadStrategy: normal, platform: WINDOWS, platformName: WINDOWS, proxy: Proxy(), se:cdp: ws://localhost:60120/devtoo..., se:cdpVersion: 96.0.4664.110, setWindowRect: true, strictFileInteractability: false, timeouts: {implicit: 0, pageLoad: 300000, script: 30000}, unhandledPromptBehavior: dismiss and notify, webauthn:extension:credBlob: true, webauthn:extension:largeBlob: true, webauthn:virtualAuthenticators: true}
Element: [[ChromeDriver: chrome on WINDOWS (82b6fbb38782750b6203a36a79e538c4)] -> xpath: //a[normalize-space()='Travel']]
Session ID: 82b6fbb38782750b6203a36a79e538c4
at java.base/jdk.internal.reflect.NativeConstructorAccessorImpl.newInstance0(Native Method)
at java.base/jdk.internal.reflect.NativeConstructorAccessorImpl.newInstance(NativeConstructorAccessorImpl.java:77)
at java.base/jdk.internal.reflect.DelegatingConstructorAccessorImpl.newInstance(DelegatingConstructorAccessorImpl.java:45)
at java.base/java.lang.reflect.Constructor.newInstanceWithCaller(Constructor.java:499)
at java.base/java.lang.reflect.Constructor.newInstance(Constructor.java:480)
at org.openqa.selenium.remote.codec.w3c.W3CHttpResponseCodec.createException(W3CHttpResponseCodec.java:200)
at org.openqa.selenium.remote.codec.w3c.W3CHttpResponseCodec.decode(W3CHttpResponseCodec.java:133)
at org.openqa.selenium.remote.codec.w3c.W3CHttpResponseCodec.decode(W3CHttpResponseCodec.java:53)
at org.openqa.selenium.remote.HttpCommandExecutor.execute(HttpCommandExecutor.java:184)
at org.openqa.selenium.remote.service.DriverCommandExecutor.invokeExecute(DriverCommandExecutor.java:164)
at org.openqa.selenium.remote.service.DriverCommandExecutor.execute(DriverCommandExecutor.java:139)
at org.openqa.selenium.remote.RemoteWebDriver.execute(RemoteWebDriver.java:559)
at org.openqa.selenium.remote.RemoteWebElement.execute(RemoteWebElement.java:251)
at org.openqa.selenium.remote.RemoteWebElement.click(RemoteWebElement.java:77)
at jdk.internal.reflect.GeneratedMethodAccessor11.invoke(Unknown Source)
at java.base/jdk.internal.reflect.DelegatingMethodAccessorImpl.invoke(DelegatingMethodAccessorImpl.java:43)
at java.base/java.lang.reflect.Method.invoke(Method.java:568)
at org.openqa.selenium.support.decorators.WebDriverDecorator.call(WebDriverDecorator.java:232)
at org.openqa.selenium.support.decorators.DefaultDecorated.call(DefaultDecorated.java:48)
at org.openqa.selenium.support.decorators.WebDriverDecorator.lambda$createProxy$0(WebDriverDecorator.java:294)
at org.openqa.selenium.support.decorators.$Proxy22.click(Unknown Source)
at jdk.internal.reflect.GeneratedMethodAccessor11.invoke(Unknown Source)
at java.base/jdk.internal.reflect.DelegatingMethodAccessorImpl.invoke(DelegatingMethodAccessorImpl.java:43)
at java.base/java.lang.reflect.Method.invoke(Method.java:568)
at org.openqa.selenium.support.pagefactory.internal.LocatingElementHandler.invoke(LocatingElementHandler.java:52)
at jdk.proxy2/jdk.proxy2.$Proxy21.click(Unknown Source)
at com.iselect.pages.GlobalHomePage.clickInsuranceBtnThenTravelInsuranceBtn(GlobalHomePage.java:1394)
at com.iselect.tests.GlobalHomePageTest.testInsuranceBtnThenTravelInsuranceBtnInit(GlobalHomePageTest.java:217)
at java.base/jdk.internal.reflect.NativeMethodAccessorImpl.invoke0(Native Method)
at java.base/jdk.internal.reflect.NativeMethodAccessorImpl.invoke(NativeMethodAccessorImpl.java:77)
at java.base/jdk.internal.reflect.DelegatingMethodAccessorImpl.invoke(DelegatingMethodAccessorImpl.java:43)
at java.base/java.lang.reflect.Method.invoke(Method.java:568)
at org.testng.internal.MethodInvocationHelper.invokeMethod(MethodInvocationHelper.java:133)
at org.testng.internal.TestInvoker.invokeMethod(TestInvoker.java:598)
at org.testng.internal.TestInvoker.invokeTestMethod(TestInvoker.java:173)
at org.testng.internal.MethodRunner.runInSequence(MethodRunner.java:46)
at org.testng.internal.TestInvoker$MethodInvocationAgent.invoke(TestInvoker.java:824)
at org.testng.internal.TestInvoker.invokeTestMethods(TestInvoker.java:146)
at org.testng.internal.TestMethodWorker.invokeTestMethods(TestMethodWorker.java:146)
at org.testng.internal.TestMethodWorker.run(TestMethodWorker.java:128)
at java.base/java.util.ArrayList.forEach(ArrayList.java:1511)
at org.testng.TestRunner.privateRun(TestRunner.java:794)
at org.testng.TestRunner.run(TestRunner.java:596)
at org.testng.SuiteRunner.runTest(SuiteRunner.java:377)
at org.testng.SuiteRunner.access$000(SuiteRunner.java:28)
at org.testng.SuiteRunner$SuiteWorker.run(SuiteRunner.java:418)
at org.testng.internal.thread.ThreadUtil.lambda$execute$0(ThreadUtil.java:64)
at java.base/java.util.concurrent.FutureTask.run(FutureTask.java:264)
at java.base/java.util.concurrent.ThreadPoolExecutor.runWorker(ThreadPoolExecutor.java:1136)
at java.base/java.util.concurrent.ThreadPoolExecutor$Worker.run(ThreadPoolExecutor.java:635)
at java.base/java.lang.Thread.run(Thread.java:833)
]]>
    </error>
  </testcase> <!-- testInsuranceBtnThenTravelInsuranceBtnInit -->
  <system-out/>
  <testcase classname="com.iselect.tests.GlobalHomePageTest" name="testHealthInsuranceGlossary" time="13.027"/>
  <system-out/>
  <testcase classname="com.iselect.tests.GlobalHomePageTest" name="testCompareHealthInsuranceBtnInHealth" time="16.377"/>
  <system-out/>
  <testcase classname="com.iselect.tests.GlobalHomePageTest" name="testBusinessInsuranceButton" time="13.703"/>
  <system-out/>
  <testcase classname="com.iselect.tests.GlobalHomePageTest" name="testclickOnDisclaimer" time="12.166"/>
  <system-out/>
  <testcase classname="com.iselect.tests.GlobalHomePageTest" name="testBorrowingPowerCalc" time="18.105"/>
  <system-out/>
  <testcase classname="com.iselect.tests.GlobalHomePageTest" name="testclickOnCableInternetPlansBtn" time="16.996"/>
  <system-out/>
  <testcase classname="com.iselect.tests.GlobalHomePageTest" name="testclickOnCompareElecAndGasBtn" time="15.295"/>
  <system-out/>
  <testcase classname="com.iselect.tests.GlobalHomePageTest" name="testIncomeProtectionBtnInFinanceButtonHover" time="15.796"/>
  <system-out/>
  <testcase classname="com.iselect.tests.GlobalHomePageTest" name="testScheduleAcallBtnInBusinessLoans" time="17.544"/>
  <system-out/>
  <testcase classname="com.iselect.tests.GlobalHomePageTest" name="testFaceBookLink" time="17.340"/>
  <system-out/>
  <testcase classname="com.iselect.tests.GlobalHomePageTest" name="testClickingReadMoreLinkLife" time="11.699"/>
  <system-out/>
  <testcase classname="com.iselect.tests.GlobalHomePageTest" name="testCarLoansFinanceButtonHover" time="44.057">
    <error message="no such element: Unable to locate element: {&quot;method&quot;:&quot;xpath&quot;,&quot;selector&quot;:&quot;//h1[text()=&#039;Compare Car Loans*&#039;]&quot;}
  (Session info: headless chrome=96.0.4664.110)
For documentation on this error, please visit: https://selenium.dev/exceptions/#no_such_element
Build info: version: &#039;4.1.0&#039;, revision: &#039;87802e897b&#039;
System info: host: &#039;A3864L&#039;, ip: &#039;10.5.5.87&#039;, os.name: &#039;Windows 10&#039;, os.arch: &#039;amd64&#039;, os.version: &#039;10.0&#039;, java.version: &#039;17.0.1&#039;
Driver info: org.openqa.selenium.chrome.ChromeDriver
Command: [7da04c1f347b530792f951ff057ad2b6, findElement {using=xpath, value=//h1[text()=&#039;Compare Car Loans*&#039;]}]
Capabilities {acceptInsecureCerts: false, browserName: chrome, browserVersion: 96.0.4664.110, chrome: {chromedriverVersion: 96.0.4664.45 (76e4c1bb2ab46..., userDataDir: C:\Users\KARTHI~1.KAL\AppDa...}, goog:chromeOptions: {debuggerAddress: localhost:52097}, javascriptEnabled: true, networkConnectionEnabled: false, pageLoadStrategy: normal, platform: WINDOWS, platformName: WINDOWS, proxy: Proxy(), se:cdp: ws://localhost:52097/devtoo..., se:cdpVersion: 96.0.4664.110, setWindowRect: true, strictFileInteractability: false, timeouts: {implicit: 0, pageLoad: 300000, script: 30000}, unhandledPromptBehavior: dismiss and notify, webauthn:extension:credBlob: true, webauthn:extension:largeBlob: true, webauthn:virtualAuthenticators: true}
Session ID: 7da04c1f347b530792f951ff057ad2b6" type="org.openqa.selenium.NoSuchElementException">
      <![CDATA[org.openqa.selenium.NoSuchElementException: no such element: Unable to locate element: {"method":"xpath","selector":"//h1[text()='Compare Car Loans*']"}
  (Session info: headless chrome=96.0.4664.110)
For documentation on this error, please visit: https://selenium.dev/exceptions/#no_such_element
Build info: version: '4.1.0', revision: '87802e897b'
System info: host: 'A3864L', ip: '10.5.5.87', os.name: 'Windows 10', os.arch: 'amd64', os.version: '10.0', java.version: '17.0.1'
Driver info: org.openqa.selenium.chrome.ChromeDriver
Command: [7da04c1f347b530792f951ff057ad2b6, findElement {using=xpath, value=//h1[text()='Compare Car Loans*']}]
Capabilities {acceptInsecureCerts: false, browserName: chrome, browserVersion: 96.0.4664.110, chrome: {chromedriverVersion: 96.0.4664.45 (76e4c1bb2ab46..., userDataDir: C:\Users\KARTHI~1.KAL\AppDa...}, goog:chromeOptions: {debuggerAddress: localhost:52097}, javascriptEnabled: true, networkConnectionEnabled: false, pageLoadStrategy: normal, platform: WINDOWS, platformName: WINDOWS, proxy: Proxy(), se:cdp: ws://localhost:52097/devtoo..., se:cdpVersion: 96.0.4664.110, setWindowRect: true, strictFileInteractability: false, timeouts: {implicit: 0, pageLoad: 300000, script: 30000}, unhandledPromptBehavior: dismiss and notify, webauthn:extension:credBlob: true, webauthn:extension:largeBlob: true, webauthn:virtualAuthenticators: true}
Session ID: 7da04c1f347b530792f951ff057ad2b6
at java.base/jdk.internal.reflect.NativeConstructorAccessorImpl.newInstance0(Native Method)
at java.base/jdk.internal.reflect.NativeConstructorAccessorImpl.newInstance(NativeConstructorAccessorImpl.java:77)
at java.base/jdk.internal.reflect.DelegatingConstructorAccessorImpl.newInstance(DelegatingConstructorAccessorImpl.java:45)
at java.base/java.lang.reflect.Constructor.newInstanceWithCaller(Constructor.java:499)
at java.base/java.lang.reflect.Constructor.newInstance(Constructor.java:480)
at org.openqa.selenium.remote.codec.w3c.W3CHttpResponseCodec.createException(W3CHttpResponseCodec.java:200)
at org.openqa.selenium.remote.codec.w3c.W3CHttpResponseCodec.decode(W3CHttpResponseCodec.java:133)
at org.openqa.selenium.remote.codec.w3c.W3CHttpResponseCodec.decode(W3CHttpResponseCodec.java:53)
at org.openqa.selenium.remote.HttpCommandExecutor.execute(HttpCommandExecutor.java:184)
at org.openqa.selenium.remote.service.DriverCommandExecutor.invokeExecute(DriverCommandExecutor.java:164)
at org.openqa.selenium.remote.service.DriverCommandExecutor.execute(DriverCommandExecutor.java:139)
at org.openqa.selenium.remote.RemoteWebDriver.execute(RemoteWebDriver.java:559)
at org.openqa.selenium.remote.ElementLocation$ElementFinder$2.findElement(ElementLocation.java:162)
at org.openqa.selenium.remote.ElementLocation.findElement(ElementLocation.java:60)
at org.openqa.selenium.remote.RemoteWebDriver.findElement(RemoteWebDriver.java:383)
at org.openqa.selenium.remote.RemoteWebDriver.findElement(RemoteWebDriver.java:375)
at jdk.internal.reflect.GeneratedMethodAccessor2.invoke(Unknown Source)
at java.base/jdk.internal.reflect.DelegatingMethodAccessorImpl.invoke(DelegatingMethodAccessorImpl.java:43)
at java.base/java.lang.reflect.Method.invoke(Method.java:568)
at org.openqa.selenium.support.decorators.WebDriverDecorator.call(WebDriverDecorator.java:232)
at org.openqa.selenium.support.decorators.DefaultDecorated.call(DefaultDecorated.java:48)
at org.openqa.selenium.support.decorators.WebDriverDecorator.lambda$createProxy$0(WebDriverDecorator.java:294)
at jdk.proxy2/jdk.proxy2.$Proxy15.findElement(Unknown Source)
at org.openqa.selenium.support.pagefactory.DefaultElementLocator.findElement(DefaultElementLocator.java:70)
at org.openqa.selenium.support.pagefactory.internal.LocatingElementHandler.invoke(LocatingElementHandler.java:39)
at jdk.proxy2/jdk.proxy2.$Proxy21.isDisplayed(Unknown Source)
at com.iselect.pages.GlobalHomePage.verifyCarLoansFinanceButton(GlobalHomePage.java:1158)
at com.iselect.tests.GlobalHomePageTest.testCarLoansFinanceButtonHover(GlobalHomePageTest.java:85)
at java.base/jdk.internal.reflect.NativeMethodAccessorImpl.invoke0(Native Method)
at java.base/jdk.internal.reflect.NativeMethodAccessorImpl.invoke(NativeMethodAccessorImpl.java:77)
at java.base/jdk.internal.reflect.DelegatingMethodAccessorImpl.invoke(DelegatingMethodAccessorImpl.java:43)
at java.base/java.lang.reflect.Method.invoke(Method.java:568)
at org.testng.internal.MethodInvocationHelper.invokeMethod(MethodInvocationHelper.java:133)
at org.testng.internal.TestInvoker.invokeMethod(TestInvoker.java:598)
at org.testng.internal.TestInvoker.invokeTestMethod(TestInvoker.java:173)
at org.testng.internal.MethodRunner.runInSequence(MethodRunner.java:46)
at org.testng.internal.TestInvoker$MethodInvocationAgent.invoke(TestInvoker.java:824)
at org.testng.internal.TestInvoker.invokeTestMethods(TestInvoker.java:146)
at org.testng.internal.TestMethodWorker.invokeTestMethods(TestMethodWorker.java:146)
at org.testng.internal.TestMethodWorker.run(TestMethodWorker.java:128)
at java.base/java.util.ArrayList.forEach(ArrayList.java:1511)
at org.testng.TestRunner.privateRun(TestRunner.java:794)
at org.testng.TestRunner.run(TestRunner.java:596)
at org.testng.SuiteRunner.runTest(SuiteRunner.java:377)
at org.testng.SuiteRunner.access$000(SuiteRunner.java:28)
at org.testng.SuiteRunner$SuiteWorker.run(SuiteRunner.java:418)
at org.testng.internal.thread.ThreadUtil.lambda$execute$0(ThreadUtil.java:64)
at java.base/java.util.concurrent.FutureTask.run(FutureTask.java:264)
at java.base/java.util.concurrent.ThreadPoolExecutor.runWorker(ThreadPoolExecutor.java:1136)
at java.base/java.util.concurrent.ThreadPoolExecutor$Worker.run(ThreadPoolExecutor.java:635)
at java.base/java.lang.Thread.run(Thread.java:833)
]]>
    </error>
  </testcase> <!-- testCarLoansFinanceButtonHover -->
  <system-out/>
  <testcase classname="com.iselect.tests.GlobalHomePageTest" name="testCarInsuranceACT" time="14.305"/>
  <system-out/>
  <testcase classname="com.iselect.tests.GlobalHomePageTest" name="testFindingTheRightHealthInsurance" time="13.635"/>
  <system-out/>
  <testcase classname="com.iselect.tests.GlobalHomePageTest" name="testInternetBtnInPopular" time="11.633"/>
  <system-out/>
  <testcase classname="com.iselect.tests.GlobalHomePageTest" name="testClickOnBenefitsOfSolarEnergy" time="14.429"/>
  <system-out/>
  <testcase classname="com.iselect.tests.GlobalHomePageTest" name="testClickOnBusinessOverdraft" time="24.072"/>
  <system-out/>
  <testcase classname="com.iselect.tests.GlobalHomePageTest" name="testWhyHealthInsuranceBtnInHealth" time="14.257"/>
  <system-out/>
  <testcase classname="com.iselect.tests.GlobalHomePageTest" name="testclickOnHealthInBottomMenu" time="12.851"/>
  <system-out/>
  <testcase classname="com.iselect.tests.GlobalHomePageTest" name="test416SpecialProgramVisa" time="14.167"/>
  <system-out/>
  <testcase classname="com.iselect.tests.GlobalHomePageTest" name="testHealthInsuranceBtnInPopular" time="14.132"/>
  <system-out/>
  <testcase classname="com.iselect.tests.GlobalHomePageTest" name="testSeniorsCarInsurance" time="14.318"/>
  <system-out/>
  <testcase classname="com.iselect.tests.GlobalHomePageTest" name="testclickOnChooseRightBroadbandPlan" time="15.636"/>
  <system-out/>
  <testcase classname="com.iselect.tests.GlobalHomePageTest" name="testCarInsuranceButton" time="17.265"/>
  <system-out/>
</testsuite> <!-- com.iselect.tests.GlobalHomePageTest -->
