<?xml version="1.0" encoding="UTF-8"?>
<!-- Generated by org.testng.reporters.JUnitXMLReporter -->
<testsuite ignored="0" hostname="A3864L" failures="8" tests="287" name="Regression" time="4625.668" errors="0" timestamp="2021-12-20T17:43:07 IST">
  <testcase classname="com.iselect.tests.GlobalHomePageTest" name="clickOnSwitchingElecProviders" time="6.733"/>
  <testcase classname="com.iselect.tests.GlobalHomePageTest" name="test405InvestorRetirementVisa" time="5.649"/>
  <testcase classname="com.iselect.tests.GlobalHomePageTest" name="test411ExchangeVisa" time="5.678"/>
  <testcase classname="com.iselect.tests.GlobalHomePageTest" name="test416SpecialProgramVisa" time="5.866"/>
  <testcase classname="com.iselect.tests.GlobalHomePageTest" name="test417WorkingHolidayVisa" time="5.668"/>
  <testcase classname="com.iselect.tests.GlobalHomePageTest" name="testAllHomeLoanCalculators" time="5.838"/>
  <testcase classname="com.iselect.tests.GlobalHomePageTest" name="testAmbulanceCoverBtnInHealth" time="7.112"/>
  <testcase classname="com.iselect.tests.GlobalHomePageTest" name="testAusisGovtRebateBtnInHealth" time="6.063"/>
  <testcase classname="com.iselect.tests.GlobalHomePageTest" name="testBenefitsofbeingaprivatepatientBtnInHealth" time="4.688"/>
  <testcase classname="com.iselect.tests.GlobalHomePageTest" name="testBorrowingPowerCalc" time="9.398"/>
  <testcase classname="com.iselect.tests.GlobalHomePageTest" name="testBusinessInsuranceButton" time="5.066"/>
  <testcase classname="com.iselect.tests.GlobalHomePageTest" name="testBusinessLoansFinanceButtonHover" time="8.546"/>
  <testcase classname="com.iselect.tests.GlobalHomePageTest" name="testCarInsuranceACT" time="5.862"/>
  <testcase classname="com.iselect.tests.GlobalHomePageTest" name="testCarInsuranceBtnInPopular" time="8.604"/>
  <testcase classname="com.iselect.tests.GlobalHomePageTest" name="testCarInsuranceButton" time="8.559"/>
  <testcase classname="com.iselect.tests.GlobalHomePageTest" name="testCarInsuranceGlossary" time="6.058"/>
  <testcase classname="com.iselect.tests.GlobalHomePageTest" name="testCarInsuranceNSW" time="9.345"/>
  <testcase classname="com.iselect.tests.GlobalHomePageTest" name="testCarInsuranceQLD" time="9.99"/>
  <testcase classname="com.iselect.tests.GlobalHomePageTest" name="testCarInsuranceSA" time="6.004"/>
  <testcase classname="com.iselect.tests.GlobalHomePageTest" name="testCarInsuranceTasmania" time="5.922"/>
  <testcase classname="com.iselect.tests.GlobalHomePageTest" name="testCarInsuranceVictoria" time="6.019"/>
  <testcase classname="com.iselect.tests.GlobalHomePageTest" name="testCarLoansFinanceButtonHover" time="35.568">
    <failure type="org.openqa.selenium.NoSuchElementException" message="no such element: Unable to locate element: {&amp;quot;method&amp;quot;:&amp;quot;xpath&amp;quot;,&amp;quot;selector&amp;quot;:&amp;quot;//h1[text()=&amp;apos;Compare Car Loans*&amp;apos;]&amp;quot;}
  (Session info: headless chrome=96.0.4664.110)
For documentation on this error, please visit: https://selenium.dev/exceptions/#no_such_element
Build info: version: &amp;apos;4.1.0&amp;apos;, revision: &amp;apos;87802e897b&amp;apos;
System info: host: &amp;apos;A3864L&amp;apos;, ip: &amp;apos;10.5.5.87&amp;apos;, os.name: &amp;apos;Windows 10&amp;apos;, os.arch: &amp;apos;amd64&amp;apos;, os.version: &amp;apos;10.0&amp;apos;, java.version: &amp;apos;17.0.1&amp;apos;
Driver info: org.openqa.selenium.chrome.ChromeDriver
Command: [7da04c1f347b530792f951ff057ad2b6, findElement {using=xpath, value=//h1[text()=&amp;apos;Compare Car Loans*&amp;apos;]}]
Capabilities {acceptInsecureCerts: false, browserName: chrome, browserVersion: 96.0.4664.110, chrome: {chromedriverVersion: 96.0.4664.45 (76e4c1bb2ab46..., userDataDir: C:\Users\KARTHI~1.KAL\AppDa...}, goog:chromeOptions: {debuggerAddress: localhost:52097}, javascriptEnabled: true, networkConnectionEnabled: false, pageLoadStrategy: normal, platform: WINDOWS, platformName: WINDOWS, proxy: Proxy(), se:cdp: ws://localhost:52097/devtoo..., se:cdpVersion: 96.0.4664.110, setWindowRect: true, strictFileInteractability: false, timeouts: {implicit: 0, pageLoad: 300000, script: 30000}, unhandledPromptBehavior: dismiss and notify, webauthn:extension:credBlob: true, webauthn:extension:largeBlob: true, webauthn:virtualAuthenticators: true}
Session ID: 7da04c1f347b530792f951ff057ad2b6">
      <![CDATA[org.openqa.selenium.NoSuchElementException: no such element: Unable to locate element: {"method":"xpath","selector":"//h1[text()='Compare Car Loans*']"}
  (Session info: headless chrome=96.0.4664.110)
For documentation on this error, please visit: https://selenium.dev/exceptions/#no_such_element
Build info: version: '4.1.0', revision: '87802e897b'
System info: host: 'A3864L', ip: '10.5.5.87', os.name: 'Windows 10', os.arch: 'amd64', os.version: '10.0', java.version: '17.0.1'
Driver info: org.openqa.selenium.chrome.ChromeDriver
Command: [7da04c1f347b530792f951ff057ad2b6, findElement {using=xpath, value=//h1[text()='Compare Car Loans*']}]
Capabilities {acceptInsecureCerts: false, browserName: chrome, browserVersion: 96.0.4664.110, chrome: {chromedriverVersion: 96.0.4664.45 (76e4c1bb2ab46..., userDataDir: C:\Users\KARTHI~1.KAL\AppDa...}, goog:chromeOptions: {debuggerAddress: localhost:52097}, javascriptEnabled: true, networkConnectionEnabled: false, pageLoadStrategy: normal, platform: WINDOWS, platformName: WINDOWS, proxy: Proxy(), se:cdp: ws://localhost:52097/devtoo..., se:cdpVersion: 96.0.4664.110, setWindowRect: true, strictFileInteractability: false, timeouts: {implicit: 0, pageLoad: 300000, script: 30000}, unhandledPromptBehavior: dismiss and notify, webauthn:extension:credBlob: true, webauthn:extension:largeBlob: true, webauthn:virtualAuthenticators: true}
Session ID: 7da04c1f347b530792f951ff057ad2b6
at org.openqa.selenium.remote.codec.w3c.W3CHttpResponseCodec.createException(W3CHttpResponseCodec.java:200)
at org.openqa.selenium.remote.codec.w3c.W3CHttpResponseCodec.decode(W3CHttpResponseCodec.java:133)
at org.openqa.selenium.remote.codec.w3c.W3CHttpResponseCodec.decode(W3CHttpResponseCodec.java:53)
at org.openqa.selenium.remote.HttpCommandExecutor.execute(HttpCommandExecutor.java:184)
at org.openqa.selenium.remote.service.DriverCommandExecutor.invokeExecute(DriverCommandExecutor.java:164)
at org.openqa.selenium.remote.service.DriverCommandExecutor.execute(DriverCommandExecutor.java:139)
at org.openqa.selenium.remote.RemoteWebDriver.execute(RemoteWebDriver.java:559)
at org.openqa.selenium.remote.ElementLocation$ElementFinder$2.findElement(ElementLocation.java:162)
at org.openqa.selenium.remote.ElementLocation.findElement(ElementLocation.java:60)
at org.openqa.selenium.remote.RemoteWebDriver.findElement(RemoteWebDriver.java:383)
at org.openqa.selenium.remote.RemoteWebDriver.findElement(RemoteWebDriver.java:375)
at org.openqa.selenium.support.decorators.WebDriverDecorator.call(WebDriverDecorator.java:232)
at org.openqa.selenium.support.decorators.DefaultDecorated.call(DefaultDecorated.java:48)
at org.openqa.selenium.support.decorators.WebDriverDecorator.lambda$createProxy$0(WebDriverDecorator.java:294)
at jdk.proxy2/jdk.proxy2.$Proxy15.findElement(Unknown Source)
at org.openqa.selenium.support.pagefactory.DefaultElementLocator.findElement(DefaultElementLocator.java:70)
at org.openqa.selenium.support.pagefactory.internal.LocatingElementHandler.invoke(LocatingElementHandler.java:39)
at jdk.proxy2/jdk.proxy2.$Proxy21.isDisplayed(Unknown Source)
at com.iselect.pages.GlobalHomePage.verifyCarLoansFinanceButton(GlobalHomePage.java:1158)
at com.iselect.tests.GlobalHomePageTest.testCarLoansFinanceButtonHover(GlobalHomePageTest.java:85)
at java.base/java.util.ArrayList.forEach(ArrayList.java:1511)
at java.base/java.util.concurrent.FutureTask.run(FutureTask.java:264)
at java.base/java.util.concurrent.ThreadPoolExecutor.runWorker(ThreadPoolExecutor.java:1136)
at java.base/java.util.concurrent.ThreadPoolExecutor$Worker.run(ThreadPoolExecutor.java:635)
at java.base/java.lang.Thread.run(Thread.java:833)
... Removed 26 stack frames]]>
    </failure>
  </testcase> <!-- testCarLoansFinanceButtonHover -->
  <testcase classname="com.iselect.tests.GlobalHomePageTest" name="testCareersLink" time="3.503"/>
  <testcase classname="com.iselect.tests.GlobalHomePageTest" name="testClickCompareCarInsBtn" time="9.973"/>
  <testcase classname="com.iselect.tests.GlobalHomePageTest" name="testClickIsIncomeProtectionInsuranceTaxDeductibleBtn" time="5.848"/>
  <testcase classname="com.iselect.tests.GlobalHomePageTest" name="testClickOnAgreedVsMarketValueCarInsurance" time="7.602"/>
  <testcase classname="com.iselect.tests.GlobalHomePageTest" name="testClickOnBenefitsOfSolarEnergy" time="6.082"/>
  <testcase classname="com.iselect.tests.GlobalHomePageTest" name="testClickOnBestIncomeProtectionCover" time="5.844"/>
  <testcase classname="com.iselect.tests.GlobalHomePageTest" name="testClickOnBusinessOverdraft" time="5.94"/>
  <testcase classname="com.iselect.tests.GlobalHomePageTest" name="testClickOnChattelMortgage" time="5.925"/>
  <testcase classname="com.iselect.tests.GlobalHomePageTest" name="testClickOnCompareIncomeProtectionButton" time="9.555"/>
  <testcase classname="com.iselect.tests.GlobalHomePageTest" name="testClickOnFindHomeAndContentsbutton" time="10.583"/>
  <testcase classname="com.iselect.tests.GlobalHomePageTest" name="testClickOnFindingBestCarInsurance" time="6.657"/>
  <testcase classname="com.iselect.tests.GlobalHomePageTest" name="testClickOnHowDoEnergyDiscountsWork" time="6.031"/>
  <testcase classname="com.iselect.tests.GlobalHomePageTest" name="testClickOnHowToHandleHighElecBill" time="6.063"/>
  <testcase classname="com.iselect.tests.GlobalHomePageTest" name="testClickOnSecuredBusinessLoans" time="5.896"/>
  <testcase classname="com.iselect.tests.GlobalHomePageTest" name="testClickOnUnSecuredBusinessLoans" time="5.903"/>
  <testcase classname="com.iselect.tests.GlobalHomePageTest" name="testClickOnWhatIsHomeAndContentsbutton" time="5.927"/>
  <testcase classname="com.iselect.tests.GlobalHomePageTest" name="testClickingReadMoreLinkEnergy" time="3.601"/>
  <testcase classname="com.iselect.tests.GlobalHomePageTest" name="testClickingReadMoreLinkLife" time="3.515"/>
  <testcase classname="com.iselect.tests.GlobalHomePageTest" name="testClickingSwitchingElectricityProvidersText" time="3.074"/>
  <testcase classname="com.iselect.tests.GlobalHomePageTest" name="testClickingWhatIsLifeInsuranceText" time="2.932"/>
  <testcase classname="com.iselect.tests.GlobalHomePageTest" name="testCommInsureIncomeProtection" time="5.691"/>
  <testcase classname="com.iselect.tests.GlobalHomePageTest" name="testCompareBusinessInsuranceBtn" time="6.197"/>
  <testcase classname="com.iselect.tests.GlobalHomePageTest" name="testCompareBusinessLoansBtn" time="11.235"/>
  <testcase classname="com.iselect.tests.GlobalHomePageTest" name="testCompareHealthInsuranceBtnInHealth" time="7.281"/>
  <testcase classname="com.iselect.tests.GlobalHomePageTest" name="testCompareLifeInsuranceBtnInLifeSection" time="6.399"/>
  <testcase classname="com.iselect.tests.GlobalHomePageTest" name="testCompareTravelInsuranceBtn" time="6.933"/>
  <testcase classname="com.iselect.tests.GlobalHomePageTest" name="testComprehensiveCarInsurance" time="6.668"/>
  <testcase classname="com.iselect.tests.GlobalHomePageTest" name="testComprehensiveExplainedbtnInCarHover" time="6.025"/>
  <testcase classname="com.iselect.tests.GlobalHomePageTest" name="testComprehensivevsThirdPartyInCarHover" time="5.937"/>
  <testcase classname="com.iselect.tests.GlobalHomePageTest" name="testCompulsoryThirdPartyCTPInCarHover" time="7.779"/>
  <testcase classname="com.iselect.tests.GlobalHomePageTest" name="testContactUsLink" time="6.128"/>
  <testcase classname="com.iselect.tests.GlobalHomePageTest" name="testCouplesCoverBtnInHealth" time="7.165"/>
  <testcase classname="com.iselect.tests.GlobalHomePageTest" name="testCreditCardsBtnInFinanceButtonHover" time="35.652">
    <failure type="org.openqa.selenium.NoSuchElementException" message="no such element: Unable to locate element: {&amp;quot;method&amp;quot;:&amp;quot;xpath&amp;quot;,&amp;quot;selector&amp;quot;:&amp;quot;//h1[text()=&amp;apos;Compare Credit Cards*&amp;apos;]&amp;quot;}
  (Session info: headless chrome=96.0.4664.110)
For documentation on this error, please visit: https://selenium.dev/exceptions/#no_such_element
Build info: version: &amp;apos;4.1.0&amp;apos;, revision: &amp;apos;87802e897b&amp;apos;
System info: host: &amp;apos;A3864L&amp;apos;, ip: &amp;apos;10.5.5.87&amp;apos;, os.name: &amp;apos;Windows 10&amp;apos;, os.arch: &amp;apos;amd64&amp;apos;, os.version: &amp;apos;10.0&amp;apos;, java.version: &amp;apos;17.0.1&amp;apos;
Driver info: org.openqa.selenium.chrome.ChromeDriver
Command: [4840d748e87a826e49232b2c5f4ee37c, findElement {using=xpath, value=//h1[text()=&amp;apos;Compare Credit Cards*&amp;apos;]}]
Capabilities {acceptInsecureCerts: false, browserName: chrome, browserVersion: 96.0.4664.110, chrome: {chromedriverVersion: 96.0.4664.45 (76e4c1bb2ab46..., userDataDir: C:\Users\KARTHI~1.KAL\AppDa...}, goog:chromeOptions: {debuggerAddress: localhost:55600}, javascriptEnabled: true, networkConnectionEnabled: false, pageLoadStrategy: normal, platform: WINDOWS, platformName: WINDOWS, proxy: Proxy(), se:cdp: ws://localhost:55600/devtoo..., se:cdpVersion: 96.0.4664.110, setWindowRect: true, strictFileInteractability: false, timeouts: {implicit: 0, pageLoad: 300000, script: 30000}, unhandledPromptBehavior: dismiss and notify, webauthn:extension:credBlob: true, webauthn:extension:largeBlob: true, webauthn:virtualAuthenticators: true}
Session ID: 4840d748e87a826e49232b2c5f4ee37c">
      <![CDATA[org.openqa.selenium.NoSuchElementException: no such element: Unable to locate element: {"method":"xpath","selector":"//h1[text()='Compare Credit Cards*']"}
  (Session info: headless chrome=96.0.4664.110)
For documentation on this error, please visit: https://selenium.dev/exceptions/#no_such_element
Build info: version: '4.1.0', revision: '87802e897b'
System info: host: 'A3864L', ip: '10.5.5.87', os.name: 'Windows 10', os.arch: 'amd64', os.version: '10.0', java.version: '17.0.1'
Driver info: org.openqa.selenium.chrome.ChromeDriver
Command: [4840d748e87a826e49232b2c5f4ee37c, findElement {using=xpath, value=//h1[text()='Compare Credit Cards*']}]
Capabilities {acceptInsecureCerts: false, browserName: chrome, browserVersion: 96.0.4664.110, chrome: {chromedriverVersion: 96.0.4664.45 (76e4c1bb2ab46..., userDataDir: C:\Users\KARTHI~1.KAL\AppDa...}, goog:chromeOptions: {debuggerAddress: localhost:55600}, javascriptEnabled: true, networkConnectionEnabled: false, pageLoadStrategy: normal, platform: WINDOWS, platformName: WINDOWS, proxy: Proxy(), se:cdp: ws://localhost:55600/devtoo..., se:cdpVersion: 96.0.4664.110, setWindowRect: true, strictFileInteractability: false, timeouts: {implicit: 0, pageLoad: 300000, script: 30000}, unhandledPromptBehavior: dismiss and notify, webauthn:extension:credBlob: true, webauthn:extension:largeBlob: true, webauthn:virtualAuthenticators: true}
Session ID: 4840d748e87a826e49232b2c5f4ee37c
at org.openqa.selenium.remote.codec.w3c.W3CHttpResponseCodec.createException(W3CHttpResponseCodec.java:200)
at org.openqa.selenium.remote.codec.w3c.W3CHttpResponseCodec.decode(W3CHttpResponseCodec.java:133)
at org.openqa.selenium.remote.codec.w3c.W3CHttpResponseCodec.decode(W3CHttpResponseCodec.java:53)
at org.openqa.selenium.remote.HttpCommandExecutor.execute(HttpCommandExecutor.java:184)
at org.openqa.selenium.remote.service.DriverCommandExecutor.invokeExecute(DriverCommandExecutor.java:164)
at org.openqa.selenium.remote.service.DriverCommandExecutor.execute(DriverCommandExecutor.java:139)
at org.openqa.selenium.remote.RemoteWebDriver.execute(RemoteWebDriver.java:559)
at org.openqa.selenium.remote.ElementLocation$ElementFinder$2.findElement(ElementLocation.java:162)
at org.openqa.selenium.remote.ElementLocation.findElement(ElementLocation.java:60)
at org.openqa.selenium.remote.RemoteWebDriver.findElement(RemoteWebDriver.java:383)
at org.openqa.selenium.remote.RemoteWebDriver.findElement(RemoteWebDriver.java:375)
at org.openqa.selenium.support.decorators.WebDriverDecorator.call(WebDriverDecorator.java:232)
at org.openqa.selenium.support.decorators.DefaultDecorated.call(DefaultDecorated.java:48)
at org.openqa.selenium.support.decorators.WebDriverDecorator.lambda$createProxy$0(WebDriverDecorator.java:294)
at jdk.proxy2/jdk.proxy2.$Proxy15.findElement(Unknown Source)
at org.openqa.selenium.support.pagefactory.DefaultElementLocator.findElement(DefaultElementLocator.java:70)
at org.openqa.selenium.support.pagefactory.internal.LocatingElementHandler.invoke(LocatingElementHandler.java:39)
at jdk.proxy2/jdk.proxy2.$Proxy21.isDisplayed(Unknown Source)
at com.iselect.pages.GlobalHomePage.verifyCreditCardsInFinanceButton(GlobalHomePage.java:1185)
at com.iselect.tests.GlobalHomePageTest.testCreditCardsBtnInFinanceButtonHover(GlobalHomePageTest.java:103)
at java.base/java.util.ArrayList.forEach(ArrayList.java:1511)
at java.base/java.util.concurrent.FutureTask.run(FutureTask.java:264)
at java.base/java.util.concurrent.ThreadPoolExecutor.runWorker(ThreadPoolExecutor.java:1136)
at java.base/java.util.concurrent.ThreadPoolExecutor$Worker.run(ThreadPoolExecutor.java:635)
at java.base/java.lang.Thread.run(Thread.java:833)
... Removed 26 stack frames]]>
    </failure>
  </testcase> <!-- testCreditCardsBtnInFinanceButtonHover -->
  <testcase classname="com.iselect.tests.GlobalHomePageTest" name="testCyberLiabilityInsurance" time="5.886"/>
  <testcase classname="com.iselect.tests.GlobalHomePageTest" name="testDentalCoverBtnInHealth" time="6.859"/>
  <testcase classname="com.iselect.tests.GlobalHomePageTest" name="testDirectLifeInsurance" time="5.985"/>
  <testcase classname="com.iselect.tests.GlobalHomePageTest" name="testDoINeedCarInsurance" time="6.128"/>
  <testcase classname="com.iselect.tests.GlobalHomePageTest" name="testElecAndGasBtnInPopular" time="4.647"/>
  <testcase classname="com.iselect.tests.GlobalHomePageTest" name="testElecAndGasUtilityBtn" time="5.282"/>
  <testcase classname="com.iselect.tests.GlobalHomePageTest" name="testEquipmentLoansandFinancing" time="5.92"/>
  <testcase classname="com.iselect.tests.GlobalHomePageTest" name="testExtraRepaymentBtn" time="9.22"/>
  <testcase classname="com.iselect.tests.GlobalHomePageTest" name="testExtrasCoverBtnInHealth" time="10.883"/>
  <testcase classname="com.iselect.tests.GlobalHomePageTest" name="testFaceBookLink" time="8.425"/>
  <testcase classname="com.iselect.tests.GlobalHomePageTest" name="testFamilyCoverBtnInHealth" time="7.0"/>
  <testcase classname="com.iselect.tests.GlobalHomePageTest" name="testFindingBestTravelInsurance" time="6.355"/>
  <testcase classname="com.iselect.tests.GlobalHomePageTest" name="testFindingTheRightHealthInsurance" time="4.699"/>
  <testcase classname="com.iselect.tests.GlobalHomePageTest" name="testGetConnectedAtYourNewHomeBtn" time="4.58"/>
  <testcase classname="com.iselect.tests.GlobalHomePageTest" name="testHeadersInMainPage" time="13.438"/>
  <testcase classname="com.iselect.tests.GlobalHomePageTest" name="testHealthInsuranceBtnInPopular" time="5.258"/>
  <testcase classname="com.iselect.tests.GlobalHomePageTest" name="testHealthInsuranceButton" time="5.274"/>
  <testcase classname="com.iselect.tests.GlobalHomePageTest" name="testHealthInsuranceClaimsProcessBtnInHealth" time="5.211"/>
  <testcase classname="com.iselect.tests.GlobalHomePageTest" name="testHealthInsuranceGlossary" time="4.751"/>
  <testcase classname="com.iselect.tests.GlobalHomePageTest" name="testHealthInsurancePartnerOfYearImg" time="3.694"/>
  <testcase classname="com.iselect.tests.GlobalHomePageTest" name="testHomeAndContentsInsuranceButton" time="9.971"/>
  <testcase classname="com.iselect.tests.GlobalHomePageTest" name="testHomeLoansBtnInPopular" time="7.444"/>
  <testcase classname="com.iselect.tests.GlobalHomePageTest" name="testHomeLoansFinanceButton" time="7.591"/>
  <testcase classname="com.iselect.tests.GlobalHomePageTest" name="testHospitalCoverBtnInHealth" time="7.339"/>
  <testcase classname="com.iselect.tests.GlobalHomePageTest" name="testHospitalWaitingPeriodsBtnInHealth" time="7.005"/>
  <testcase classname="com.iselect.tests.GlobalHomePageTest" name="testHowInterestRatesAffectYourHomeLoanbtn" time="6.097"/>
  <testcase classname="com.iselect.tests.GlobalHomePageTest" name="testHowIselectWork" time="2.964"/>
  <testcase classname="com.iselect.tests.GlobalHomePageTest" name="testHowToPurchaseLifeInsBtnInLifeSection" time="5.9"/>
  <testcase classname="com.iselect.tests.GlobalHomePageTest" name="testIncomeProtectionBtnInFinanceButtonHover" time="7.866"/>
  <testcase classname="com.iselect.tests.GlobalHomePageTest" name="testIncomeProtectionBtnInPopular" time="3.806"/>
  <testcase classname="com.iselect.tests.GlobalHomePageTest" name="testIncomeProtectionCalcInLifeSection" time="6.125"/>
  <testcase classname="com.iselect.tests.GlobalHomePageTest" name="testIncomeProtectionInsurancevsMortgageProtection" time="5.905"/>
  <testcase classname="com.iselect.tests.GlobalHomePageTest" name="testIncomeProtectionThroughSuperannuation" time="5.789"/>
  <testcase classname="com.iselect.tests.GlobalHomePageTest" name="testInsuranceBtnThenBusinessInsuranceBtnInit" time="5.658"/>
  <testcase classname="com.iselect.tests.GlobalHomePageTest" name="testInsuranceBtnThenCarInsuranceBtnInit" time="9.574"/>
  <testcase classname="com.iselect.tests.GlobalHomePageTest" name="testInsuranceBtnThenHealthInsuranceBtnInit" time="4.641"/>
  <testcase classname="com.iselect.tests.GlobalHomePageTest" name="testInsuranceBtnThenHomeAndContentsInsuranceBtnInit" time="9.553"/>
  <testcase classname="com.iselect.tests.GlobalHomePageTest" name="testInsuranceBtnThenIncomeProtectionBtnInit" time="6.949"/>
  <testcase classname="com.iselect.tests.GlobalHomePageTest" name="testInsuranceBtnThenLifeInsuranceBtnInit" time="4.777"/>
  <testcase classname="com.iselect.tests.GlobalHomePageTest" name="testInsuranceBtnThenOverseasVisitorCoverBtnInit" time="4.933"/>
  <testcase classname="com.iselect.tests.GlobalHomePageTest" name="testInsuranceBtnThenPetInsuranceBtnInit" time="4.936"/>
  <testcase classname="com.iselect.tests.GlobalHomePageTest" name="testInsuranceBtnThenTravelInsuranceBtnInit" time="32.169">
    <failure type="org.openqa.selenium.ElementNotInteractableException" message="element not interactable
  (Session info: headless chrome=96.0.4664.110)
Build info: version: &amp;apos;4.1.0&amp;apos;, revision: &amp;apos;87802e897b&amp;apos;
System info: host: &amp;apos;A3864L&amp;apos;, ip: &amp;apos;10.5.5.87&amp;apos;, os.name: &amp;apos;Windows 10&amp;apos;, os.arch: &amp;apos;amd64&amp;apos;, os.version: &amp;apos;10.0&amp;apos;, java.version: &amp;apos;17.0.1&amp;apos;
Driver info: org.openqa.selenium.chrome.ChromeDriver
Command: [82b6fbb38782750b6203a36a79e538c4, clickElement {id=c58aaa4c-e7dc-4db0-ace7-553db0005aa9}]
Capabilities {acceptInsecureCerts: false, browserName: chrome, browserVersion: 96.0.4664.110, chrome: {chromedriverVersion: 96.0.4664.45 (76e4c1bb2ab46..., userDataDir: C:\Users\KARTHI~1.KAL\AppDa...}, goog:chromeOptions: {debuggerAddress: localhost:60120}, javascriptEnabled: true, networkConnectionEnabled: false, pageLoadStrategy: normal, platform: WINDOWS, platformName: WINDOWS, proxy: Proxy(), se:cdp: ws://localhost:60120/devtoo..., se:cdpVersion: 96.0.4664.110, setWindowRect: true, strictFileInteractability: false, timeouts: {implicit: 0, pageLoad: 300000, script: 30000}, unhandledPromptBehavior: dismiss and notify, webauthn:extension:credBlob: true, webauthn:extension:largeBlob: true, webauthn:virtualAuthenticators: true}
Element: [[ChromeDriver: chrome on WINDOWS (82b6fbb38782750b6203a36a79e538c4)] -&amp;gt; xpath: //a[normalize-space()=&amp;apos;Travel&amp;apos;]]
Session ID: 82b6fbb38782750b6203a36a79e538c4">
      <![CDATA[org.openqa.selenium.ElementNotInteractableException: element not interactable
  (Session info: headless chrome=96.0.4664.110)
Build info: version: '4.1.0', revision: '87802e897b'
System info: host: 'A3864L', ip: '10.5.5.87', os.name: 'Windows 10', os.arch: 'amd64', os.version: '10.0', java.version: '17.0.1'
Driver info: org.openqa.selenium.chrome.ChromeDriver
Command: [82b6fbb38782750b6203a36a79e538c4, clickElement {id=c58aaa4c-e7dc-4db0-ace7-553db0005aa9}]
Capabilities {acceptInsecureCerts: false, browserName: chrome, browserVersion: 96.0.4664.110, chrome: {chromedriverVersion: 96.0.4664.45 (76e4c1bb2ab46..., userDataDir: C:\Users\KARTHI~1.KAL\AppDa...}, goog:chromeOptions: {debuggerAddress: localhost:60120}, javascriptEnabled: true, networkConnectionEnabled: false, pageLoadStrategy: normal, platform: WINDOWS, platformName: WINDOWS, proxy: Proxy(), se:cdp: ws://localhost:60120/devtoo..., se:cdpVersion: 96.0.4664.110, setWindowRect: true, strictFileInteractability: false, timeouts: {implicit: 0, pageLoad: 300000, script: 30000}, unhandledPromptBehavior: dismiss and notify, webauthn:extension:credBlob: true, webauthn:extension:largeBlob: true, webauthn:virtualAuthenticators: true}
Element: [[ChromeDriver: chrome on WINDOWS (82b6fbb38782750b6203a36a79e538c4)] -> xpath: //a[normalize-space()='Travel']]
Session ID: 82b6fbb38782750b6203a36a79e538c4
at org.openqa.selenium.remote.codec.w3c.W3CHttpResponseCodec.createException(W3CHttpResponseCodec.java:200)
at org.openqa.selenium.remote.codec.w3c.W3CHttpResponseCodec.decode(W3CHttpResponseCodec.java:133)
at org.openqa.selenium.remote.codec.w3c.W3CHttpResponseCodec.decode(W3CHttpResponseCodec.java:53)
at org.openqa.selenium.remote.HttpCommandExecutor.execute(HttpCommandExecutor.java:184)
at org.openqa.selenium.remote.service.DriverCommandExecutor.invokeExecute(DriverCommandExecutor.java:164)
at org.openqa.selenium.remote.service.DriverCommandExecutor.execute(DriverCommandExecutor.java:139)
at org.openqa.selenium.remote.RemoteWebDriver.execute(RemoteWebDriver.java:559)
at org.openqa.selenium.remote.RemoteWebElement.execute(RemoteWebElement.java:251)
at org.openqa.selenium.remote.RemoteWebElement.click(RemoteWebElement.java:77)
at org.openqa.selenium.support.decorators.WebDriverDecorator.call(WebDriverDecorator.java:232)
at org.openqa.selenium.support.decorators.DefaultDecorated.call(DefaultDecorated.java:48)
at org.openqa.selenium.support.decorators.WebDriverDecorator.lambda$createProxy$0(WebDriverDecorator.java:294)
at org.openqa.selenium.support.decorators.$Proxy22.click(Unknown Source)
at org.openqa.selenium.support.pagefactory.internal.LocatingElementHandler.invoke(LocatingElementHandler.java:52)
at jdk.proxy2/jdk.proxy2.$Proxy21.click(Unknown Source)
at com.iselect.pages.GlobalHomePage.clickInsuranceBtnThenTravelInsuranceBtn(GlobalHomePage.java:1394)
at com.iselect.tests.GlobalHomePageTest.testInsuranceBtnThenTravelInsuranceBtnInit(GlobalHomePageTest.java:217)
at java.base/java.util.ArrayList.forEach(ArrayList.java:1511)
at java.base/java.util.concurrent.FutureTask.run(FutureTask.java:264)
at java.base/java.util.concurrent.ThreadPoolExecutor.runWorker(ThreadPoolExecutor.java:1136)
at java.base/java.util.concurrent.ThreadPoolExecutor$Worker.run(ThreadPoolExecutor.java:635)
at java.base/java.lang.Thread.run(Thread.java:833)
... Removed 29 stack frames]]>
    </failure>
  </testcase> <!-- testInsuranceBtnThenTravelInsuranceBtnInit -->
  <testcase classname="com.iselect.tests.GlobalHomePageTest" name="testInsuranceForTradies" time="6.12"/>
  <testcase classname="com.iselect.tests.GlobalHomePageTest" name="testInternetBtnInPopular" time="3.194"/>
  <testcase classname="com.iselect.tests.GlobalHomePageTest" name="testInternetUtilityBtn" time="4.35"/>
  <testcase classname="com.iselect.tests.GlobalHomePageTest" name="testInvestorCentreLink" time="3.463"/>
  <testcase classname="com.iselect.tests.GlobalHomePageTest" name="testIsHealthInsuranceWorthHaving" time="4.983"/>
  <testcase classname="com.iselect.tests.GlobalHomePageTest" name="testKeyPersonInsuranceBtnInLifeSection" time="8.887"/>
  <testcase classname="com.iselect.tests.GlobalHomePageTest" name="testLendersMortgageInsuranceAustralia" time="5.951"/>
  <testcase classname="com.iselect.tests.GlobalHomePageTest" name="testLifeInsCalcInLifeSection" time="5.832"/>
  <testcase classname="com.iselect.tests.GlobalHomePageTest" name="testLifeInsFAQsBtnInLifeSection" time="5.8"/>
  <testcase classname="com.iselect.tests.GlobalHomePageTest" name="testLifeInsuranceBtnInPopular" time="2.842"/>
  <testcase classname="com.iselect.tests.GlobalHomePageTest" name="testLifeInsuranceButton" time="4.071"/>
  <testcase classname="com.iselect.tests.GlobalHomePageTest" name="testLifeInsuranceGlossary" time="5.806"/>
  <testcase classname="com.iselect.tests.GlobalHomePageTest" name="testLifeInsuranceVsIncomeProtBtnInLifeSection" time="5.766"/>
  <testcase classname="com.iselect.tests.GlobalHomePageTest" name="testLifetimeHealthCoverLoadingBtnInHealth" time="6.082"/>
  <testcase classname="com.iselect.tests.GlobalHomePageTest" name="testLinkedInLink" time="33.881">
    <failure type="org.openqa.selenium.NoSuchElementException" message="no such element: Unable to locate element: {&amp;quot;method&amp;quot;:&amp;quot;xpath&amp;quot;,&amp;quot;selector&amp;quot;:&amp;quot;//p[contains(text(),&amp;apos;At iSelect&amp;apos;)]&amp;quot;}
  (Session info: headless chrome=96.0.4664.110)
For documentation on this error, please visit: https://selenium.dev/exceptions/#no_such_element
Build info: version: &amp;apos;4.1.0&amp;apos;, revision: &amp;apos;87802e897b&amp;apos;
System info: host: &amp;apos;A3864L&amp;apos;, ip: &amp;apos;10.5.5.87&amp;apos;, os.name: &amp;apos;Windows 10&amp;apos;, os.arch: &amp;apos;amd64&amp;apos;, os.version: &amp;apos;10.0&amp;apos;, java.version: &amp;apos;17.0.1&amp;apos;
Driver info: org.openqa.selenium.chrome.ChromeDriver
Command: [2b368ba3b3e7a667415ddf63165fcf5f, findElement {using=xpath, value=//p[contains(text(),&amp;apos;At iSelect&amp;apos;)]}]
Capabilities {acceptInsecureCerts: false, browserName: chrome, browserVersion: 96.0.4664.110, chrome: {chromedriverVersion: 96.0.4664.45 (76e4c1bb2ab46..., userDataDir: C:\Users\KARTHI~1.KAL\AppDa...}, goog:chromeOptions: {debuggerAddress: localhost:61631}, javascriptEnabled: true, networkConnectionEnabled: false, pageLoadStrategy: normal, platform: WINDOWS, platformName: WINDOWS, proxy: Proxy(), se:cdp: ws://localhost:61631/devtoo..., se:cdpVersion: 96.0.4664.110, setWindowRect: true, strictFileInteractability: false, timeouts: {implicit: 0, pageLoad: 300000, script: 30000}, unhandledPromptBehavior: dismiss and notify, webauthn:extension:credBlob: true, webauthn:extension:largeBlob: true, webauthn:virtualAuthenticators: true}
Session ID: 2b368ba3b3e7a667415ddf63165fcf5f">
      <![CDATA[org.openqa.selenium.NoSuchElementException: no such element: Unable to locate element: {"method":"xpath","selector":"//p[contains(text(),'At iSelect')]"}
  (Session info: headless chrome=96.0.4664.110)
For documentation on this error, please visit: https://selenium.dev/exceptions/#no_such_element
Build info: version: '4.1.0', revision: '87802e897b'
System info: host: 'A3864L', ip: '10.5.5.87', os.name: 'Windows 10', os.arch: 'amd64', os.version: '10.0', java.version: '17.0.1'
Driver info: org.openqa.selenium.chrome.ChromeDriver
Command: [2b368ba3b3e7a667415ddf63165fcf5f, findElement {using=xpath, value=//p[contains(text(),'At iSelect')]}]
Capabilities {acceptInsecureCerts: false, browserName: chrome, browserVersion: 96.0.4664.110, chrome: {chromedriverVersion: 96.0.4664.45 (76e4c1bb2ab46..., userDataDir: C:\Users\KARTHI~1.KAL\AppDa...}, goog:chromeOptions: {debuggerAddress: localhost:61631}, javascriptEnabled: true, networkConnectionEnabled: false, pageLoadStrategy: normal, platform: WINDOWS, platformName: WINDOWS, proxy: Proxy(), se:cdp: ws://localhost:61631/devtoo..., se:cdpVersion: 96.0.4664.110, setWindowRect: true, strictFileInteractability: false, timeouts: {implicit: 0, pageLoad: 300000, script: 30000}, unhandledPromptBehavior: dismiss and notify, webauthn:extension:credBlob: true, webauthn:extension:largeBlob: true, webauthn:virtualAuthenticators: true}
Session ID: 2b368ba3b3e7a667415ddf63165fcf5f
at org.openqa.selenium.remote.codec.w3c.W3CHttpResponseCodec.createException(W3CHttpResponseCodec.java:200)
at org.openqa.selenium.remote.codec.w3c.W3CHttpResponseCodec.decode(W3CHttpResponseCodec.java:133)
at org.openqa.selenium.remote.codec.w3c.W3CHttpResponseCodec.decode(W3CHttpResponseCodec.java:53)
at org.openqa.selenium.remote.HttpCommandExecutor.execute(HttpCommandExecutor.java:184)
at org.openqa.selenium.remote.service.DriverCommandExecutor.invokeExecute(DriverCommandExecutor.java:164)
at org.openqa.selenium.remote.service.DriverCommandExecutor.execute(DriverCommandExecutor.java:139)
at org.openqa.selenium.remote.RemoteWebDriver.execute(RemoteWebDriver.java:559)
at org.openqa.selenium.remote.ElementLocation$ElementFinder$2.findElement(ElementLocation.java:162)
at org.openqa.selenium.remote.ElementLocation.findElement(ElementLocation.java:60)
at org.openqa.selenium.remote.RemoteWebDriver.findElement(RemoteWebDriver.java:383)
at org.openqa.selenium.remote.RemoteWebDriver.findElement(RemoteWebDriver.java:375)
at org.openqa.selenium.support.decorators.WebDriverDecorator.call(WebDriverDecorator.java:232)
at org.openqa.selenium.support.decorators.DefaultDecorated.call(DefaultDecorated.java:48)
at org.openqa.selenium.support.decorators.WebDriverDecorator.lambda$createProxy$0(WebDriverDecorator.java:294)
at jdk.proxy2/jdk.proxy2.$Proxy15.findElement(Unknown Source)
at com.iselect.pages.GlobalHomePage.clickOnLinkedIn(GlobalHomePage.java:2340)
at com.iselect.tests.GlobalHomePageTest.testLinkedInLink(GlobalHomePageTest.java:747)
at java.base/java.util.ArrayList.forEach(ArrayList.java:1511)
at java.base/java.util.concurrent.FutureTask.run(FutureTask.java:264)
at java.base/java.util.concurrent.ThreadPoolExecutor.runWorker(ThreadPoolExecutor.java:1136)
at java.base/java.util.concurrent.ThreadPoolExecutor$Worker.run(ThreadPoolExecutor.java:635)
at java.base/java.lang.Thread.run(Thread.java:833)
... Removed 26 stack frames]]>
    </failure>
  </testcase> <!-- testLinkedInLink -->
  <testcase classname="com.iselect.tests.GlobalHomePageTest" name="testMLCIncomeProtection" time="6.101"/>
  <testcase classname="com.iselect.tests.GlobalHomePageTest" name="testMakeTheMostOfFreedomYearsInsuranceBtnInLifeSection" time="6.004"/>
  <testcase classname="com.iselect.tests.GlobalHomePageTest" name="testMakingAClaimAfterAccident" time="6.002"/>
  <testcase classname="com.iselect.tests.GlobalHomePageTest" name="testMediaCenterLink" time="3.468"/>
  <testcase classname="com.iselect.tests.GlobalHomePageTest" name="testMedicalLevySurchargeBtnInHealth" time="6.821"/>
  <testcase classname="com.iselect.tests.GlobalHomePageTest" name="testMobilePlansUtilityBtn" time="5.465"/>
  <testcase classname="com.iselect.tests.GlobalHomePageTest" name="testMovingHouseBtnInCar" time="5.918"/>
  <testcase classname="com.iselect.tests.GlobalHomePageTest" name="testMovingHouseBtnInFinanceButtonHover" time="4.66"/>
  <testcase classname="com.iselect.tests.GlobalHomePageTest" name="testMovingHouseBtnInHomeAndContents" time="5.576"/>
  <testcase classname="com.iselect.tests.GlobalHomePageTest" name="testOurCompanyLink" time="6.843"/>
  <testcase classname="com.iselect.tests.GlobalHomePageTest" name="testOverseasCoverInsuranceButton" time="5.258"/>
  <testcase classname="com.iselect.tests.GlobalHomePageTest" name="testPersonalLoansFinanceButtonHover" time="35.661">
    <failure type="org.openqa.selenium.NoSuchElementException" message="no such element: Unable to locate element: {&amp;quot;method&amp;quot;:&amp;quot;xpath&amp;quot;,&amp;quot;selector&amp;quot;:&amp;quot;//h1[text()=&amp;apos;Compare Personal Loans*&amp;apos;]&amp;quot;}
  (Session info: headless chrome=96.0.4664.110)
For documentation on this error, please visit: https://selenium.dev/exceptions/#no_such_element
Build info: version: &amp;apos;4.1.0&amp;apos;, revision: &amp;apos;87802e897b&amp;apos;
System info: host: &amp;apos;A3864L&amp;apos;, ip: &amp;apos;10.5.5.87&amp;apos;, os.name: &amp;apos;Windows 10&amp;apos;, os.arch: &amp;apos;amd64&amp;apos;, os.version: &amp;apos;10.0&amp;apos;, java.version: &amp;apos;17.0.1&amp;apos;
Driver info: org.openqa.selenium.chrome.ChromeDriver
Command: [e450c0c019ca1868d8eefd0aa6487d54, findElement {using=xpath, value=//h1[text()=&amp;apos;Compare Personal Loans*&amp;apos;]}]
Capabilities {acceptInsecureCerts: false, browserName: chrome, browserVersion: 96.0.4664.110, chrome: {chromedriverVersion: 96.0.4664.45 (76e4c1bb2ab46..., userDataDir: C:\Users\KARTHI~1.KAL\AppDa...}, goog:chromeOptions: {debuggerAddress: localhost:62866}, javascriptEnabled: true, networkConnectionEnabled: false, pageLoadStrategy: normal, platform: WINDOWS, platformName: WINDOWS, proxy: Proxy(), se:cdp: ws://localhost:62866/devtoo..., se:cdpVersion: 96.0.4664.110, setWindowRect: true, strictFileInteractability: false, timeouts: {implicit: 0, pageLoad: 300000, script: 30000}, unhandledPromptBehavior: dismiss and notify, webauthn:extension:credBlob: true, webauthn:extension:largeBlob: true, webauthn:virtualAuthenticators: true}
Session ID: e450c0c019ca1868d8eefd0aa6487d54">
      <![CDATA[org.openqa.selenium.NoSuchElementException: no such element: Unable to locate element: {"method":"xpath","selector":"//h1[text()='Compare Personal Loans*']"}
  (Session info: headless chrome=96.0.4664.110)
For documentation on this error, please visit: https://selenium.dev/exceptions/#no_such_element
Build info: version: '4.1.0', revision: '87802e897b'
System info: host: 'A3864L', ip: '10.5.5.87', os.name: 'Windows 10', os.arch: 'amd64', os.version: '10.0', java.version: '17.0.1'
Driver info: org.openqa.selenium.chrome.ChromeDriver
Command: [e450c0c019ca1868d8eefd0aa6487d54, findElement {using=xpath, value=//h1[text()='Compare Personal Loans*']}]
Capabilities {acceptInsecureCerts: false, browserName: chrome, browserVersion: 96.0.4664.110, chrome: {chromedriverVersion: 96.0.4664.45 (76e4c1bb2ab46..., userDataDir: C:\Users\KARTHI~1.KAL\AppDa...}, goog:chromeOptions: {debuggerAddress: localhost:62866}, javascriptEnabled: true, networkConnectionEnabled: false, pageLoadStrategy: normal, platform: WINDOWS, platformName: WINDOWS, proxy: Proxy(), se:cdp: ws://localhost:62866/devtoo..., se:cdpVersion: 96.0.4664.110, setWindowRect: true, strictFileInteractability: false, timeouts: {implicit: 0, pageLoad: 300000, script: 30000}, unhandledPromptBehavior: dismiss and notify, webauthn:extension:credBlob: true, webauthn:extension:largeBlob: true, webauthn:virtualAuthenticators: true}
Session ID: e450c0c019ca1868d8eefd0aa6487d54
at org.openqa.selenium.remote.codec.w3c.W3CHttpResponseCodec.createException(W3CHttpResponseCodec.java:200)
at org.openqa.selenium.remote.codec.w3c.W3CHttpResponseCodec.decode(W3CHttpResponseCodec.java:133)
at org.openqa.selenium.remote.codec.w3c.W3CHttpResponseCodec.decode(W3CHttpResponseCodec.java:53)
at org.openqa.selenium.remote.HttpCommandExecutor.execute(HttpCommandExecutor.java:184)
at org.openqa.selenium.remote.service.DriverCommandExecutor.invokeExecute(DriverCommandExecutor.java:164)
at org.openqa.selenium.remote.service.DriverCommandExecutor.execute(DriverCommandExecutor.java:139)
at org.openqa.selenium.remote.RemoteWebDriver.execute(RemoteWebDriver.java:559)
at org.openqa.selenium.remote.ElementLocation$ElementFinder$2.findElement(ElementLocation.java:162)
at org.openqa.selenium.remote.ElementLocation.findElement(ElementLocation.java:60)
at org.openqa.selenium.remote.RemoteWebDriver.findElement(RemoteWebDriver.java:383)
at org.openqa.selenium.remote.RemoteWebDriver.findElement(RemoteWebDriver.java:375)
at org.openqa.selenium.support.decorators.WebDriverDecorator.call(WebDriverDecorator.java:232)
at org.openqa.selenium.support.decorators.DefaultDecorated.call(DefaultDecorated.java:48)
at org.openqa.selenium.support.decorators.WebDriverDecorator.lambda$createProxy$0(WebDriverDecorator.java:294)
at jdk.proxy2/jdk.proxy2.$Proxy15.findElement(Unknown Source)
at org.openqa.selenium.support.pagefactory.DefaultElementLocator.findElement(DefaultElementLocator.java:70)
at org.openqa.selenium.support.pagefactory.internal.LocatingElementHandler.invoke(LocatingElementHandler.java:39)
at jdk.proxy2/jdk.proxy2.$Proxy21.isDisplayed(Unknown Source)
at com.iselect.pages.GlobalHomePage.verifyPersonalLoansFinanceButton(GlobalHomePage.java:1167)
at com.iselect.tests.GlobalHomePageTest.testPersonalLoansFinanceButtonHover(GlobalHomePageTest.java:91)
at java.base/java.util.ArrayList.forEach(ArrayList.java:1511)
at java.base/java.util.concurrent.FutureTask.run(FutureTask.java:264)
at java.base/java.util.concurrent.ThreadPoolExecutor.runWorker(ThreadPoolExecutor.java:1136)
at java.base/java.util.concurrent.ThreadPoolExecutor$Worker.run(ThreadPoolExecutor.java:635)
at java.base/java.lang.Thread.run(Thread.java:833)
... Removed 26 stack frames]]>
    </failure>
  </testcase> <!-- testPersonalLoansFinanceButtonHover -->
  <testcase classname="com.iselect.tests.GlobalHomePageTest" name="testPetInsuranceButton" time="5.23"/>
  <testcase classname="com.iselect.tests.GlobalHomePageTest" name="testPregnancyAndHealthInsuranceBtnInHealth" time="5.239"/>
  <testcase classname="com.iselect.tests.GlobalHomePageTest" name="testPregnancyAndNewBornCoverBtnInHealth" time="7.042"/>
  <testcase classname="com.iselect.tests.GlobalHomePageTest" name="testProfessionalIndemnityinsurance" time="6.635"/>
  <testcase classname="com.iselect.tests.GlobalHomePageTest" name="testPublicLiabilityInsuranceBtn" time="6.464"/>
  <testcase classname="com.iselect.tests.GlobalHomePageTest" name="testPublicLiabilityInsuranceBtnInNSW" time="5.849"/>
  <testcase classname="com.iselect.tests.GlobalHomePageTest" name="testPublicLiabilityInsuranceBtnInQLD" time="5.778"/>
  <testcase classname="com.iselect.tests.GlobalHomePageTest" name="testPublicLiabilityInsuranceBtnInSA" time="6.042"/>
  <testcase classname="com.iselect.tests.GlobalHomePageTest" name="testPublicLiabilityInsuranceBtnInWA" time="5.869"/>
  <testcase classname="com.iselect.tests.GlobalHomePageTest" name="testReadMoreButtonOnAmbulanceCoverTile" time="12.295"/>
  <testcase classname="com.iselect.tests.GlobalHomePageTest" name="testReadMoreButtonOnFindingSuitableInsCoverTile" time="7.024"/>
  <testcase classname="com.iselect.tests.GlobalHomePageTest" name="testReadMoreButtonOnHealthFundsCoverTile" time="7.544"/>
  <testcase classname="com.iselect.tests.GlobalHomePageTest" name="testReadMoreButtonOnLHCLoadingTile" time="10.314"/>
  <testcase classname="com.iselect.tests.GlobalHomePageTest" name="testReadMoreButtonOnPrivateHospitalCoverTile" time="11.113"/>
  <testcase classname="com.iselect.tests.GlobalHomePageTest" name="testRefinancehomeloans" time="9.207"/>
  <testcase classname="com.iselect.tests.GlobalHomePageTest" name="testSavingOnCarInsurancebtn" time="6.356"/>
  <testcase classname="com.iselect.tests.GlobalHomePageTest" name="testScheduleACallBtnInHealth" time="6.375"/>
  <testcase classname="com.iselect.tests.GlobalHomePageTest" name="testScheduleAcallBtnInBusinessLoans" time="9.049"/>
  <testcase classname="com.iselect.tests.GlobalHomePageTest" name="testSeniorsCarInsurance" time="5.974"/>
  <testcase classname="com.iselect.tests.GlobalHomePageTest" name="testSinglesCoverBtnInHealth" time="6.765"/>
  <testcase classname="com.iselect.tests.GlobalHomePageTest" name="testStampDutyBtn" time="9.218"/>
  <testcase classname="com.iselect.tests.GlobalHomePageTest" name="testSwitchingCarInsurancebtn" time="6.164"/>
  <testcase classname="com.iselect.tests.GlobalHomePageTest" name="testSwitchingHealthInsuranceBtnInHealth" time="6.484"/>
  <testcase classname="com.iselect.tests.GlobalHomePageTest" name="testTALIncomeProtection" time="6.19"/>
  <testcase classname="com.iselect.tests.GlobalHomePageTest" name="testTPDInsuranceBtnInLifeSection" time="8.923"/>
  <testcase classname="com.iselect.tests.GlobalHomePageTest" name="testTaxImplicationsBtnInHealth" time="19.259"/>
  <testcase classname="com.iselect.tests.GlobalHomePageTest" name="testTipsForBuyingCarInsurance" time="6.191"/>
  <testcase classname="com.iselect.tests.GlobalHomePageTest" name="testTipsForFirstTimeDrivers" time="5.91"/>
  <testcase classname="com.iselect.tests.GlobalHomePageTest" name="testTraumaInsuranceBtnInLifeSection" time="8.677"/>
  <testcase classname="com.iselect.tests.GlobalHomePageTest" name="testTravelInsuranceButton" time="6.278"/>
  <testcase classname="com.iselect.tests.GlobalHomePageTest" name="testTrustPilotReviewsInMainPage" time="51.522"/>
  <testcase classname="com.iselect.tests.GlobalHomePageTest" name="testTwitterLink" time="8.232"/>
  <testcase classname="com.iselect.tests.GlobalHomePageTest" name="testTypesOfLifeInsuranceInLifeSection" time="6.017"/>
  <testcase classname="com.iselect.tests.GlobalHomePageTest" name="testTypesOfcarInsurancebtn" time="6.404"/>
  <testcase classname="com.iselect.tests.GlobalHomePageTest" name="testUtilitiesBtnThenElecAndGasBtnInit" time="5.647"/>
  <testcase classname="com.iselect.tests.GlobalHomePageTest" name="testUtilitiesBtnThenInternetBtnInit" time="5.145"/>
  <testcase classname="com.iselect.tests.GlobalHomePageTest" name="testUtilitiesBtnThenMobilePlansBtnInit" time="4.924"/>
  <testcase classname="com.iselect.tests.GlobalHomePageTest" name="testUtilitiesBtnThenMovingHouseBtnInit" time="5.038"/>
  <testcase classname="com.iselect.tests.GlobalHomePageTest" name="testWhatIsLifeInsuranceBtnInLifeSection" time="5.943"/>
  <testcase classname="com.iselect.tests.GlobalHomePageTest" name="testWhyHealthInsuranceBtnInHealth" time="5.836"/>
  <testcase classname="com.iselect.tests.GlobalHomePageTest" name="testWhyLifeInsuranceBtnInLifeSection" time="6.11"/>
  <testcase classname="com.iselect.tests.GlobalHomePageTest" name="testWhyTimeSeemsToFlyAsWeGetOlder" time="8.55"/>
  <testcase classname="com.iselect.tests.GlobalHomePageTest" name="testYoutubeLink" time="8.639"/>
  <testcase classname="com.iselect.tests.GlobalHomePageTest" name="testclickFirstHomeBuyersbtn" time="5.874"/>
  <testcase classname="com.iselect.tests.GlobalHomePageTest" name="testclickFixedRateHomeLoansbtn" time="5.839"/>
  <testcase classname="com.iselect.tests.GlobalHomePageTest" name="testclickFixedVsVariableInterestbtn" time="5.224"/>
  <testcase classname="com.iselect.tests.GlobalHomePageTest" name="testclickInterestOnlyHomeLoansbtn" time="7.851"/>
  <testcase classname="com.iselect.tests.GlobalHomePageTest" name="testclickOn3gVs4gBtn" time="5.676"/>
  <testcase classname="com.iselect.tests.GlobalHomePageTest" name="testclickOnADSLTwoPlusBtn" time="7.444"/>
  <testcase classname="com.iselect.tests.GlobalHomePageTest" name="testclickOnAHomeOwnersGuideToHomeAndContentsInsurance" time="6.723"/>
  <testcase classname="com.iselect.tests.GlobalHomePageTest" name="testclickOnAnnualTravelInsurance" time="6.393"/>
  <testcase classname="com.iselect.tests.GlobalHomePageTest" name="testclickOnAusisBridgingVisaExplained" time="5.834"/>
  <testcase classname="com.iselect.tests.GlobalHomePageTest" name="testclickOnAusisEnergyQuotes" time="6.513"/>
  <testcase classname="com.iselect.tests.GlobalHomePageTest" name="testclickOnBenefitsOfHavingOVC" time="5.656"/>
  <testcase classname="com.iselect.tests.GlobalHomePageTest" name="testclickOnBroadBandPlansBtn" time="7.737"/>
  <testcase classname="com.iselect.tests.GlobalHomePageTest" name="testclickOnBusinessInBottomMenu" time="4.644"/>
  <testcase classname="com.iselect.tests.GlobalHomePageTest" name="testclickOnBusinessLoansInBottomMenu" time="4.452"/>
  <testcase classname="com.iselect.tests.GlobalHomePageTest" name="testclickOnCableInternetPlansBtn" time="8.892"/>
  <testcase classname="com.iselect.tests.GlobalHomePageTest" name="testclickOnCarInBottomMenu" time="10.272"/>
  <testcase classname="com.iselect.tests.GlobalHomePageTest" name="testclickOnCarLoansInBottomMenu" time="34.292">
    <failure type="org.openqa.selenium.NoSuchElementException" message="no such element: Unable to locate element: {&amp;quot;method&amp;quot;:&amp;quot;xpath&amp;quot;,&amp;quot;selector&amp;quot;:&amp;quot;//h1&amp;quot;}
  (Session info: headless chrome=96.0.4664.110)
For documentation on this error, please visit: https://selenium.dev/exceptions/#no_such_element
Build info: version: &amp;apos;4.1.0&amp;apos;, revision: &amp;apos;87802e897b&amp;apos;
System info: host: &amp;apos;A3864L&amp;apos;, ip: &amp;apos;10.5.5.87&amp;apos;, os.name: &amp;apos;Windows 10&amp;apos;, os.arch: &amp;apos;amd64&amp;apos;, os.version: &amp;apos;10.0&amp;apos;, java.version: &amp;apos;17.0.1&amp;apos;
Driver info: org.openqa.selenium.chrome.ChromeDriver
Command: [8336aa8f505d62a7823719acd1f5344c, findElement {using=xpath, value=//h1}]
Capabilities {acceptInsecureCerts: false, browserName: chrome, browserVersion: 96.0.4664.110, chrome: {chromedriverVersion: 96.0.4664.45 (76e4c1bb2ab46..., userDataDir: C:\Users\KARTHI~1.KAL\AppDa...}, goog:chromeOptions: {debuggerAddress: localhost:53195}, javascriptEnabled: true, networkConnectionEnabled: false, pageLoadStrategy: normal, platform: WINDOWS, platformName: WINDOWS, proxy: Proxy(), se:cdp: ws://localhost:53195/devtoo..., se:cdpVersion: 96.0.4664.110, setWindowRect: true, strictFileInteractability: false, timeouts: {implicit: 0, pageLoad: 300000, script: 30000}, unhandledPromptBehavior: dismiss and notify, webauthn:extension:credBlob: true, webauthn:extension:largeBlob: true, webauthn:virtualAuthenticators: true}
Session ID: 8336aa8f505d62a7823719acd1f5344c">
      <![CDATA[org.openqa.selenium.NoSuchElementException: no such element: Unable to locate element: {"method":"xpath","selector":"//h1"}
  (Session info: headless chrome=96.0.4664.110)
For documentation on this error, please visit: https://selenium.dev/exceptions/#no_such_element
Build info: version: '4.1.0', revision: '87802e897b'
System info: host: 'A3864L', ip: '10.5.5.87', os.name: 'Windows 10', os.arch: 'amd64', os.version: '10.0', java.version: '17.0.1'
Driver info: org.openqa.selenium.chrome.ChromeDriver
Command: [8336aa8f505d62a7823719acd1f5344c, findElement {using=xpath, value=//h1}]
Capabilities {acceptInsecureCerts: false, browserName: chrome, browserVersion: 96.0.4664.110, chrome: {chromedriverVersion: 96.0.4664.45 (76e4c1bb2ab46..., userDataDir: C:\Users\KARTHI~1.KAL\AppDa...}, goog:chromeOptions: {debuggerAddress: localhost:53195}, javascriptEnabled: true, networkConnectionEnabled: false, pageLoadStrategy: normal, platform: WINDOWS, platformName: WINDOWS, proxy: Proxy(), se:cdp: ws://localhost:53195/devtoo..., se:cdpVersion: 96.0.4664.110, setWindowRect: true, strictFileInteractability: false, timeouts: {implicit: 0, pageLoad: 300000, script: 30000}, unhandledPromptBehavior: dismiss and notify, webauthn:extension:credBlob: true, webauthn:extension:largeBlob: true, webauthn:virtualAuthenticators: true}
Session ID: 8336aa8f505d62a7823719acd1f5344c
at org.openqa.selenium.remote.codec.w3c.W3CHttpResponseCodec.createException(W3CHttpResponseCodec.java:200)
at org.openqa.selenium.remote.codec.w3c.W3CHttpResponseCodec.decode(W3CHttpResponseCodec.java:133)
at org.openqa.selenium.remote.codec.w3c.W3CHttpResponseCodec.decode(W3CHttpResponseCodec.java:53)
at org.openqa.selenium.remote.HttpCommandExecutor.execute(HttpCommandExecutor.java:184)
at org.openqa.selenium.remote.service.DriverCommandExecutor.invokeExecute(DriverCommandExecutor.java:164)
at org.openqa.selenium.remote.service.DriverCommandExecutor.execute(DriverCommandExecutor.java:139)
at org.openqa.selenium.remote.RemoteWebDriver.execute(RemoteWebDriver.java:559)
at org.openqa.selenium.remote.ElementLocation$ElementFinder$2.findElement(ElementLocation.java:162)
at org.openqa.selenium.remote.ElementLocation.findElement(ElementLocation.java:60)
at org.openqa.selenium.remote.RemoteWebDriver.findElement(RemoteWebDriver.java:383)
at org.openqa.selenium.remote.RemoteWebDriver.findElement(RemoteWebDriver.java:375)
at org.openqa.selenium.support.decorators.WebDriverDecorator.call(WebDriverDecorator.java:232)
at org.openqa.selenium.support.decorators.DefaultDecorated.call(DefaultDecorated.java:48)
at org.openqa.selenium.support.decorators.WebDriverDecorator.lambda$createProxy$0(WebDriverDecorator.java:294)
at jdk.proxy2/jdk.proxy2.$Proxy15.findElement(Unknown Source)
at org.openqa.selenium.support.pagefactory.DefaultElementLocator.findElement(DefaultElementLocator.java:70)
at org.openqa.selenium.support.pagefactory.internal.LocatingElementHandler.invoke(LocatingElementHandler.java:39)
at jdk.proxy2/jdk.proxy2.$Proxy21.getText(Unknown Source)
at com.iselect.pages.GlobalHomePage.clickOnCarLoansInBottomMenu(GlobalHomePage.java:3871)
at com.iselect.tests.GlobalHomePageTest.testclickOnCarLoansInBottomMenu(GlobalHomePageTest.java:1691)
at java.base/java.util.ArrayList.forEach(ArrayList.java:1511)
at java.base/java.util.concurrent.FutureTask.run(FutureTask.java:264)
at java.base/java.util.concurrent.ThreadPoolExecutor.runWorker(ThreadPoolExecutor.java:1136)
at java.base/java.util.concurrent.ThreadPoolExecutor$Worker.run(ThreadPoolExecutor.java:635)
at java.base/java.lang.Thread.run(Thread.java:833)
... Removed 26 stack frames]]>
    </failure>
  </testcase> <!-- testclickOnCarLoansInBottomMenu -->
  <testcase classname="com.iselect.tests.GlobalHomePageTest" name="testclickOnCheapInternetBtn" time="7.888"/>
  <testcase classname="com.iselect.tests.GlobalHomePageTest" name="testclickOnChooseRightBroadbandPlan" time="7.578"/>
  <testcase classname="com.iselect.tests.GlobalHomePageTest" name="testclickOnChooseRightNBNPlan" time="7.38"/>
  <testcase classname="com.iselect.tests.GlobalHomePageTest" name="testclickOnChoosingRightVisitorCover" time="5.609"/>
  <testcase classname="com.iselect.tests.GlobalHomePageTest" name="testclickOnClaimingHomeAndContents" time="5.991"/>
  <testcase classname="com.iselect.tests.GlobalHomePageTest" name="testclickOnCompareBroadbandBtn" time="5.376"/>
  <testcase classname="com.iselect.tests.GlobalHomePageTest" name="testclickOnCompareElecAndGasBtn" time="6.978"/>
  <testcase classname="com.iselect.tests.GlobalHomePageTest" name="testclickOnCompareMobilePlansBtn" time="5.918"/>
  <testcase classname="com.iselect.tests.GlobalHomePageTest" name="testclickOnComparePetInsurance" time="6.437"/>
  <testcase classname="com.iselect.tests.GlobalHomePageTest" name="testclickOnConnectingToNBNPlan" time="8.248"/>
  <testcase classname="com.iselect.tests.GlobalHomePageTest" name="testclickOnContentsInsurance" time="6.485"/>
  <testcase classname="com.iselect.tests.GlobalHomePageTest" name="testclickOnCostOfOwingAPetInsurance" time="5.709"/>
  <testcase classname="com.iselect.tests.GlobalHomePageTest" name="testclickOnCreditCardsInBottomMenu" time="34.287">
    <failure type="org.openqa.selenium.NoSuchElementException" message="no such element: Unable to locate element: {&amp;quot;method&amp;quot;:&amp;quot;xpath&amp;quot;,&amp;quot;selector&amp;quot;:&amp;quot;//h1&amp;quot;}
  (Session info: headless chrome=96.0.4664.110)
For documentation on this error, please visit: https://selenium.dev/exceptions/#no_such_element
Build info: version: &amp;apos;4.1.0&amp;apos;, revision: &amp;apos;87802e897b&amp;apos;
System info: host: &amp;apos;A3864L&amp;apos;, ip: &amp;apos;10.5.5.87&amp;apos;, os.name: &amp;apos;Windows 10&amp;apos;, os.arch: &amp;apos;amd64&amp;apos;, os.version: &amp;apos;10.0&amp;apos;, java.version: &amp;apos;17.0.1&amp;apos;
Driver info: org.openqa.selenium.chrome.ChromeDriver
Command: [1a599e8c912e5e6076ba9a43e32c754b, findElement {using=xpath, value=//h1}]
Capabilities {acceptInsecureCerts: false, browserName: chrome, browserVersion: 96.0.4664.110, chrome: {chromedriverVersion: 96.0.4664.45 (76e4c1bb2ab46..., userDataDir: C:\Users\KARTHI~1.KAL\AppDa...}, goog:chromeOptions: {debuggerAddress: localhost:54622}, javascriptEnabled: true, networkConnectionEnabled: false, pageLoadStrategy: normal, platform: WINDOWS, platformName: WINDOWS, proxy: Proxy(), se:cdp: ws://localhost:54622/devtoo..., se:cdpVersion: 96.0.4664.110, setWindowRect: true, strictFileInteractability: false, timeouts: {implicit: 0, pageLoad: 300000, script: 30000}, unhandledPromptBehavior: dismiss and notify, webauthn:extension:credBlob: true, webauthn:extension:largeBlob: true, webauthn:virtualAuthenticators: true}
Session ID: 1a599e8c912e5e6076ba9a43e32c754b">
      <![CDATA[org.openqa.selenium.NoSuchElementException: no such element: Unable to locate element: {"method":"xpath","selector":"//h1"}
  (Session info: headless chrome=96.0.4664.110)
For documentation on this error, please visit: https://selenium.dev/exceptions/#no_such_element
Build info: version: '4.1.0', revision: '87802e897b'
System info: host: 'A3864L', ip: '10.5.5.87', os.name: 'Windows 10', os.arch: 'amd64', os.version: '10.0', java.version: '17.0.1'
Driver info: org.openqa.selenium.chrome.ChromeDriver
Command: [1a599e8c912e5e6076ba9a43e32c754b, findElement {using=xpath, value=//h1}]
Capabilities {acceptInsecureCerts: false, browserName: chrome, browserVersion: 96.0.4664.110, chrome: {chromedriverVersion: 96.0.4664.45 (76e4c1bb2ab46..., userDataDir: C:\Users\KARTHI~1.KAL\AppDa...}, goog:chromeOptions: {debuggerAddress: localhost:54622}, javascriptEnabled: true, networkConnectionEnabled: false, pageLoadStrategy: normal, platform: WINDOWS, platformName: WINDOWS, proxy: Proxy(), se:cdp: ws://localhost:54622/devtoo..., se:cdpVersion: 96.0.4664.110, setWindowRect: true, strictFileInteractability: false, timeouts: {implicit: 0, pageLoad: 300000, script: 30000}, unhandledPromptBehavior: dismiss and notify, webauthn:extension:credBlob: true, webauthn:extension:largeBlob: true, webauthn:virtualAuthenticators: true}
Session ID: 1a599e8c912e5e6076ba9a43e32c754b
at org.openqa.selenium.remote.codec.w3c.W3CHttpResponseCodec.createException(W3CHttpResponseCodec.java:200)
at org.openqa.selenium.remote.codec.w3c.W3CHttpResponseCodec.decode(W3CHttpResponseCodec.java:133)
at org.openqa.selenium.remote.codec.w3c.W3CHttpResponseCodec.decode(W3CHttpResponseCodec.java:53)
at org.openqa.selenium.remote.HttpCommandExecutor.execute(HttpCommandExecutor.java:184)
at org.openqa.selenium.remote.service.DriverCommandExecutor.invokeExecute(DriverCommandExecutor.java:164)
at org.openqa.selenium.remote.service.DriverCommandExecutor.execute(DriverCommandExecutor.java:139)
at org.openqa.selenium.remote.RemoteWebDriver.execute(RemoteWebDriver.java:559)
at org.openqa.selenium.remote.ElementLocation$ElementFinder$2.findElement(ElementLocation.java:162)
at org.openqa.selenium.remote.ElementLocation.findElement(ElementLocation.java:60)
at org.openqa.selenium.remote.RemoteWebDriver.findElement(RemoteWebDriver.java:383)
at org.openqa.selenium.remote.RemoteWebDriver.findElement(RemoteWebDriver.java:375)
at org.openqa.selenium.support.decorators.WebDriverDecorator.call(WebDriverDecorator.java:232)
at org.openqa.selenium.support.decorators.DefaultDecorated.call(DefaultDecorated.java:48)
at org.openqa.selenium.support.decorators.WebDriverDecorator.lambda$createProxy$0(WebDriverDecorator.java:294)
at jdk.proxy2/jdk.proxy2.$Proxy15.findElement(Unknown Source)
at org.openqa.selenium.support.pagefactory.DefaultElementLocator.findElement(DefaultElementLocator.java:70)
at org.openqa.selenium.support.pagefactory.internal.LocatingElementHandler.invoke(LocatingElementHandler.java:39)
at jdk.proxy2/jdk.proxy2.$Proxy21.getText(Unknown Source)
at com.iselect.pages.GlobalHomePage.clickOnCreditCardsInBottomMenu(GlobalHomePage.java:3889)
at com.iselect.tests.GlobalHomePageTest.testclickOnCreditCardsInBottomMenu(GlobalHomePageTest.java:1697)
at java.base/java.util.ArrayList.forEach(ArrayList.java:1511)
at java.base/java.util.concurrent.FutureTask.run(FutureTask.java:264)
at java.base/java.util.concurrent.ThreadPoolExecutor.runWorker(ThreadPoolExecutor.java:1136)
at java.base/java.util.concurrent.ThreadPoolExecutor$Worker.run(ThreadPoolExecutor.java:635)
at java.base/java.lang.Thread.run(Thread.java:833)
... Removed 26 stack frames]]>
    </failure>
  </testcase> <!-- testclickOnCreditCardsInBottomMenu -->
  <testcase classname="com.iselect.tests.GlobalHomePageTest" name="testclickOnCruiseTravelInsurance" time="6.306"/>
  <testcase classname="com.iselect.tests.GlobalHomePageTest" name="testclickOnDebtConsolidationbtn" time="5.813"/>
  <testcase classname="com.iselect.tests.GlobalHomePageTest" name="testclickOnDisclaimer" time="4.003"/>
  <testcase classname="com.iselect.tests.GlobalHomePageTest" name="testclickOnDomesticTravelInsurance" time="5.892"/>
  <testcase classname="com.iselect.tests.GlobalHomePageTest" name="testclickOnEasyWaysToReduceElecBill" time="6.216"/>
  <testcase classname="com.iselect.tests.GlobalHomePageTest" name="testclickOnElecAndGasInBottomMenu" time="3.65"/>
  <testcase classname="com.iselect.tests.GlobalHomePageTest" name="testclickOnElectricityProviders" time="6.966"/>
  <testcase classname="com.iselect.tests.GlobalHomePageTest" name="testclickOnEnergyComparison" time="5.984"/>
  <testcase classname="com.iselect.tests.GlobalHomePageTest" name="testclickOnEnergyComparisonACT" time="5.925"/>
  <testcase classname="com.iselect.tests.GlobalHomePageTest" name="testclickOnEnergyComparisonNSW" time="7.123"/>
  <testcase classname="com.iselect.tests.GlobalHomePageTest" name="testclickOnEnergyComparisonQLD" time="6.481"/>
  <testcase classname="com.iselect.tests.GlobalHomePageTest" name="testclickOnEnergyComparisonSA" time="6.573"/>
  <testcase classname="com.iselect.tests.GlobalHomePageTest" name="testclickOnEnergyComparisonVIC" time="6.708"/>
  <testcase classname="com.iselect.tests.GlobalHomePageTest" name="testclickOnEnergySavingTips" time="6.445"/>
  <testcase classname="com.iselect.tests.GlobalHomePageTest" name="testclickOnFindACheaperEnergyPlan" time="6.631"/>
  <testcase classname="com.iselect.tests.GlobalHomePageTest" name="testclickOnFindEnergyFactsSheet" time="13.438"/>
  <testcase classname="com.iselect.tests.GlobalHomePageTest" name="testclickOnFindTheBestEnergyPlan" time="6.501"/>
  <testcase classname="com.iselect.tests.GlobalHomePageTest" name="testclickOnGetRightVetForYourPet" time="5.853"/>
  <testcase classname="com.iselect.tests.GlobalHomePageTest" name="testclickOnHealthInBottomMenu" time="4.718"/>
  <testcase classname="com.iselect.tests.GlobalHomePageTest" name="testclickOnHighSpeedInternetPlans" time="8.989"/>
  <testcase classname="com.iselect.tests.GlobalHomePageTest" name="testclickOnHomeAndContentsInBottomMenu" time="8.487"/>
  <testcase classname="com.iselect.tests.GlobalHomePageTest" name="testclickOnHomeAndContentsInsuranceFAQS" time="5.67"/>
  <testcase classname="com.iselect.tests.GlobalHomePageTest" name="testclickOnHomeLoanAppCheckListbtn" time="7.102"/>
  <testcase classname="com.iselect.tests.GlobalHomePageTest" name="testclickOnHomeLoanCalc" time="8.622"/>
  <testcase classname="com.iselect.tests.GlobalHomePageTest" name="testclickOnHomeLoansInBottomMenu" time="7.304"/>
  <testcase classname="com.iselect.tests.GlobalHomePageTest" name="testclickOnHowMuchCanIBorrowbtn" time="8.47"/>
  <testcase classname="com.iselect.tests.GlobalHomePageTest" name="testclickOnHowMuchDataBtn" time="5.748"/>
  <testcase classname="com.iselect.tests.GlobalHomePageTest" name="testclickOnHowToPurchaseOvc" time="5.729"/>
  <testcase classname="com.iselect.tests.GlobalHomePageTest" name="testclickOnHydroElec" time="6.056"/>
  <testcase classname="com.iselect.tests.GlobalHomePageTest" name="testclickOnIamMovingBtn" time="6.444"/>
  <testcase classname="com.iselect.tests.GlobalHomePageTest" name="testclickOnIncomeProtInBottomMenu" time="7.299"/>
  <testcase classname="com.iselect.tests.GlobalHomePageTest" name="testclickOnInsuranceForRenters" time="6.707"/>
  <testcase classname="com.iselect.tests.GlobalHomePageTest" name="testclickOnInternationalTravelInsurance" time="7.781"/>
  <testcase classname="com.iselect.tests.GlobalHomePageTest" name="testclickOnInternetDealsBtn" time="7.63"/>
  <testcase classname="com.iselect.tests.GlobalHomePageTest" name="testclickOnInternetGlossaryBtn" time="8.296"/>
  <testcase classname="com.iselect.tests.GlobalHomePageTest" name="testclickOnInternetInBottomMenu" time="4.202"/>
  <testcase classname="com.iselect.tests.GlobalHomePageTest" name="testclickOnInternetPlansBtn" time="8.119"/>
  <testcase classname="com.iselect.tests.GlobalHomePageTest" name="testclickOnInternetProvidersBtn" time="8.606"/>
  <testcase classname="com.iselect.tests.GlobalHomePageTest" name="testclickOnInternetSpeedBtn" time="8.488"/>
  <testcase classname="com.iselect.tests.GlobalHomePageTest" name="testclickOnLandlordInsurance" time="9.41"/>
  <testcase classname="com.iselect.tests.GlobalHomePageTest" name="testclickOnLifeInBottomMenu" time="3.723"/>
  <testcase classname="com.iselect.tests.GlobalHomePageTest" name="testclickOnMakeYourNextHouseMoveQuick" time="5.64"/>
  <testcase classname="com.iselect.tests.GlobalHomePageTest" name="testclickOnMobilePhoneTipsBtn" time="5.68"/>
  <testcase classname="com.iselect.tests.GlobalHomePageTest" name="testclickOnMobilePlansInBottomMenu" time="3.67"/>
  <testcase classname="com.iselect.tests.GlobalHomePageTest" name="testclickOnMovingHouseInBottomMenu" time="4.581"/>
  <testcase classname="com.iselect.tests.GlobalHomePageTest" name="testclickOnMovingHouseMakeItEasy" time="7.53"/>
  <testcase classname="com.iselect.tests.GlobalHomePageTest" name="testclickOnMovingWithYourPartner" time="5.673"/>
  <testcase classname="com.iselect.tests.GlobalHomePageTest" name="testclickOnNBNBtn" time="8.313"/>
  <testcase classname="com.iselect.tests.GlobalHomePageTest" name="testclickOnNBNPlansBtn" time="8.73"/>
  <testcase classname="com.iselect.tests.GlobalHomePageTest" name="testclickOnNakedDSLBtn" time="7.571"/>
  <testcase classname="com.iselect.tests.GlobalHomePageTest" name="testclickOnOVCInCompareOptions" time="5.919"/>
  <testcase classname="com.iselect.tests.GlobalHomePageTest" name="testclickOnOperatingSystemsBtn" time="5.637"/>
  <testcase classname="com.iselect.tests.GlobalHomePageTest" name="testclickOnOverseasStudentHealthCover" time="5.644"/>
  <testcase classname="com.iselect.tests.GlobalHomePageTest" name="testclickOnOverseasVisitorCoverInBottomMenu" time="4.095"/>
  <testcase classname="com.iselect.tests.GlobalHomePageTest" name="testclickOnOverseasVisitorHealthInsurance" time="5.835"/>
  <testcase classname="com.iselect.tests.GlobalHomePageTest" name="testclickOnPermanentResidencyExplained" time="5.654"/>
  <testcase classname="com.iselect.tests.GlobalHomePageTest" name="testclickOnPersonalAccidentInsurance" time="5.94"/>
  <testcase classname="com.iselect.tests.GlobalHomePageTest" name="testclickOnPersonalLoansInBottomMenu" time="34.359">
    <failure type="org.openqa.selenium.NoSuchElementException" message="no such element: Unable to locate element: {&amp;quot;method&amp;quot;:&amp;quot;xpath&amp;quot;,&amp;quot;selector&amp;quot;:&amp;quot;//h1&amp;quot;}
  (Session info: headless chrome=96.0.4664.110)
For documentation on this error, please visit: https://selenium.dev/exceptions/#no_such_element
Build info: version: &amp;apos;4.1.0&amp;apos;, revision: &amp;apos;87802e897b&amp;apos;
System info: host: &amp;apos;A3864L&amp;apos;, ip: &amp;apos;10.5.5.87&amp;apos;, os.name: &amp;apos;Windows 10&amp;apos;, os.arch: &amp;apos;amd64&amp;apos;, os.version: &amp;apos;10.0&amp;apos;, java.version: &amp;apos;17.0.1&amp;apos;
Driver info: org.openqa.selenium.chrome.ChromeDriver
Command: [4d1887d89730044e8052a43f459e909d, findElement {using=xpath, value=//h1}]
Capabilities {acceptInsecureCerts: false, browserName: chrome, browserVersion: 96.0.4664.110, chrome: {chromedriverVersion: 96.0.4664.45 (76e4c1bb2ab46..., userDataDir: C:\Users\KARTHI~1.KAL\AppDa...}, goog:chromeOptions: {debuggerAddress: localhost:60758}, javascriptEnabled: true, networkConnectionEnabled: false, pageLoadStrategy: normal, platform: WINDOWS, platformName: WINDOWS, proxy: Proxy(), se:cdp: ws://localhost:60758/devtoo..., se:cdpVersion: 96.0.4664.110, setWindowRect: true, strictFileInteractability: false, timeouts: {implicit: 0, pageLoad: 300000, script: 30000}, unhandledPromptBehavior: dismiss and notify, webauthn:extension:credBlob: true, webauthn:extension:largeBlob: true, webauthn:virtualAuthenticators: true}
Session ID: 4d1887d89730044e8052a43f459e909d">
      <![CDATA[org.openqa.selenium.NoSuchElementException: no such element: Unable to locate element: {"method":"xpath","selector":"//h1"}
  (Session info: headless chrome=96.0.4664.110)
For documentation on this error, please visit: https://selenium.dev/exceptions/#no_such_element
Build info: version: '4.1.0', revision: '87802e897b'
System info: host: 'A3864L', ip: '10.5.5.87', os.name: 'Windows 10', os.arch: 'amd64', os.version: '10.0', java.version: '17.0.1'
Driver info: org.openqa.selenium.chrome.ChromeDriver
Command: [4d1887d89730044e8052a43f459e909d, findElement {using=xpath, value=//h1}]
Capabilities {acceptInsecureCerts: false, browserName: chrome, browserVersion: 96.0.4664.110, chrome: {chromedriverVersion: 96.0.4664.45 (76e4c1bb2ab46..., userDataDir: C:\Users\KARTHI~1.KAL\AppDa...}, goog:chromeOptions: {debuggerAddress: localhost:60758}, javascriptEnabled: true, networkConnectionEnabled: false, pageLoadStrategy: normal, platform: WINDOWS, platformName: WINDOWS, proxy: Proxy(), se:cdp: ws://localhost:60758/devtoo..., se:cdpVersion: 96.0.4664.110, setWindowRect: true, strictFileInteractability: false, timeouts: {implicit: 0, pageLoad: 300000, script: 30000}, unhandledPromptBehavior: dismiss and notify, webauthn:extension:credBlob: true, webauthn:extension:largeBlob: true, webauthn:virtualAuthenticators: true}
Session ID: 4d1887d89730044e8052a43f459e909d
at org.openqa.selenium.remote.codec.w3c.W3CHttpResponseCodec.createException(W3CHttpResponseCodec.java:200)
at org.openqa.selenium.remote.codec.w3c.W3CHttpResponseCodec.decode(W3CHttpResponseCodec.java:133)
at org.openqa.selenium.remote.codec.w3c.W3CHttpResponseCodec.decode(W3CHttpResponseCodec.java:53)
at org.openqa.selenium.remote.HttpCommandExecutor.execute(HttpCommandExecutor.java:184)
at org.openqa.selenium.remote.service.DriverCommandExecutor.invokeExecute(DriverCommandExecutor.java:164)
at org.openqa.selenium.remote.service.DriverCommandExecutor.execute(DriverCommandExecutor.java:139)
at org.openqa.selenium.remote.RemoteWebDriver.execute(RemoteWebDriver.java:559)
at org.openqa.selenium.remote.ElementLocation$ElementFinder$2.findElement(ElementLocation.java:162)
at org.openqa.selenium.remote.ElementLocation.findElement(ElementLocation.java:60)
at org.openqa.selenium.remote.RemoteWebDriver.findElement(RemoteWebDriver.java:383)
at org.openqa.selenium.remote.RemoteWebDriver.findElement(RemoteWebDriver.java:375)
at org.openqa.selenium.support.decorators.WebDriverDecorator.call(WebDriverDecorator.java:232)
at org.openqa.selenium.support.decorators.DefaultDecorated.call(DefaultDecorated.java:48)
at org.openqa.selenium.support.decorators.WebDriverDecorator.lambda$createProxy$0(WebDriverDecorator.java:294)
at jdk.proxy2/jdk.proxy2.$Proxy15.findElement(Unknown Source)
at org.openqa.selenium.support.pagefactory.DefaultElementLocator.findElement(DefaultElementLocator.java:70)
at org.openqa.selenium.support.pagefactory.internal.LocatingElementHandler.invoke(LocatingElementHandler.java:39)
at jdk.proxy2/jdk.proxy2.$Proxy21.getText(Unknown Source)
at com.iselect.pages.GlobalHomePage.clickOnPersonalLoansInBottomMenu(GlobalHomePage.java:3877)
at com.iselect.tests.GlobalHomePageTest.testclickOnPersonalLoansInBottomMenu(GlobalHomePageTest.java:1685)
at java.base/java.util.ArrayList.forEach(ArrayList.java:1511)
at java.base/java.util.concurrent.FutureTask.run(FutureTask.java:264)
at java.base/java.util.concurrent.ThreadPoolExecutor.runWorker(ThreadPoolExecutor.java:1136)
at java.base/java.util.concurrent.ThreadPoolExecutor$Worker.run(ThreadPoolExecutor.java:635)
at java.base/java.lang.Thread.run(Thread.java:833)
... Removed 26 stack frames]]>
    </failure>
  </testcase> <!-- testclickOnPersonalLoansInBottomMenu -->
  <testcase classname="com.iselect.tests.GlobalHomePageTest" name="testclickOnPetInBottomMenu" time="3.61"/>
  <testcase classname="com.iselect.tests.GlobalHomePageTest" name="testclickOnPhoneAndInternetBundlesBtn" time="5.91"/>
  <testcase classname="com.iselect.tests.GlobalHomePageTest" name="testclickOnPolicyDetails" time="5.679"/>
  <testcase classname="com.iselect.tests.GlobalHomePageTest" name="testclickOnPrivacyPolicy" time="2.862"/>
  <testcase classname="com.iselect.tests.GlobalHomePageTest" name="testclickOnProvidersBtn" time="5.834"/>
  <testcase classname="com.iselect.tests.GlobalHomePageTest" name="testclickOnReciprocalHealthCareAgreements" time="5.674"/>
  <testcase classname="com.iselect.tests.GlobalHomePageTest" name="testclickOnRenewableEnergy" time="6.073"/>
  <testcase classname="com.iselect.tests.GlobalHomePageTest" name="testclickOnReviewingPetInsurance" time="5.655"/>
  <testcase classname="com.iselect.tests.GlobalHomePageTest" name="testclickOnSaveElectricity" time="5.98"/>
  <testcase classname="com.iselect.tests.GlobalHomePageTest" name="testclickOnSolarEnergy" time="6.561"/>
  <testcase classname="com.iselect.tests.GlobalHomePageTest" name="testclickOnTenMortagageRepaybtn" time="5.956"/>
  <testcase classname="com.iselect.tests.GlobalHomePageTest" name="testclickOnTenTipsForFinanciallySavyRenovatersbtn" time="5.742"/>
  <testcase classname="com.iselect.tests.GlobalHomePageTest" name="testclickOnTravelInBottomMenu" time="4.698"/>
  <testcase classname="com.iselect.tests.GlobalHomePageTest" name="testclickOnUnderstandingMobileGargonsBtn" time="5.644"/>
  <testcase classname="com.iselect.tests.GlobalHomePageTest" name="testclickOnViewBasicPlanInfo" time="13.138"/>
  <testcase classname="com.iselect.tests.GlobalHomePageTest" name="testclickOnVisaReq" time="5.575"/>
  <testcase classname="com.iselect.tests.GlobalHomePageTest" name="testclickOnWaitingPeriods" time="5.745"/>
  <testcase classname="com.iselect.tests.GlobalHomePageTest" name="testclickOnWhatIsADSLAndADSLTwoPlus" time="8.589"/>
  <testcase classname="com.iselect.tests.GlobalHomePageTest" name="testclickOnWhatIsDogInsurance" time="5.987"/>
  <testcase classname="com.iselect.tests.GlobalHomePageTest" name="testclickOnWhatIsPetInsurance" time="5.813"/>
  <testcase classname="com.iselect.tests.GlobalHomePageTest" name="testclickOnWindEnergy" time="5.873"/>
  <testcase classname="com.iselect.tests.GlobalHomePageTest" name="testclickOnWirelessInternetBtn" time="8.65"/>
  <testcase classname="com.iselect.tests.GlobalHomePageTest" name="testclickOnWirelessInternetPlansBtn" time="7.705"/>
  <testcase classname="com.iselect.tests.GlobalHomePageTest" name="testclickOnmobileBroadbandBtn" time="8.552"/>
  <testcase classname="com.iselect.tests.GlobalHomePageTest" name="testclickOnwhatIsCatInsurance" time="5.618"/>
  <testcase classname="com.iselect.tests.GlobalHomePageTest" name="testclickPropertyInvestmentbtn" time="5.929"/>
  <testcase classname="com.iselect.tests.GlobalHomePageTest" name="testclickShouldIUseMortagageBrokerbtn" time="5.893"/>
  <testcase classname="com.iselect.tests.GlobalHomePageTest" name="testclickStampDutyCalcBtn" time="9.022"/>
  <testcase classname="com.iselect.tests.GlobalHomePageTest" name="testclickTermsAndConditions" time="2.991"/>
  <testcase classname="com.iselect.tests.GlobalHomePageTest" name="testclickVariableRateHomeLoansbtn" time="7.695"/>
  <testcase classname="com.iselect.tests.GlobalHomePageTest" name="testfindASuitableLifeInsPolicyInLifeSection" time="5.88"/>
  <testcase classname="com.iselect.tests.GlobalHomePageTest" name="testiSelectPartnerOfYearText" time="3.559"/>
</testsuite> <!-- Regression -->
